-------------------------------------------------------------------------------
Test set: org.cs362.dominion.GameState_ESTest
-------------------------------------------------------------------------------
Tests run: 15, Failures: 0, Errors: 13, Skipped: 0, Time elapsed: 0.656 sec <<< FAILURE! - in org.cs362.dominion.GameState_ESTest
test09(org.cs362.dominion.GameState_ESTest)  Time elapsed: 0.047 sec  <<< ERROR!
java.lang.NoClassDefFoundError: org/cs362/dominion/Card$CardName
	at java.lang.ClassLoader.defineClass1(Native Method)
	at java.lang.ClassLoader.defineClass(ClassLoader.java:763)
	at java.lang.ClassLoader.defineClass(ClassLoader.java:642)
	at org.evosuite.runtime.instrumentation.EvoClassLoader.instrumentClass(EvoClassLoader.java:116)
	at org.evosuite.runtime.instrumentation.EvoClassLoader.loadClass(EvoClassLoader.java:92)
	at org.cs362.dominion.GameState_ESTest.test09(GameState_ESTest.java:219)

test07(org.cs362.dominion.GameState_ESTest)  Time elapsed: 0.047 sec  <<< ERROR!
java.lang.NoClassDefFoundError: org/cs362/dominion/Card$CardName
	at java.lang.ClassLoader.defineClass1(Native Method)
	at java.lang.ClassLoader.defineClass(ClassLoader.java:763)
	at java.lang.ClassLoader.defineClass(ClassLoader.java:642)
	at org.evosuite.runtime.instrumentation.EvoClassLoader.instrumentClass(EvoClassLoader.java:116)
	at org.evosuite.runtime.instrumentation.EvoClassLoader.loadClass(EvoClassLoader.java:92)
	at org.cs362.dominion.GameState_ESTest.test07(GameState_ESTest.java:176)

test06(org.cs362.dominion.GameState_ESTest)  Time elapsed: 0.031 sec  <<< ERROR!
java.lang.NoClassDefFoundError: org/cs362/dominion/Card$CardName
	at java.lang.ClassLoader.defineClass1(Native Method)
	at java.lang.ClassLoader.defineClass(ClassLoader.java:763)
	at java.lang.ClassLoader.defineClass(ClassLoader.java:642)
	at org.evosuite.runtime.instrumentation.EvoClassLoader.instrumentClass(EvoClassLoader.java:116)
	at org.evosuite.runtime.instrumentation.EvoClassLoader.loadClass(EvoClassLoader.java:92)
	at org.cs362.dominion.GameState.isGameOver(GameState.java:107)
	at org.cs362.dominion.GameState.play(GameState.java:83)
	at org.cs362.dominion.GameState_ESTest.test06(GameState_ESTest.java:163)

test04(org.cs362.dominion.GameState_ESTest)  Time elapsed: 0.031 sec  <<< ERROR!
java.lang.NoClassDefFoundError: org/cs362/dominion/Card$CardName
	at org.cs362.dominion.GameState.isGameOver(GameState.java:107)
	at org.cs362.dominion.GameState_ESTest.test04(GameState_ESTest.java:113)

test03(org.cs362.dominion.GameState_ESTest)  Time elapsed: 0.032 sec  <<< ERROR!
java.lang.NoClassDefFoundError: org/cs362/dominion/Card$Type
	at java.lang.ClassLoader.defineClass1(Native Method)
	at java.lang.ClassLoader.defineClass(ClassLoader.java:763)
	at java.lang.ClassLoader.defineClass(ClassLoader.java:642)
	at org.evosuite.runtime.instrumentation.EvoClassLoader.instrumentClass(EvoClassLoader.java:116)
	at org.evosuite.runtime.instrumentation.EvoClassLoader.loadClass(EvoClassLoader.java:92)
	at org.cs362.dominion.GameState_ESTest.test03(GameState_ESTest.java:90)

test14(org.cs362.dominion.GameState_ESTest)  Time elapsed: 0.046 sec  <<< ERROR!
java.lang.NoClassDefFoundError: org/cs362/dominion/Card$CardName
	at java.lang.ClassLoader.defineClass1(Native Method)
	at java.lang.ClassLoader.defineClass(ClassLoader.java:763)
	at java.lang.ClassLoader.defineClass(ClassLoader.java:642)
	at org.evosuite.runtime.instrumentation.EvoClassLoader.instrumentClass(EvoClassLoader.java:116)
	at org.evosuite.runtime.instrumentation.EvoClassLoader.loadClass(EvoClassLoader.java:92)
	at org.cs362.dominion.GameState_ESTest.test14(GameState_ESTest.java:321)

test02(org.cs362.dominion.GameState_ESTest)  Time elapsed: 0.047 sec  <<< ERROR!
java.lang.NoClassDefFoundError: org/cs362/dominion/Card$Type
	at org.cs362.dominion.GameState_ESTest.test02(GameState_ESTest.java:72)

test13(org.cs362.dominion.GameState_ESTest)  Time elapsed: 0.032 sec  <<< ERROR!
java.lang.NoClassDefFoundError: org/cs362/dominion/Card$CardName
	at java.lang.ClassLoader.defineClass1(Native Method)
	at java.lang.ClassLoader.defineClass(ClassLoader.java:763)
	at java.lang.ClassLoader.defineClass(ClassLoader.java:642)
	at org.evosuite.runtime.instrumentation.EvoClassLoader.instrumentClass(EvoClassLoader.java:116)
	at org.evosuite.runtime.instrumentation.EvoClassLoader.loadClass(EvoClassLoader.java:92)
	at org.cs362.dominion.GameState_ESTest.test13(GameState_ESTest.java:308)

test01(org.cs362.dominion.GameState_ESTest)  Time elapsed: 0.031 sec  <<< ERROR!
java.lang.NoClassDefFoundError: org/cs362/dominion/Card$CardName
	at java.lang.ClassLoader.defineClass1(Native Method)
	at java.lang.ClassLoader.defineClass(ClassLoader.java:763)
	at java.lang.ClassLoader.defineClass(ClassLoader.java:642)
	at org.evosuite.runtime.instrumentation.EvoClassLoader.instrumentClass(EvoClassLoader.java:116)
	at org.evosuite.runtime.instrumentation.EvoClassLoader.loadClass(EvoClassLoader.java:92)
	at org.cs362.dominion.GameState_ESTest.test01(GameState_ESTest.java:44)

test12(org.cs362.dominion.GameState_ESTest)  Time elapsed: 0.047 sec  <<< ERROR!
java.lang.NoClassDefFoundError: org/cs362/dominion/Card$CardName
	at java.lang.ClassLoader.defineClass1(Native Method)
	at java.lang.ClassLoader.defineClass(ClassLoader.java:763)
	at java.lang.ClassLoader.defineClass(ClassLoader.java:642)
	at org.evosuite.runtime.instrumentation.EvoClassLoader.instrumentClass(EvoClassLoader.java:116)
	at org.evosuite.runtime.instrumentation.EvoClassLoader.loadClass(EvoClassLoader.java:92)
	at org.cs362.dominion.GameState_ESTest.test12(GameState_ESTest.java:257)

test00(org.cs362.dominion.GameState_ESTest)  Time elapsed: 0.047 sec  <<< ERROR!
java.lang.NoClassDefFoundError: org/cs362/dominion/Card$CardName
	at java.lang.ClassLoader.defineClass1(Native Method)
	at java.lang.ClassLoader.defineClass(ClassLoader.java:763)
	at java.lang.ClassLoader.defineClass(ClassLoader.java:642)
	at org.evosuite.runtime.instrumentation.EvoClassLoader.instrumentClass(EvoClassLoader.java:116)
	at org.evosuite.runtime.instrumentation.EvoClassLoader.loadClass(EvoClassLoader.java:92)
	at org.cs362.dominion.GameState_ESTest.test00(GameState_ESTest.java:30)

test11(org.cs362.dominion.GameState_ESTest)  Time elapsed: 0.031 sec  <<< ERROR!
java.lang.NoClassDefFoundError: org/cs362/dominion/Card$Type
	at org.cs362.dominion.GameState_ESTest.test11(GameState_ESTest.java:250)

test10(org.cs362.dominion.GameState_ESTest)  Time elapsed: 0.031 sec  <<< ERROR!
java.lang.NoClassDefFoundError: org/cs362/dominion/Card$Type
	at org.cs362.dominion.GameState_ESTest.test10(GameState_ESTest.java:237)

