<?xml version="1.0" encoding="UTF-8"?>
<testsuite name="org.cs362.dominion.Randomness_ESTest" time="0" tests="1" errors="1" skipped="0" failures="0">
  <properties>
[...]
</properties>
  <testcase name="initializationError" classname="org.cs362.dominion.Randomness_ESTest" time="0">
    <error message="Type EvoRunner not present" type="java.lang.TypeNotPresentException">java.lang.TypeNotPresentException: Type EvoRunner not present
	at sun.reflect.annotation.TypeNotPresentExceptionProxy.generateException(TypeNotPresentExceptionProxy.java:46)
	at sun.reflect.annotation.AnnotationInvocationHandler.invoke(AnnotationInvocationHandler.java:84)
	at com.sun.proxy.$Proxy2.value(Unknown Source)
	at org.junit.internal.builders.AnnotatedBuilder.runnerForClass(AnnotatedBuilder.java:86)
	at org.junit.runners.model.RunnerBuilder.safeRunnerForClass(RunnerBuilder.java:59)
	at org.junit.internal.builders.AllDefaultPossibilitiesBuilder.runnerForClass(AllDefaultPossibilitiesBuilder.java:26)
	at org.junit.runners.model.RunnerBuilder.safeRunnerForClass(RunnerBuilder.java:59)
	at org.junit.internal.requests.ClassRequest.getRunner(ClassRequest.java:33)
	at org.apache.maven.surefire.junit4.JUnit4Provider.execute(JUnit4Provider.java:262)
	at org.apache.maven.surefire.junit4.JUnit4Provider.executeTestSet(JUnit4Provider.java:153)
	at org.apache.maven.surefire.junit4.JUnit4Provider.invoke(JUnit4Provider.java:124)
	at org.apache.maven.surefire.booter.ForkedBooter.invokeProviderInSameClassLoader(ForkedBooter.java:200)
	at org.apache.maven.surefire.booter.ForkedBooter.runSuitesInProcess(ForkedBooter.java:153)
	at org.apache.maven.surefire.booter.ForkedBooter.main(ForkedBooter.java:103)
Caused by: java.lang.ClassNotFoundException: EvoRunner
	at java.net.URLClassLoader.findClass(URLClassLoader.java:381)
	at java.lang.ClassLoader.loadClass(ClassLoader.java:424)
	at sun.misc.Launcher$AppClassLoader.loadClass(Launcher.java:331)
	at java.lang.ClassLoader.loadClass(ClassLoader.java:357)
	at java.lang.Class.forName0(Native Method)
	at java.lang.Class.forName(Class.java:348)
	at sun.reflect.generics.factory.CoreReflectionFactory.makeNamedType(CoreReflectionFactory.java:114)
	at sun.reflect.generics.visitor.Reifier.visitClassTypeSignature(Reifier.java:125)
	at sun.reflect.generics.tree.ClassTypeSignature.accept(ClassTypeSignature.java:49)
	at sun.reflect.annotation.AnnotationParser.parseSig(AnnotationParser.java:439)
	at sun.reflect.annotation.AnnotationParser.parseClassValue(AnnotationParser.java:420)
	at sun.reflect.annotation.AnnotationParser.parseMemberValue(AnnotationParser.java:349)
	at sun.reflect.annotation.AnnotationParser.parseAnnotation2(AnnotationParser.java:286)
	at sun.reflect.annotation.AnnotationParser.parseAnnotations2(AnnotationParser.java:120)
	at sun.reflect.annotation.AnnotationParser.parseAnnotations(AnnotationParser.java:72)
	at java.lang.Class.createAnnotationData(Class.java:3521)
	at java.lang.Class.annotationData(Class.java:3510)
	at java.lang.Class.getAnnotation(Class.java:3415)
	at org.apache.maven.surefire.common.junit4.JUnit4TestChecker.isValidJUnit4Test(JUnit4TestChecker.java:65)
	at org.apache.maven.surefire.common.junit4.JUnit4TestChecker.accept(JUnit4TestChecker.java:52)
	at org.apache.maven.surefire.util.DefaultScanResult.applyFilter(DefaultScanResult.java:97)
	at org.apache.maven.surefire.junit4.JUnit4Provider.scanClassPath(JUnit4Provider.java:206)
	at org.apache.maven.surefire.junit4.JUnit4Provider.invoke(JUnit4Provider.java:103)
	at org.apache.maven.surefire.booter.ForkedBooter.invokeProviderInSameClassLoader(ForkedBooter.java:200)
	at org.apache.maven.surefire.booter.ForkedBooter.runSuitesInProcess(ForkedBooter.java:153)
	at org.apache.maven.surefire.booter.ForkedBooter.main(ForkedBooter.java:103)
</error>
    <system-out><![CDATA[[INFO] Seeing class for first time: org.cs362.dominion.Randomness_ESTest
[INFO] Instrumenting class 'org.cs362.dominion.Randomness_ESTest'.
[INFO] Adding mock interface to class org/cs362/dominion/Randomness_ESTest
[INFO] No hashCode defined for: org/cs362/dominion/Randomness_ESTest, superclass = org.cs362.dominion.Randomness_ESTest_scaffolding
[INFO] Creating brand-new static initializer in class org/cs362/dominion/Randomness_ESTest
[INFO] Seeing class for first time: org.cs362.dominion.Randomness_ESTest_scaffolding
[INFO] Instrumenting class 'org.cs362.dominion.Randomness_ESTest_scaffolding'.
[INFO] Adding mock interface to class org/cs362/dominion/Randomness_ESTest_scaffolding
[INFO] No hashCode defined for: org/cs362/dominion/Randomness_ESTest_scaffolding, superclass = java.lang.Object
[INFO] Creating brand-new static initializer in class org/cs362/dominion/Randomness_ESTest_scaffolding
[INFO] Adding bytecode for initializing field defaultProperties
[INFO] Keeping class: org.cs362.dominion.Randomness_ESTest_scaffolding
[INFO] Keeping class: org.cs362.dominion.Randomness_ESTest
]]></system-out>
  </testcase>
</testsuite>