<?xml version="1.0" encoding="UTF-8"?>
<testsuite name="maven.dominion_v2.GameState_ESTest" time="0.139" tests="11" errors="0" skipped="0" failures="0">
  <properties>
[...]
</properties>
  <testcase name="test03" classname="maven.dominion_v2.GameState_ESTest" time="0"/>
  <testcase name="test02" classname="maven.dominion_v2.GameState_ESTest" time="0"/>
  <testcase name="test05" classname="maven.dominion_v2.GameState_ESTest" time="0"/>
  <testcase name="test04" classname="maven.dominion_v2.GameState_ESTest" time="0"/>
  <testcase name="test10" classname="maven.dominion_v2.GameState_ESTest" time="0.114"/>
  <testcase name="test01" classname="maven.dominion_v2.GameState_ESTest" time="0"/>
  <testcase name="test00" classname="maven.dominion_v2.GameState_ESTest" time="0.025"/>
  <testcase name="test07" classname="maven.dominion_v2.GameState_ESTest" time="0"/>
  <testcase name="test06" classname="maven.dominion_v2.GameState_ESTest" time="0"/>
  <testcase name="test09" classname="maven.dominion_v2.GameState_ESTest" time="0"/>
  <testcase name="test08" classname="maven.dominion_v2.GameState_ESTest" time="0"/>
</testsuite>