<?xml version="1.0" encoding="UTF-8"?>
<testsuite name="org.cs362.dominion.Card_ESTest" time="0.365" tests="28" errors="28" skipped="0" failures="0">
  <properties>
[...]
</properties>
  <testcase name="test17" classname="org.cs362.dominion.Card_ESTest" time="0.025">
    <error message="org/cs362/dominion/Card$CardName" type="java.lang.NoClassDefFoundError">java.lang.NoClassDefFoundError: org/cs362/dominion/Card$CardName
	at java.lang.ClassLoader.defineClass1(Native Method)
	at java.lang.ClassLoader.defineClass(ClassLoader.java:763)
	at java.lang.ClassLoader.defineClass(ClassLoader.java:642)
	at org.evosuite.runtime.instrumentation.EvoClassLoader.instrumentClass(EvoClassLoader.java:116)
	at org.evosuite.runtime.instrumentation.EvoClassLoader.loadClass(EvoClassLoader.java:92)
	at org.cs362.dominion.Card_ESTest.test17(Card_ESTest.java:200)
</error>
    <system-out><![CDATA[[INFO] Seeing class for first time: org.cs362.dominion.Card_ESTest
[INFO] Instrumenting class 'org.cs362.dominion.Card_ESTest'.
[INFO] Seeing class for first time: org.cs362.dominion.Card_ESTest_scaffolding
[INFO] Instrumenting class 'org.cs362.dominion.Card_ESTest_scaffolding'.
[INFO] Keeping class: org.cs362.dominion.Card_ESTest_scaffolding
[INFO] Keeping class: org.cs362.dominion.Card_ESTest
[DEBUG] Adding privileged thread: "Reference Handler"
[DEBUG] Adding privileged thread: "Finalizer"
[DEBUG] Adding privileged thread: "Signal Dispatcher"
[DEBUG] Adding privileged thread: "Attach Listener"
[DEBUG] Adding privileged thread: "Java2D Disposer"
[DEBUG] Adding privileged thread: "AWT-Shutdown"
[DEBUG] Adding privileged thread: "AWT-Windows"
[DEBUG] Adding privileged thread: "main"
[INFO] Seeing class for first time: org.cs362.dominion.Card
[INFO] Instrumenting class 'org.cs362.dominion.Card'.
[INFO] Adding mock interface to class org/cs362/dominion/Card
[INFO] No hashCode defined for: org/cs362/dominion/Card, superclass = java.lang.Object
[INFO] Creating brand-new static initializer in class org/cs362/dominion/Card
[DEBUG] Going to instrument: org.cs362.dominion.Card
[INFO] Keeping class: org.cs362.dominion.Card
[INFO] Seeing class for first time: org.cs362.dominion.Card$CardName
[INFO] Instrumenting class 'org.cs362.dominion.Card$CardName'.
[INFO] Adding mock interface to class org/cs362/dominion/Card$CardName
[INFO] Found static initializer in class org/cs362/dominion/Card$CardName
[INFO] No hashCode defined for: org/cs362/dominion/Card$CardName, superclass = java.lang.Enum
[DEBUG] Going to instrument: org.cs362.dominion.Card$CardName
[INFO] Found static initializer in class org/cs362/dominion/Card$CardName
[INFO] No hashCode defined for: org/cs362/dominion/Card$CardName, superclass = java.lang.Enum
[INFO] Error while loading class: java.lang.ClassFormatError: Duplicate method name&signature in class file org/cs362/dominion/Card$CardName
[ERROR] Could not initialize org.cs362.dominion.Card: org/cs362/dominion/Card$CardName
[INFO] Seeing class for first time: org.cs362.dominion.GameState
[INFO] Instrumenting class 'org.cs362.dominion.GameState'.
[INFO] Adding mock interface to class org/cs362/dominion/GameState
[INFO] No hashCode defined for: org/cs362/dominion/GameState, superclass = java.lang.Object
[INFO] Creating brand-new static initializer in class org/cs362/dominion/GameState
[DEBUG] Going to instrument: org.cs362.dominion.GameState
[INFO] Keeping class: org.cs362.dominion.GameState
[INFO] Seeing class for first time: org.cs362.dominion.Card$CardName
[INFO] Instrumenting class 'org.cs362.dominion.Card$CardName'.
[INFO] Adding mock interface to class org/cs362/dominion/Card$CardName
[INFO] Found static initializer in class org/cs362/dominion/Card$CardName
[INFO] No hashCode defined for: org/cs362/dominion/Card$CardName, superclass = java.lang.Enum
[DEBUG] Going to instrument: org.cs362.dominion.Card$CardName
[INFO] Found static initializer in class org/cs362/dominion/Card$CardName
[INFO] No hashCode defined for: org/cs362/dominion/Card$CardName, superclass = java.lang.Enum
[INFO] Error while loading class: java.lang.ClassFormatError: Duplicate method name&signature in class file org/cs362/dominion/Card$CardName
[ERROR] Could not initialize org.cs362.dominion.Card$CardName: Duplicate method name&signature in class file org/cs362/dominion/Card$CardName
[INFO] Seeing class for first time: org.cs362.dominion.Card$Type
[INFO] Instrumenting class 'org.cs362.dominion.Card$Type'.
[INFO] Adding mock interface to class org/cs362/dominion/Card$Type
[INFO] Found static initializer in class org/cs362/dominion/Card$Type
[INFO] No hashCode defined for: org/cs362/dominion/Card$Type, superclass = java.lang.Enum
[DEBUG] Going to instrument: org.cs362.dominion.Card$Type
[INFO] Found static initializer in class org/cs362/dominion/Card$Type
[INFO] No hashCode defined for: org/cs362/dominion/Card$Type, superclass = java.lang.Enum
[INFO] Error while loading class: java.lang.ClassFormatError: Duplicate method name&signature in class file org/cs362/dominion/Card$Type
[ERROR] Could not initialize org.cs362.dominion.Card$Type: Duplicate method name&signature in class file org/cs362/dominion/Card$Type
[INFO] Seeing class for first time: org.cs362.dominion.Card$1
[INFO] Instrumenting class 'org.cs362.dominion.Card$1'.
[INFO] Adding mock interface to class org/cs362/dominion/Card$1
[INFO] No hashCode defined for: org/cs362/dominion/Card$1, superclass = java.lang.Object
[DEBUG] Going to instrument: org.cs362.dominion.Card$1
[INFO] Keeping class: org.cs362.dominion.Card$1
[INFO] Seeing class for first time: org.cs362.dominion.Card$CardName
[INFO] Instrumenting class 'org.cs362.dominion.Card$CardName'.
[INFO] Adding mock interface to class org/cs362/dominion/Card$CardName
[INFO] Found static initializer in class org/cs362/dominion/Card$CardName
[INFO] No hashCode defined for: org/cs362/dominion/Card$CardName, superclass = java.lang.Enum
[DEBUG] Going to instrument: org.cs362.dominion.Card$CardName
[INFO] Found static initializer in class org/cs362/dominion/Card$CardName
[INFO] No hashCode defined for: org/cs362/dominion/Card$CardName, superclass = java.lang.Enum
[INFO] Error while loading class: java.lang.ClassFormatError: Duplicate method name&signature in class file org/cs362/dominion/Card$CardName
[ERROR] Could not initialize org.cs362.dominion.Card$1: org/cs362/dominion/Card$CardName
[INFO] Seeing class for first time: org.cs362.dominion.Player
[INFO] Instrumenting class 'org.cs362.dominion.Player'.
[INFO] Adding mock interface to class org/cs362/dominion/Player
[INFO] No hashCode defined for: org/cs362/dominion/Player, superclass = java.lang.Object
[INFO] Creating brand-new static initializer in class org/cs362/dominion/Player
[DEBUG] Going to instrument: org.cs362.dominion.Player
[INFO] Keeping class: org.cs362.dominion.Player
[INFO] Seeing class for first time: org.cs362.dominion.Card$CardName
[INFO] Instrumenting class 'org.cs362.dominion.Card$CardName'.
[INFO] Adding mock interface to class org/cs362/dominion/Card$CardName
[INFO] Found static initializer in class org/cs362/dominion/Card$CardName
[INFO] No hashCode defined for: org/cs362/dominion/Card$CardName, superclass = java.lang.Enum
[DEBUG] Going to instrument: org.cs362.dominion.Card$CardName
[INFO] Found static initializer in class org/cs362/dominion/Card$CardName
[INFO] No hashCode defined for: org/cs362/dominion/Card$CardName, superclass = java.lang.Enum
[INFO] Error while loading class: java.lang.ClassFormatError: Duplicate method name&signature in class file org/cs362/dominion/Card$CardName
[INFO] Found new thread
[INFO] Seeing class for first time: org.cs362.dominion.Card$CardName
[INFO] Instrumenting class 'org.cs362.dominion.Card$CardName'.
[INFO] Adding mock interface to class org/cs362/dominion/Card$CardName
[INFO] Found static initializer in class org/cs362/dominion/Card$CardName
[INFO] No hashCode defined for: org/cs362/dominion/Card$CardName, superclass = java.lang.Enum
[DEBUG] Going to instrument: org.cs362.dominion.Card$CardName
[INFO] Found static initializer in class org/cs362/dominion/Card$CardName
[INFO] No hashCode defined for: org/cs362/dominion/Card$CardName, superclass = java.lang.Enum
[INFO] Error while loading class: java.lang.ClassFormatError: Duplicate method name&signature in class file org/cs362/dominion/Card$CardName
[WARN] class java.lang.ClassNotFoundException thrown while loading method  __STATIC_RESET() for class org.cs362.dominion.Card$CardName
[INFO] Seeing class for first time: org.cs362.dominion.Card$Type
[INFO] Instrumenting class 'org.cs362.dominion.Card$Type'.
[INFO] Adding mock interface to class org/cs362/dominion/Card$Type
[INFO] Found static initializer in class org/cs362/dominion/Card$Type
[INFO] No hashCode defined for: org/cs362/dominion/Card$Type, superclass = java.lang.Enum
[DEBUG] Going to instrument: org.cs362.dominion.Card$Type
[INFO] Found static initializer in class org/cs362/dominion/Card$Type
[INFO] No hashCode defined for: org/cs362/dominion/Card$Type, superclass = java.lang.Enum
[INFO] Error while loading class: java.lang.ClassFormatError: Duplicate method name&signature in class file org/cs362/dominion/Card$Type
[WARN] class java.lang.ClassNotFoundException thrown while loading method  __STATIC_RESET() for class org.cs362.dominion.Card$Type
]]></system-out>
  </testcase>
  <testcase name="test18" classname="org.cs362.dominion.Card_ESTest" time="0.016">
    <error message="org/cs362/dominion/Card$CardName" type="java.lang.NoClassDefFoundError">java.lang.NoClassDefFoundError: org/cs362/dominion/Card$CardName
	at java.lang.ClassLoader.defineClass1(Native Method)
	at java.lang.ClassLoader.defineClass(ClassLoader.java:763)
	at java.lang.ClassLoader.defineClass(ClassLoader.java:642)
	at org.evosuite.runtime.instrumentation.EvoClassLoader.instrumentClass(EvoClassLoader.java:116)
	at org.evosuite.runtime.instrumentation.EvoClassLoader.loadClass(EvoClassLoader.java:92)
	at org.cs362.dominion.Card_ESTest.test18(Card_ESTest.java:212)
</error>
    <system-out><![CDATA[[INFO] Seeing class for first time: org.cs362.dominion.Card$CardName
[INFO] Instrumenting class 'org.cs362.dominion.Card$CardName'.
[INFO] Adding mock interface to class org/cs362/dominion/Card$CardName
[INFO] Found static initializer in class org/cs362/dominion/Card$CardName
[INFO] No hashCode defined for: org/cs362/dominion/Card$CardName, superclass = java.lang.Enum
[DEBUG] Going to instrument: org.cs362.dominion.Card$CardName
[INFO] Found static initializer in class org/cs362/dominion/Card$CardName
[INFO] No hashCode defined for: org/cs362/dominion/Card$CardName, superclass = java.lang.Enum
[INFO] Error while loading class: java.lang.ClassFormatError: Duplicate method name&signature in class file org/cs362/dominion/Card$CardName
[INFO] Seeing class for first time: org.cs362.dominion.Card$CardName
[INFO] Instrumenting class 'org.cs362.dominion.Card$CardName'.
[INFO] Adding mock interface to class org/cs362/dominion/Card$CardName
[INFO] Found static initializer in class org/cs362/dominion/Card$CardName
[INFO] No hashCode defined for: org/cs362/dominion/Card$CardName, superclass = java.lang.Enum
[DEBUG] Going to instrument: org.cs362.dominion.Card$CardName
[INFO] Found static initializer in class org/cs362/dominion/Card$CardName
[INFO] No hashCode defined for: org/cs362/dominion/Card$CardName, superclass = java.lang.Enum
[INFO] Error while loading class: java.lang.ClassFormatError: Duplicate method name&signature in class file org/cs362/dominion/Card$CardName
[INFO] Seeing class for first time: org.cs362.dominion.Card$Type
[INFO] Instrumenting class 'org.cs362.dominion.Card$Type'.
[INFO] Adding mock interface to class org/cs362/dominion/Card$Type
[INFO] Found static initializer in class org/cs362/dominion/Card$Type
[INFO] No hashCode defined for: org/cs362/dominion/Card$Type, superclass = java.lang.Enum
[DEBUG] Going to instrument: org.cs362.dominion.Card$Type
[INFO] Found static initializer in class org/cs362/dominion/Card$Type
[INFO] No hashCode defined for: org/cs362/dominion/Card$Type, superclass = java.lang.Enum
[INFO] Error while loading class: java.lang.ClassFormatError: Duplicate method name&signature in class file org/cs362/dominion/Card$Type
]]></system-out>
  </testcase>
  <testcase name="test19" classname="org.cs362.dominion.Card_ESTest" time="0.031">
    <error message="org/cs362/dominion/Card$CardName" type="java.lang.NoClassDefFoundError">java.lang.NoClassDefFoundError: org/cs362/dominion/Card$CardName
	at java.lang.ClassLoader.defineClass1(Native Method)
	at java.lang.ClassLoader.defineClass(ClassLoader.java:763)
	at java.lang.ClassLoader.defineClass(ClassLoader.java:642)
	at org.evosuite.runtime.instrumentation.EvoClassLoader.instrumentClass(EvoClassLoader.java:116)
	at org.evosuite.runtime.instrumentation.EvoClassLoader.loadClass(EvoClassLoader.java:92)
	at org.cs362.dominion.Card_ESTest.test19(Card_ESTest.java:223)
</error>
    <system-out><![CDATA[[INFO] Seeing class for first time: org.cs362.dominion.Card$CardName
[INFO] Instrumenting class 'org.cs362.dominion.Card$CardName'.
[INFO] Adding mock interface to class org/cs362/dominion/Card$CardName
[INFO] Found static initializer in class org/cs362/dominion/Card$CardName
[INFO] No hashCode defined for: org/cs362/dominion/Card$CardName, superclass = java.lang.Enum
[DEBUG] Going to instrument: org.cs362.dominion.Card$CardName
[INFO] Found static initializer in class org/cs362/dominion/Card$CardName
[INFO] No hashCode defined for: org/cs362/dominion/Card$CardName, superclass = java.lang.Enum
[INFO] Error while loading class: java.lang.ClassFormatError: Duplicate method name&signature in class file org/cs362/dominion/Card$CardName
[INFO] Seeing class for first time: org.cs362.dominion.Card$CardName
[INFO] Instrumenting class 'org.cs362.dominion.Card$CardName'.
[INFO] Adding mock interface to class org/cs362/dominion/Card$CardName
[INFO] Found static initializer in class org/cs362/dominion/Card$CardName
[INFO] No hashCode defined for: org/cs362/dominion/Card$CardName, superclass = java.lang.Enum
[DEBUG] Going to instrument: org.cs362.dominion.Card$CardName
[INFO] Found static initializer in class org/cs362/dominion/Card$CardName
[INFO] No hashCode defined for: org/cs362/dominion/Card$CardName, superclass = java.lang.Enum
[INFO] Error while loading class: java.lang.ClassFormatError: Duplicate method name&signature in class file org/cs362/dominion/Card$CardName
[INFO] Seeing class for first time: org.cs362.dominion.Card$Type
[INFO] Instrumenting class 'org.cs362.dominion.Card$Type'.
[INFO] Adding mock interface to class org/cs362/dominion/Card$Type
[INFO] Found static initializer in class org/cs362/dominion/Card$Type
[INFO] No hashCode defined for: org/cs362/dominion/Card$Type, superclass = java.lang.Enum
[DEBUG] Going to instrument: org.cs362.dominion.Card$Type
[INFO] Found static initializer in class org/cs362/dominion/Card$Type
[INFO] No hashCode defined for: org/cs362/dominion/Card$Type, superclass = java.lang.Enum
[INFO] Error while loading class: java.lang.ClassFormatError: Duplicate method name&signature in class file org/cs362/dominion/Card$Type
]]></system-out>
  </testcase>
  <testcase name="test13" classname="org.cs362.dominion.Card_ESTest" time="0.003">
    <error message="org/cs362/dominion/Card$CardName" type="java.lang.NoClassDefFoundError">java.lang.NoClassDefFoundError: org/cs362/dominion/Card$CardName
	at java.lang.ClassLoader.defineClass1(Native Method)
	at java.lang.ClassLoader.defineClass(ClassLoader.java:763)
	at java.lang.ClassLoader.defineClass(ClassLoader.java:642)
	at org.evosuite.runtime.instrumentation.EvoClassLoader.instrumentClass(EvoClassLoader.java:116)
	at org.evosuite.runtime.instrumentation.EvoClassLoader.loadClass(EvoClassLoader.java:92)
	at org.cs362.dominion.Card_ESTest.test13(Card_ESTest.java:159)
</error>
    <system-out><![CDATA[[INFO] Seeing class for first time: org.cs362.dominion.Card$CardName
[INFO] Instrumenting class 'org.cs362.dominion.Card$CardName'.
[INFO] Adding mock interface to class org/cs362/dominion/Card$CardName
[INFO] Found static initializer in class org/cs362/dominion/Card$CardName
[INFO] No hashCode defined for: org/cs362/dominion/Card$CardName, superclass = java.lang.Enum
[DEBUG] Going to instrument: org.cs362.dominion.Card$CardName
[INFO] Found static initializer in class org/cs362/dominion/Card$CardName
[INFO] No hashCode defined for: org/cs362/dominion/Card$CardName, superclass = java.lang.Enum
[INFO] Error while loading class: java.lang.ClassFormatError: Duplicate method name&signature in class file org/cs362/dominion/Card$CardName
[INFO] Found new thread
[INFO] Seeing class for first time: org.cs362.dominion.Card$CardName
[INFO] Instrumenting class 'org.cs362.dominion.Card$CardName'.
[INFO] Adding mock interface to class org/cs362/dominion/Card$CardName
[INFO] Found static initializer in class org/cs362/dominion/Card$CardName
[INFO] No hashCode defined for: org/cs362/dominion/Card$CardName, superclass = java.lang.Enum
[DEBUG] Going to instrument: org.cs362.dominion.Card$CardName
[INFO] Found static initializer in class org/cs362/dominion/Card$CardName
[INFO] No hashCode defined for: org/cs362/dominion/Card$CardName, superclass = java.lang.Enum
[INFO] Error while loading class: java.lang.ClassFormatError: Duplicate method name&signature in class file org/cs362/dominion/Card$CardName
[INFO] Seeing class for first time: org.cs362.dominion.Card$Type
[INFO] Instrumenting class 'org.cs362.dominion.Card$Type'.
[INFO] Adding mock interface to class org/cs362/dominion/Card$Type
[INFO] Found static initializer in class org/cs362/dominion/Card$Type
[INFO] No hashCode defined for: org/cs362/dominion/Card$Type, superclass = java.lang.Enum
[DEBUG] Going to instrument: org.cs362.dominion.Card$Type
[INFO] Found static initializer in class org/cs362/dominion/Card$Type
[INFO] No hashCode defined for: org/cs362/dominion/Card$Type, superclass = java.lang.Enum
[INFO] Error while loading class: java.lang.ClassFormatError: Duplicate method name&signature in class file org/cs362/dominion/Card$Type
]]></system-out>
  </testcase>
  <testcase name="test14" classname="org.cs362.dominion.Card_ESTest" time="0.008">
    <error message="org/cs362/dominion/Card$CardName" type="java.lang.NoClassDefFoundError">java.lang.NoClassDefFoundError: org/cs362/dominion/Card$CardName
	at java.lang.ClassLoader.defineClass1(Native Method)
	at java.lang.ClassLoader.defineClass(ClassLoader.java:763)
	at java.lang.ClassLoader.defineClass(ClassLoader.java:642)
	at org.evosuite.runtime.instrumentation.EvoClassLoader.instrumentClass(EvoClassLoader.java:116)
	at org.evosuite.runtime.instrumentation.EvoClassLoader.loadClass(EvoClassLoader.java:92)
	at org.cs362.dominion.Card_ESTest.test14(Card_ESTest.java:170)
</error>
    <system-out><![CDATA[[INFO] Seeing class for first time: org.cs362.dominion.Card$CardName
[INFO] Instrumenting class 'org.cs362.dominion.Card$CardName'.
[INFO] Adding mock interface to class org/cs362/dominion/Card$CardName
[INFO] Found static initializer in class org/cs362/dominion/Card$CardName
[INFO] No hashCode defined for: org/cs362/dominion/Card$CardName, superclass = java.lang.Enum
[DEBUG] Going to instrument: org.cs362.dominion.Card$CardName
[INFO] Found static initializer in class org/cs362/dominion/Card$CardName
[INFO] No hashCode defined for: org/cs362/dominion/Card$CardName, superclass = java.lang.Enum
[INFO] Error while loading class: java.lang.ClassFormatError: Duplicate method name&signature in class file org/cs362/dominion/Card$CardName
[INFO] Seeing class for first time: org.cs362.dominion.Card$CardName
[INFO] Instrumenting class 'org.cs362.dominion.Card$CardName'.
[INFO] Adding mock interface to class org/cs362/dominion/Card$CardName
[INFO] Found static initializer in class org/cs362/dominion/Card$CardName
[INFO] No hashCode defined for: org/cs362/dominion/Card$CardName, superclass = java.lang.Enum
[DEBUG] Going to instrument: org.cs362.dominion.Card$CardName
[INFO] Found static initializer in class org/cs362/dominion/Card$CardName
[INFO] No hashCode defined for: org/cs362/dominion/Card$CardName, superclass = java.lang.Enum
[INFO] Error while loading class: java.lang.ClassFormatError: Duplicate method name&signature in class file org/cs362/dominion/Card$CardName
[INFO] Seeing class for first time: org.cs362.dominion.Card$Type
[INFO] Instrumenting class 'org.cs362.dominion.Card$Type'.
[INFO] Adding mock interface to class org/cs362/dominion/Card$Type
[INFO] Found static initializer in class org/cs362/dominion/Card$Type
[INFO] No hashCode defined for: org/cs362/dominion/Card$Type, superclass = java.lang.Enum
[DEBUG] Going to instrument: org.cs362.dominion.Card$Type
[INFO] Found static initializer in class org/cs362/dominion/Card$Type
[INFO] No hashCode defined for: org/cs362/dominion/Card$Type, superclass = java.lang.Enum
[INFO] Error while loading class: java.lang.ClassFormatError: Duplicate method name&signature in class file org/cs362/dominion/Card$Type
]]></system-out>
  </testcase>
  <testcase name="test15" classname="org.cs362.dominion.Card_ESTest" time="0.01">
    <error message="org/cs362/dominion/Card$CardName" type="java.lang.NoClassDefFoundError">java.lang.NoClassDefFoundError: org/cs362/dominion/Card$CardName
	at java.lang.ClassLoader.defineClass1(Native Method)
	at java.lang.ClassLoader.defineClass(ClassLoader.java:763)
	at java.lang.ClassLoader.defineClass(ClassLoader.java:642)
	at org.evosuite.runtime.instrumentation.EvoClassLoader.instrumentClass(EvoClassLoader.java:116)
	at org.evosuite.runtime.instrumentation.EvoClassLoader.loadClass(EvoClassLoader.java:92)
	at org.cs362.dominion.Card_ESTest.test15(Card_ESTest.java:180)
</error>
    <system-out><![CDATA[[INFO] Seeing class for first time: org.cs362.dominion.Card$CardName
[INFO] Instrumenting class 'org.cs362.dominion.Card$CardName'.
[INFO] Adding mock interface to class org/cs362/dominion/Card$CardName
[INFO] Found static initializer in class org/cs362/dominion/Card$CardName
[INFO] No hashCode defined for: org/cs362/dominion/Card$CardName, superclass = java.lang.Enum
[DEBUG] Going to instrument: org.cs362.dominion.Card$CardName
[INFO] Found static initializer in class org/cs362/dominion/Card$CardName
[INFO] No hashCode defined for: org/cs362/dominion/Card$CardName, superclass = java.lang.Enum
[INFO] Error while loading class: java.lang.ClassFormatError: Duplicate method name&signature in class file org/cs362/dominion/Card$CardName
[INFO] Seeing class for first time: org.cs362.dominion.Card$CardName
[INFO] Instrumenting class 'org.cs362.dominion.Card$CardName'.
[INFO] Adding mock interface to class org/cs362/dominion/Card$CardName
[INFO] Found static initializer in class org/cs362/dominion/Card$CardName
[INFO] No hashCode defined for: org/cs362/dominion/Card$CardName, superclass = java.lang.Enum
[DEBUG] Going to instrument: org.cs362.dominion.Card$CardName
[INFO] Found static initializer in class org/cs362/dominion/Card$CardName
[INFO] No hashCode defined for: org/cs362/dominion/Card$CardName, superclass = java.lang.Enum
[INFO] Error while loading class: java.lang.ClassFormatError: Duplicate method name&signature in class file org/cs362/dominion/Card$CardName
[INFO] Seeing class for first time: org.cs362.dominion.Card$Type
[INFO] Instrumenting class 'org.cs362.dominion.Card$Type'.
[INFO] Adding mock interface to class org/cs362/dominion/Card$Type
[INFO] Found static initializer in class org/cs362/dominion/Card$Type
[INFO] No hashCode defined for: org/cs362/dominion/Card$Type, superclass = java.lang.Enum
[DEBUG] Going to instrument: org.cs362.dominion.Card$Type
[INFO] Found static initializer in class org/cs362/dominion/Card$Type
[INFO] No hashCode defined for: org/cs362/dominion/Card$Type, superclass = java.lang.Enum
[INFO] Error while loading class: java.lang.ClassFormatError: Duplicate method name&signature in class file org/cs362/dominion/Card$Type
]]></system-out>
  </testcase>
  <testcase name="test16" classname="org.cs362.dominion.Card_ESTest" time="0.011">
    <error message="org/cs362/dominion/Card$CardName" type="java.lang.NoClassDefFoundError">java.lang.NoClassDefFoundError: org/cs362/dominion/Card$CardName
	at java.lang.ClassLoader.defineClass1(Native Method)
	at java.lang.ClassLoader.defineClass(ClassLoader.java:763)
	at java.lang.ClassLoader.defineClass(ClassLoader.java:642)
	at org.evosuite.runtime.instrumentation.EvoClassLoader.instrumentClass(EvoClassLoader.java:116)
	at org.evosuite.runtime.instrumentation.EvoClassLoader.loadClass(EvoClassLoader.java:92)
	at org.cs362.dominion.Card_ESTest.test16(Card_ESTest.java:190)
</error>
    <system-out><![CDATA[[INFO] Seeing class for first time: org.cs362.dominion.Card$CardName
[INFO] Instrumenting class 'org.cs362.dominion.Card$CardName'.
[INFO] Adding mock interface to class org/cs362/dominion/Card$CardName
[INFO] Found static initializer in class org/cs362/dominion/Card$CardName
[INFO] No hashCode defined for: org/cs362/dominion/Card$CardName, superclass = java.lang.Enum
[DEBUG] Going to instrument: org.cs362.dominion.Card$CardName
[INFO] Found static initializer in class org/cs362/dominion/Card$CardName
[INFO] No hashCode defined for: org/cs362/dominion/Card$CardName, superclass = java.lang.Enum
[INFO] Error while loading class: java.lang.ClassFormatError: Duplicate method name&signature in class file org/cs362/dominion/Card$CardName
[INFO] Seeing class for first time: org.cs362.dominion.Card$CardName
[INFO] Instrumenting class 'org.cs362.dominion.Card$CardName'.
[INFO] Adding mock interface to class org/cs362/dominion/Card$CardName
[INFO] Found static initializer in class org/cs362/dominion/Card$CardName
[INFO] No hashCode defined for: org/cs362/dominion/Card$CardName, superclass = java.lang.Enum
[DEBUG] Going to instrument: org.cs362.dominion.Card$CardName
[INFO] Found static initializer in class org/cs362/dominion/Card$CardName
[INFO] No hashCode defined for: org/cs362/dominion/Card$CardName, superclass = java.lang.Enum
[INFO] Error while loading class: java.lang.ClassFormatError: Duplicate method name&signature in class file org/cs362/dominion/Card$CardName
[INFO] Seeing class for first time: org.cs362.dominion.Card$Type
[INFO] Instrumenting class 'org.cs362.dominion.Card$Type'.
[INFO] Adding mock interface to class org/cs362/dominion/Card$Type
[INFO] Found static initializer in class org/cs362/dominion/Card$Type
[INFO] No hashCode defined for: org/cs362/dominion/Card$Type, superclass = java.lang.Enum
[DEBUG] Going to instrument: org.cs362.dominion.Card$Type
[INFO] Found static initializer in class org/cs362/dominion/Card$Type
[INFO] No hashCode defined for: org/cs362/dominion/Card$Type, superclass = java.lang.Enum
[INFO] Error while loading class: java.lang.ClassFormatError: Duplicate method name&signature in class file org/cs362/dominion/Card$Type
]]></system-out>
  </testcase>
  <testcase name="test10" classname="org.cs362.dominion.Card_ESTest" time="0.006">
    <error message="org/cs362/dominion/Card$Type" type="java.lang.NoClassDefFoundError">java.lang.NoClassDefFoundError: org/cs362/dominion/Card$Type
	at java.lang.ClassLoader.defineClass1(Native Method)
	at java.lang.ClassLoader.defineClass(ClassLoader.java:763)
	at java.lang.ClassLoader.defineClass(ClassLoader.java:642)
	at org.evosuite.runtime.instrumentation.EvoClassLoader.instrumentClass(EvoClassLoader.java:116)
	at org.evosuite.runtime.instrumentation.EvoClassLoader.loadClass(EvoClassLoader.java:92)
	at org.cs362.dominion.Card_ESTest.test10(Card_ESTest.java:123)
</error>
    <system-out><![CDATA[[INFO] Seeing class for first time: org.cs362.dominion.Card$Type
[INFO] Instrumenting class 'org.cs362.dominion.Card$Type'.
[INFO] Adding mock interface to class org/cs362/dominion/Card$Type
[INFO] Found static initializer in class org/cs362/dominion/Card$Type
[INFO] No hashCode defined for: org/cs362/dominion/Card$Type, superclass = java.lang.Enum
[DEBUG] Going to instrument: org.cs362.dominion.Card$Type
[INFO] Found static initializer in class org/cs362/dominion/Card$Type
[INFO] No hashCode defined for: org/cs362/dominion/Card$Type, superclass = java.lang.Enum
[INFO] Error while loading class: java.lang.ClassFormatError: Duplicate method name&signature in class file org/cs362/dominion/Card$Type
[INFO] Seeing class for first time: org.cs362.dominion.Card$CardName
[INFO] Instrumenting class 'org.cs362.dominion.Card$CardName'.
[INFO] Adding mock interface to class org/cs362/dominion/Card$CardName
[INFO] Found static initializer in class org/cs362/dominion/Card$CardName
[INFO] No hashCode defined for: org/cs362/dominion/Card$CardName, superclass = java.lang.Enum
[DEBUG] Going to instrument: org.cs362.dominion.Card$CardName
[INFO] Found static initializer in class org/cs362/dominion/Card$CardName
[INFO] No hashCode defined for: org/cs362/dominion/Card$CardName, superclass = java.lang.Enum
[INFO] Error while loading class: java.lang.ClassFormatError: Duplicate method name&signature in class file org/cs362/dominion/Card$CardName
[INFO] Seeing class for first time: org.cs362.dominion.Card$Type
[INFO] Instrumenting class 'org.cs362.dominion.Card$Type'.
[INFO] Adding mock interface to class org/cs362/dominion/Card$Type
[INFO] Found static initializer in class org/cs362/dominion/Card$Type
[INFO] No hashCode defined for: org/cs362/dominion/Card$Type, superclass = java.lang.Enum
[DEBUG] Going to instrument: org.cs362.dominion.Card$Type
[INFO] Found static initializer in class org/cs362/dominion/Card$Type
[INFO] No hashCode defined for: org/cs362/dominion/Card$Type, superclass = java.lang.Enum
[INFO] Error while loading class: java.lang.ClassFormatError: Duplicate method name&signature in class file org/cs362/dominion/Card$Type
]]></system-out>
  </testcase>
  <testcase name="test11" classname="org.cs362.dominion.Card_ESTest" time="0.007">
    <error message="org/cs362/dominion/Card$CardName" type="java.lang.NoClassDefFoundError">java.lang.NoClassDefFoundError: org/cs362/dominion/Card$CardName
	at java.lang.ClassLoader.defineClass1(Native Method)
	at java.lang.ClassLoader.defineClass(ClassLoader.java:763)
	at java.lang.ClassLoader.defineClass(ClassLoader.java:642)
	at org.evosuite.runtime.instrumentation.EvoClassLoader.instrumentClass(EvoClassLoader.java:116)
	at org.evosuite.runtime.instrumentation.EvoClassLoader.loadClass(EvoClassLoader.java:92)
	at org.cs362.dominion.Card_ESTest.test11(Card_ESTest.java:139)
</error>
    <system-out><![CDATA[[INFO] Seeing class for first time: org.cs362.dominion.Card$CardName
[INFO] Instrumenting class 'org.cs362.dominion.Card$CardName'.
[INFO] Adding mock interface to class org/cs362/dominion/Card$CardName
[INFO] Found static initializer in class org/cs362/dominion/Card$CardName
[INFO] No hashCode defined for: org/cs362/dominion/Card$CardName, superclass = java.lang.Enum
[DEBUG] Going to instrument: org.cs362.dominion.Card$CardName
[INFO] Found static initializer in class org/cs362/dominion/Card$CardName
[INFO] No hashCode defined for: org/cs362/dominion/Card$CardName, superclass = java.lang.Enum
[INFO] Error while loading class: java.lang.ClassFormatError: Duplicate method name&signature in class file org/cs362/dominion/Card$CardName
[INFO] Seeing class for first time: org.cs362.dominion.Card$CardName
[INFO] Instrumenting class 'org.cs362.dominion.Card$CardName'.
[INFO] Adding mock interface to class org/cs362/dominion/Card$CardName
[INFO] Found static initializer in class org/cs362/dominion/Card$CardName
[INFO] No hashCode defined for: org/cs362/dominion/Card$CardName, superclass = java.lang.Enum
[DEBUG] Going to instrument: org.cs362.dominion.Card$CardName
[INFO] Found static initializer in class org/cs362/dominion/Card$CardName
[INFO] No hashCode defined for: org/cs362/dominion/Card$CardName, superclass = java.lang.Enum
[INFO] Error while loading class: java.lang.ClassFormatError: Duplicate method name&signature in class file org/cs362/dominion/Card$CardName
[INFO] Seeing class for first time: org.cs362.dominion.Card$Type
[INFO] Instrumenting class 'org.cs362.dominion.Card$Type'.
[INFO] Adding mock interface to class org/cs362/dominion/Card$Type
[INFO] Found static initializer in class org/cs362/dominion/Card$Type
[INFO] No hashCode defined for: org/cs362/dominion/Card$Type, superclass = java.lang.Enum
[DEBUG] Going to instrument: org.cs362.dominion.Card$Type
[INFO] Found static initializer in class org/cs362/dominion/Card$Type
[INFO] No hashCode defined for: org/cs362/dominion/Card$Type, superclass = java.lang.Enum
[INFO] Error while loading class: java.lang.ClassFormatError: Duplicate method name&signature in class file org/cs362/dominion/Card$Type
]]></system-out>
  </testcase>
  <testcase name="test12" classname="org.cs362.dominion.Card_ESTest" time="0.013">
    <error message="org/cs362/dominion/Card$CardName" type="java.lang.NoClassDefFoundError">java.lang.NoClassDefFoundError: org/cs362/dominion/Card$CardName
	at java.lang.ClassLoader.defineClass1(Native Method)
	at java.lang.ClassLoader.defineClass(ClassLoader.java:763)
	at java.lang.ClassLoader.defineClass(ClassLoader.java:642)
	at org.evosuite.runtime.instrumentation.EvoClassLoader.instrumentClass(EvoClassLoader.java:116)
	at org.evosuite.runtime.instrumentation.EvoClassLoader.loadClass(EvoClassLoader.java:92)
	at org.cs362.dominion.Card_ESTest.test12(Card_ESTest.java:146)
</error>
    <system-out><![CDATA[[INFO] Seeing class for first time: org.cs362.dominion.Card$CardName
[INFO] Instrumenting class 'org.cs362.dominion.Card$CardName'.
[INFO] Adding mock interface to class org/cs362/dominion/Card$CardName
[INFO] Found static initializer in class org/cs362/dominion/Card$CardName
[INFO] No hashCode defined for: org/cs362/dominion/Card$CardName, superclass = java.lang.Enum
[DEBUG] Going to instrument: org.cs362.dominion.Card$CardName
[INFO] Found static initializer in class org/cs362/dominion/Card$CardName
[INFO] No hashCode defined for: org/cs362/dominion/Card$CardName, superclass = java.lang.Enum
[INFO] Error while loading class: java.lang.ClassFormatError: Duplicate method name&signature in class file org/cs362/dominion/Card$CardName
[INFO] Seeing class for first time: org.cs362.dominion.Card$CardName
[INFO] Instrumenting class 'org.cs362.dominion.Card$CardName'.
[INFO] Adding mock interface to class org/cs362/dominion/Card$CardName
[INFO] Found static initializer in class org/cs362/dominion/Card$CardName
[INFO] No hashCode defined for: org/cs362/dominion/Card$CardName, superclass = java.lang.Enum
[DEBUG] Going to instrument: org.cs362.dominion.Card$CardName
[INFO] Found static initializer in class org/cs362/dominion/Card$CardName
[INFO] No hashCode defined for: org/cs362/dominion/Card$CardName, superclass = java.lang.Enum
[INFO] Error while loading class: java.lang.ClassFormatError: Duplicate method name&signature in class file org/cs362/dominion/Card$CardName
[INFO] Seeing class for first time: org.cs362.dominion.Card$Type
[INFO] Instrumenting class 'org.cs362.dominion.Card$Type'.
[INFO] Adding mock interface to class org/cs362/dominion/Card$Type
[INFO] Found static initializer in class org/cs362/dominion/Card$Type
[INFO] No hashCode defined for: org/cs362/dominion/Card$Type, superclass = java.lang.Enum
[DEBUG] Going to instrument: org.cs362.dominion.Card$Type
[INFO] Found static initializer in class org/cs362/dominion/Card$Type
[INFO] No hashCode defined for: org/cs362/dominion/Card$Type, superclass = java.lang.Enum
[INFO] Error while loading class: java.lang.ClassFormatError: Duplicate method name&signature in class file org/cs362/dominion/Card$Type
]]></system-out>
  </testcase>
  <testcase name="test06" classname="org.cs362.dominion.Card_ESTest" time="0.018">
    <error message="org/cs362/dominion/Card$CardName" type="java.lang.NoClassDefFoundError">java.lang.NoClassDefFoundError: org/cs362/dominion/Card$CardName
	at java.lang.ClassLoader.defineClass1(Native Method)
	at java.lang.ClassLoader.defineClass(ClassLoader.java:763)
	at java.lang.ClassLoader.defineClass(ClassLoader.java:642)
	at org.evosuite.runtime.instrumentation.EvoClassLoader.instrumentClass(EvoClassLoader.java:116)
	at org.evosuite.runtime.instrumentation.EvoClassLoader.loadClass(EvoClassLoader.java:92)
	at org.cs362.dominion.Card_ESTest.test06(Card_ESTest.java:77)
</error>
    <system-out><![CDATA[[INFO] Seeing class for first time: org.cs362.dominion.Card$CardName
[INFO] Instrumenting class 'org.cs362.dominion.Card$CardName'.
[INFO] Adding mock interface to class org/cs362/dominion/Card$CardName
[INFO] Found static initializer in class org/cs362/dominion/Card$CardName
[INFO] No hashCode defined for: org/cs362/dominion/Card$CardName, superclass = java.lang.Enum
[DEBUG] Going to instrument: org.cs362.dominion.Card$CardName
[INFO] Found static initializer in class org/cs362/dominion/Card$CardName
[INFO] No hashCode defined for: org/cs362/dominion/Card$CardName, superclass = java.lang.Enum
[INFO] Error while loading class: java.lang.ClassFormatError: Duplicate method name&signature in class file org/cs362/dominion/Card$CardName
[INFO] Seeing class for first time: org.cs362.dominion.Card$CardName
[INFO] Instrumenting class 'org.cs362.dominion.Card$CardName'.
[INFO] Adding mock interface to class org/cs362/dominion/Card$CardName
[INFO] Found static initializer in class org/cs362/dominion/Card$CardName
[INFO] No hashCode defined for: org/cs362/dominion/Card$CardName, superclass = java.lang.Enum
[DEBUG] Going to instrument: org.cs362.dominion.Card$CardName
[INFO] Found static initializer in class org/cs362/dominion/Card$CardName
[INFO] No hashCode defined for: org/cs362/dominion/Card$CardName, superclass = java.lang.Enum
[INFO] Error while loading class: java.lang.ClassFormatError: Duplicate method name&signature in class file org/cs362/dominion/Card$CardName
[INFO] Seeing class for first time: org.cs362.dominion.Card$Type
[INFO] Instrumenting class 'org.cs362.dominion.Card$Type'.
[INFO] Adding mock interface to class org/cs362/dominion/Card$Type
[INFO] Found static initializer in class org/cs362/dominion/Card$Type
[INFO] No hashCode defined for: org/cs362/dominion/Card$Type, superclass = java.lang.Enum
[DEBUG] Going to instrument: org.cs362.dominion.Card$Type
[INFO] Found static initializer in class org/cs362/dominion/Card$Type
[INFO] No hashCode defined for: org/cs362/dominion/Card$Type, superclass = java.lang.Enum
[INFO] Error while loading class: java.lang.ClassFormatError: Duplicate method name&signature in class file org/cs362/dominion/Card$Type
]]></system-out>
  </testcase>
  <testcase name="test07" classname="org.cs362.dominion.Card_ESTest" time="0.011">
    <error message="org/cs362/dominion/Card$CardName" type="java.lang.NoClassDefFoundError">java.lang.NoClassDefFoundError: org/cs362/dominion/Card$CardName
	at java.lang.ClassLoader.defineClass1(Native Method)
	at java.lang.ClassLoader.defineClass(ClassLoader.java:763)
	at java.lang.ClassLoader.defineClass(ClassLoader.java:642)
	at org.evosuite.runtime.instrumentation.EvoClassLoader.instrumentClass(EvoClassLoader.java:116)
	at org.evosuite.runtime.instrumentation.EvoClassLoader.loadClass(EvoClassLoader.java:92)
	at org.cs362.dominion.Card_ESTest.test07(Card_ESTest.java:86)
</error>
    <system-out><![CDATA[[INFO] Seeing class for first time: org.cs362.dominion.Card$CardName
[INFO] Instrumenting class 'org.cs362.dominion.Card$CardName'.
[INFO] Adding mock interface to class org/cs362/dominion/Card$CardName
[INFO] Found static initializer in class org/cs362/dominion/Card$CardName
[INFO] No hashCode defined for: org/cs362/dominion/Card$CardName, superclass = java.lang.Enum
[DEBUG] Going to instrument: org.cs362.dominion.Card$CardName
[INFO] Found static initializer in class org/cs362/dominion/Card$CardName
[INFO] No hashCode defined for: org/cs362/dominion/Card$CardName, superclass = java.lang.Enum
[INFO] Error while loading class: java.lang.ClassFormatError: Duplicate method name&signature in class file org/cs362/dominion/Card$CardName
[INFO] Found new thread
[INFO] Seeing class for first time: org.cs362.dominion.Card$CardName
[INFO] Instrumenting class 'org.cs362.dominion.Card$CardName'.
[INFO] Adding mock interface to class org/cs362/dominion/Card$CardName
[INFO] Found static initializer in class org/cs362/dominion/Card$CardName
[INFO] No hashCode defined for: org/cs362/dominion/Card$CardName, superclass = java.lang.Enum
[DEBUG] Going to instrument: org.cs362.dominion.Card$CardName
[INFO] Found static initializer in class org/cs362/dominion/Card$CardName
[INFO] No hashCode defined for: org/cs362/dominion/Card$CardName, superclass = java.lang.Enum
[INFO] Error while loading class: java.lang.ClassFormatError: Duplicate method name&signature in class file org/cs362/dominion/Card$CardName
[INFO] Seeing class for first time: org.cs362.dominion.Card$Type
[INFO] Instrumenting class 'org.cs362.dominion.Card$Type'.
[INFO] Adding mock interface to class org/cs362/dominion/Card$Type
[INFO] Found static initializer in class org/cs362/dominion/Card$Type
[INFO] No hashCode defined for: org/cs362/dominion/Card$Type, superclass = java.lang.Enum
[DEBUG] Going to instrument: org.cs362.dominion.Card$Type
[INFO] Found static initializer in class org/cs362/dominion/Card$Type
[INFO] No hashCode defined for: org/cs362/dominion/Card$Type, superclass = java.lang.Enum
[INFO] Error while loading class: java.lang.ClassFormatError: Duplicate method name&signature in class file org/cs362/dominion/Card$Type
]]></system-out>
  </testcase>
  <testcase name="test08" classname="org.cs362.dominion.Card_ESTest" time="0.005">
    <error message="org/cs362/dominion/Card$CardName" type="java.lang.NoClassDefFoundError">java.lang.NoClassDefFoundError: org/cs362/dominion/Card$CardName
	at java.lang.ClassLoader.defineClass1(Native Method)
	at java.lang.ClassLoader.defineClass(ClassLoader.java:763)
	at java.lang.ClassLoader.defineClass(ClassLoader.java:642)
	at org.evosuite.runtime.instrumentation.EvoClassLoader.instrumentClass(EvoClassLoader.java:116)
	at org.evosuite.runtime.instrumentation.EvoClassLoader.loadClass(EvoClassLoader.java:92)
	at org.cs362.dominion.Card_ESTest.test08(Card_ESTest.java:95)
</error>
    <system-out><![CDATA[[INFO] Seeing class for first time: org.cs362.dominion.Card$CardName
[INFO] Instrumenting class 'org.cs362.dominion.Card$CardName'.
[INFO] Adding mock interface to class org/cs362/dominion/Card$CardName
[INFO] Found static initializer in class org/cs362/dominion/Card$CardName
[INFO] No hashCode defined for: org/cs362/dominion/Card$CardName, superclass = java.lang.Enum
[DEBUG] Going to instrument: org.cs362.dominion.Card$CardName
[INFO] Found static initializer in class org/cs362/dominion/Card$CardName
[INFO] No hashCode defined for: org/cs362/dominion/Card$CardName, superclass = java.lang.Enum
[INFO] Error while loading class: java.lang.ClassFormatError: Duplicate method name&signature in class file org/cs362/dominion/Card$CardName
[INFO] Found new thread
[INFO] Seeing class for first time: org.cs362.dominion.Card$CardName
[INFO] Instrumenting class 'org.cs362.dominion.Card$CardName'.
[INFO] Adding mock interface to class org/cs362/dominion/Card$CardName
[INFO] Found static initializer in class org/cs362/dominion/Card$CardName
[INFO] No hashCode defined for: org/cs362/dominion/Card$CardName, superclass = java.lang.Enum
[DEBUG] Going to instrument: org.cs362.dominion.Card$CardName
[INFO] Found static initializer in class org/cs362/dominion/Card$CardName
[INFO] No hashCode defined for: org/cs362/dominion/Card$CardName, superclass = java.lang.Enum
[INFO] Error while loading class: java.lang.ClassFormatError: Duplicate method name&signature in class file org/cs362/dominion/Card$CardName
[INFO] Seeing class for first time: org.cs362.dominion.Card$Type
[INFO] Instrumenting class 'org.cs362.dominion.Card$Type'.
[INFO] Adding mock interface to class org/cs362/dominion/Card$Type
[INFO] Found static initializer in class org/cs362/dominion/Card$Type
[INFO] No hashCode defined for: org/cs362/dominion/Card$Type, superclass = java.lang.Enum
[DEBUG] Going to instrument: org.cs362.dominion.Card$Type
[INFO] Found static initializer in class org/cs362/dominion/Card$Type
[INFO] No hashCode defined for: org/cs362/dominion/Card$Type, superclass = java.lang.Enum
[INFO] Error while loading class: java.lang.ClassFormatError: Duplicate method name&signature in class file org/cs362/dominion/Card$Type
]]></system-out>
  </testcase>
  <testcase name="test09" classname="org.cs362.dominion.Card_ESTest" time="0.007">
    <error message="org/cs362/dominion/Card$CardName" type="java.lang.NoClassDefFoundError">java.lang.NoClassDefFoundError: org/cs362/dominion/Card$CardName
	at java.lang.ClassLoader.defineClass1(Native Method)
	at java.lang.ClassLoader.defineClass(ClassLoader.java:763)
	at java.lang.ClassLoader.defineClass(ClassLoader.java:642)
	at org.evosuite.runtime.instrumentation.EvoClassLoader.instrumentClass(EvoClassLoader.java:116)
	at org.evosuite.runtime.instrumentation.EvoClassLoader.loadClass(EvoClassLoader.java:92)
	at org.cs362.dominion.Card_ESTest.test09(Card_ESTest.java:107)
</error>
    <system-out><![CDATA[[INFO] Seeing class for first time: org.cs362.dominion.Card$CardName
[INFO] Instrumenting class 'org.cs362.dominion.Card$CardName'.
[INFO] Adding mock interface to class org/cs362/dominion/Card$CardName
[INFO] Found static initializer in class org/cs362/dominion/Card$CardName
[INFO] No hashCode defined for: org/cs362/dominion/Card$CardName, superclass = java.lang.Enum
[DEBUG] Going to instrument: org.cs362.dominion.Card$CardName
[INFO] Found static initializer in class org/cs362/dominion/Card$CardName
[INFO] No hashCode defined for: org/cs362/dominion/Card$CardName, superclass = java.lang.Enum
[INFO] Error while loading class: java.lang.ClassFormatError: Duplicate method name&signature in class file org/cs362/dominion/Card$CardName
[INFO] Seeing class for first time: org.cs362.dominion.Card$CardName
[INFO] Instrumenting class 'org.cs362.dominion.Card$CardName'.
[INFO] Adding mock interface to class org/cs362/dominion/Card$CardName
[INFO] Found static initializer in class org/cs362/dominion/Card$CardName
[INFO] No hashCode defined for: org/cs362/dominion/Card$CardName, superclass = java.lang.Enum
[DEBUG] Going to instrument: org.cs362.dominion.Card$CardName
[INFO] Found static initializer in class org/cs362/dominion/Card$CardName
[INFO] No hashCode defined for: org/cs362/dominion/Card$CardName, superclass = java.lang.Enum
[INFO] Error while loading class: java.lang.ClassFormatError: Duplicate method name&signature in class file org/cs362/dominion/Card$CardName
[INFO] Seeing class for first time: org.cs362.dominion.Card$Type
[INFO] Instrumenting class 'org.cs362.dominion.Card$Type'.
[INFO] Adding mock interface to class org/cs362/dominion/Card$Type
[INFO] Found static initializer in class org/cs362/dominion/Card$Type
[INFO] No hashCode defined for: org/cs362/dominion/Card$Type, superclass = java.lang.Enum
[DEBUG] Going to instrument: org.cs362.dominion.Card$Type
[INFO] Found static initializer in class org/cs362/dominion/Card$Type
[INFO] No hashCode defined for: org/cs362/dominion/Card$Type, superclass = java.lang.Enum
[INFO] Error while loading class: java.lang.ClassFormatError: Duplicate method name&signature in class file org/cs362/dominion/Card$Type
]]></system-out>
  </testcase>
  <testcase name="test02" classname="org.cs362.dominion.Card_ESTest" time="0.01">
    <error message="org/cs362/dominion/Card$CardName" type="java.lang.NoClassDefFoundError">java.lang.NoClassDefFoundError: org/cs362/dominion/Card$CardName
	at java.lang.ClassLoader.defineClass1(Native Method)
	at java.lang.ClassLoader.defineClass(ClassLoader.java:763)
	at java.lang.ClassLoader.defineClass(ClassLoader.java:642)
	at org.evosuite.runtime.instrumentation.EvoClassLoader.instrumentClass(EvoClassLoader.java:116)
	at org.evosuite.runtime.instrumentation.EvoClassLoader.loadClass(EvoClassLoader.java:92)
	at org.cs362.dominion.Card_ESTest.test02(Card_ESTest.java:42)
</error>
    <system-out><![CDATA[[INFO] Seeing class for first time: org.cs362.dominion.Card$CardName
[INFO] Instrumenting class 'org.cs362.dominion.Card$CardName'.
[INFO] Adding mock interface to class org/cs362/dominion/Card$CardName
[INFO] Found static initializer in class org/cs362/dominion/Card$CardName
[INFO] No hashCode defined for: org/cs362/dominion/Card$CardName, superclass = java.lang.Enum
[DEBUG] Going to instrument: org.cs362.dominion.Card$CardName
[INFO] Found static initializer in class org/cs362/dominion/Card$CardName
[INFO] No hashCode defined for: org/cs362/dominion/Card$CardName, superclass = java.lang.Enum
[INFO] Error while loading class: java.lang.ClassFormatError: Duplicate method name&signature in class file org/cs362/dominion/Card$CardName
[INFO] Seeing class for first time: org.cs362.dominion.Card$CardName
[INFO] Instrumenting class 'org.cs362.dominion.Card$CardName'.
[INFO] Adding mock interface to class org/cs362/dominion/Card$CardName
[INFO] Found static initializer in class org/cs362/dominion/Card$CardName
[INFO] No hashCode defined for: org/cs362/dominion/Card$CardName, superclass = java.lang.Enum
[DEBUG] Going to instrument: org.cs362.dominion.Card$CardName
[INFO] Found static initializer in class org/cs362/dominion/Card$CardName
[INFO] No hashCode defined for: org/cs362/dominion/Card$CardName, superclass = java.lang.Enum
[INFO] Error while loading class: java.lang.ClassFormatError: Duplicate method name&signature in class file org/cs362/dominion/Card$CardName
[INFO] Seeing class for first time: org.cs362.dominion.Card$Type
[INFO] Instrumenting class 'org.cs362.dominion.Card$Type'.
[INFO] Adding mock interface to class org/cs362/dominion/Card$Type
[INFO] Found static initializer in class org/cs362/dominion/Card$Type
[INFO] No hashCode defined for: org/cs362/dominion/Card$Type, superclass = java.lang.Enum
[DEBUG] Going to instrument: org.cs362.dominion.Card$Type
[INFO] Found static initializer in class org/cs362/dominion/Card$Type
[INFO] No hashCode defined for: org/cs362/dominion/Card$Type, superclass = java.lang.Enum
[INFO] Error while loading class: java.lang.ClassFormatError: Duplicate method name&signature in class file org/cs362/dominion/Card$Type
]]></system-out>
  </testcase>
  <testcase name="test24" classname="org.cs362.dominion.Card_ESTest" time="0.018">
    <error message="org/cs362/dominion/Card$CardName" type="java.lang.NoClassDefFoundError">java.lang.NoClassDefFoundError: org/cs362/dominion/Card$CardName
	at java.lang.ClassLoader.defineClass1(Native Method)
	at java.lang.ClassLoader.defineClass(ClassLoader.java:763)
	at java.lang.ClassLoader.defineClass(ClassLoader.java:642)
	at org.evosuite.runtime.instrumentation.EvoClassLoader.instrumentClass(EvoClassLoader.java:116)
	at org.evosuite.runtime.instrumentation.EvoClassLoader.loadClass(EvoClassLoader.java:92)
	at org.cs362.dominion.Card_ESTest.test24(Card_ESTest.java:276)
</error>
    <system-out><![CDATA[[INFO] Seeing class for first time: org.cs362.dominion.Card$CardName
[INFO] Instrumenting class 'org.cs362.dominion.Card$CardName'.
[INFO] Adding mock interface to class org/cs362/dominion/Card$CardName
[INFO] Found static initializer in class org/cs362/dominion/Card$CardName
[INFO] No hashCode defined for: org/cs362/dominion/Card$CardName, superclass = java.lang.Enum
[DEBUG] Going to instrument: org.cs362.dominion.Card$CardName
[INFO] Found static initializer in class org/cs362/dominion/Card$CardName
[INFO] No hashCode defined for: org/cs362/dominion/Card$CardName, superclass = java.lang.Enum
[INFO] Error while loading class: java.lang.ClassFormatError: Duplicate method name&signature in class file org/cs362/dominion/Card$CardName
[INFO] Seeing class for first time: org.cs362.dominion.Card$CardName
[INFO] Instrumenting class 'org.cs362.dominion.Card$CardName'.
[INFO] Adding mock interface to class org/cs362/dominion/Card$CardName
[INFO] Found static initializer in class org/cs362/dominion/Card$CardName
[INFO] No hashCode defined for: org/cs362/dominion/Card$CardName, superclass = java.lang.Enum
[DEBUG] Going to instrument: org.cs362.dominion.Card$CardName
[INFO] Found static initializer in class org/cs362/dominion/Card$CardName
[INFO] No hashCode defined for: org/cs362/dominion/Card$CardName, superclass = java.lang.Enum
[INFO] Error while loading class: java.lang.ClassFormatError: Duplicate method name&signature in class file org/cs362/dominion/Card$CardName
[INFO] Seeing class for first time: org.cs362.dominion.Card$Type
[INFO] Instrumenting class 'org.cs362.dominion.Card$Type'.
[INFO] Adding mock interface to class org/cs362/dominion/Card$Type
[INFO] Found static initializer in class org/cs362/dominion/Card$Type
[INFO] No hashCode defined for: org/cs362/dominion/Card$Type, superclass = java.lang.Enum
[DEBUG] Going to instrument: org.cs362.dominion.Card$Type
[INFO] Found static initializer in class org/cs362/dominion/Card$Type
[INFO] No hashCode defined for: org/cs362/dominion/Card$Type, superclass = java.lang.Enum
[INFO] Error while loading class: java.lang.ClassFormatError: Duplicate method name&signature in class file org/cs362/dominion/Card$Type
]]></system-out>
  </testcase>
  <testcase name="test03" classname="org.cs362.dominion.Card_ESTest" time="0.014">
    <error message="org/cs362/dominion/Card$CardName" type="java.lang.NoClassDefFoundError">java.lang.NoClassDefFoundError: org/cs362/dominion/Card$CardName
	at java.lang.ClassLoader.defineClass1(Native Method)
	at java.lang.ClassLoader.defineClass(ClassLoader.java:763)
	at java.lang.ClassLoader.defineClass(ClassLoader.java:642)
	at org.evosuite.runtime.instrumentation.EvoClassLoader.instrumentClass(EvoClassLoader.java:116)
	at org.evosuite.runtime.instrumentation.EvoClassLoader.loadClass(EvoClassLoader.java:92)
	at org.cs362.dominion.Card_ESTest.test03(Card_ESTest.java:49)
</error>
    <system-out><![CDATA[[INFO] Seeing class for first time: org.cs362.dominion.Card$CardName
[INFO] Instrumenting class 'org.cs362.dominion.Card$CardName'.
[INFO] Adding mock interface to class org/cs362/dominion/Card$CardName
[INFO] Found static initializer in class org/cs362/dominion/Card$CardName
[INFO] No hashCode defined for: org/cs362/dominion/Card$CardName, superclass = java.lang.Enum
[DEBUG] Going to instrument: org.cs362.dominion.Card$CardName
[INFO] Found static initializer in class org/cs362/dominion/Card$CardName
[INFO] No hashCode defined for: org/cs362/dominion/Card$CardName, superclass = java.lang.Enum
[INFO] Error while loading class: java.lang.ClassFormatError: Duplicate method name&signature in class file org/cs362/dominion/Card$CardName
[INFO] Seeing class for first time: org.cs362.dominion.Card$CardName
[INFO] Instrumenting class 'org.cs362.dominion.Card$CardName'.
[INFO] Adding mock interface to class org/cs362/dominion/Card$CardName
[INFO] Found static initializer in class org/cs362/dominion/Card$CardName
[INFO] No hashCode defined for: org/cs362/dominion/Card$CardName, superclass = java.lang.Enum
[DEBUG] Going to instrument: org.cs362.dominion.Card$CardName
[INFO] Found static initializer in class org/cs362/dominion/Card$CardName
[INFO] No hashCode defined for: org/cs362/dominion/Card$CardName, superclass = java.lang.Enum
[INFO] Error while loading class: java.lang.ClassFormatError: Duplicate method name&signature in class file org/cs362/dominion/Card$CardName
[INFO] Seeing class for first time: org.cs362.dominion.Card$Type
[INFO] Instrumenting class 'org.cs362.dominion.Card$Type'.
[INFO] Adding mock interface to class org/cs362/dominion/Card$Type
[INFO] Found static initializer in class org/cs362/dominion/Card$Type
[INFO] No hashCode defined for: org/cs362/dominion/Card$Type, superclass = java.lang.Enum
[DEBUG] Going to instrument: org.cs362.dominion.Card$Type
[INFO] Found static initializer in class org/cs362/dominion/Card$Type
[INFO] No hashCode defined for: org/cs362/dominion/Card$Type, superclass = java.lang.Enum
[INFO] Error while loading class: java.lang.ClassFormatError: Duplicate method name&signature in class file org/cs362/dominion/Card$Type
]]></system-out>
  </testcase>
  <testcase name="test25" classname="org.cs362.dominion.Card_ESTest" time="0.013">
    <error message="org/cs362/dominion/Card$CardName" type="java.lang.NoClassDefFoundError">java.lang.NoClassDefFoundError: org/cs362/dominion/Card$CardName
	at java.lang.ClassLoader.defineClass1(Native Method)
	at java.lang.ClassLoader.defineClass(ClassLoader.java:763)
	at java.lang.ClassLoader.defineClass(ClassLoader.java:642)
	at org.evosuite.runtime.instrumentation.EvoClassLoader.instrumentClass(EvoClassLoader.java:116)
	at org.evosuite.runtime.instrumentation.EvoClassLoader.loadClass(EvoClassLoader.java:92)
	at org.cs362.dominion.Card_ESTest.test25(Card_ESTest.java:286)
</error>
    <system-out><![CDATA[[INFO] Seeing class for first time: org.cs362.dominion.Card$CardName
[INFO] Instrumenting class 'org.cs362.dominion.Card$CardName'.
[INFO] Adding mock interface to class org/cs362/dominion/Card$CardName
[INFO] Found static initializer in class org/cs362/dominion/Card$CardName
[INFO] No hashCode defined for: org/cs362/dominion/Card$CardName, superclass = java.lang.Enum
[DEBUG] Going to instrument: org.cs362.dominion.Card$CardName
[INFO] Found static initializer in class org/cs362/dominion/Card$CardName
[INFO] No hashCode defined for: org/cs362/dominion/Card$CardName, superclass = java.lang.Enum
[INFO] Error while loading class: java.lang.ClassFormatError: Duplicate method name&signature in class file org/cs362/dominion/Card$CardName
[INFO] Seeing class for first time: org.cs362.dominion.Card$CardName
[INFO] Instrumenting class 'org.cs362.dominion.Card$CardName'.
[INFO] Adding mock interface to class org/cs362/dominion/Card$CardName
[INFO] Found static initializer in class org/cs362/dominion/Card$CardName
[INFO] No hashCode defined for: org/cs362/dominion/Card$CardName, superclass = java.lang.Enum
[DEBUG] Going to instrument: org.cs362.dominion.Card$CardName
[INFO] Found static initializer in class org/cs362/dominion/Card$CardName
[INFO] No hashCode defined for: org/cs362/dominion/Card$CardName, superclass = java.lang.Enum
[INFO] Error while loading class: java.lang.ClassFormatError: Duplicate method name&signature in class file org/cs362/dominion/Card$CardName
[INFO] Seeing class for first time: org.cs362.dominion.Card$Type
[INFO] Instrumenting class 'org.cs362.dominion.Card$Type'.
[INFO] Adding mock interface to class org/cs362/dominion/Card$Type
[INFO] Found static initializer in class org/cs362/dominion/Card$Type
[INFO] No hashCode defined for: org/cs362/dominion/Card$Type, superclass = java.lang.Enum
[DEBUG] Going to instrument: org.cs362.dominion.Card$Type
[INFO] Found static initializer in class org/cs362/dominion/Card$Type
[INFO] No hashCode defined for: org/cs362/dominion/Card$Type, superclass = java.lang.Enum
[INFO] Error while loading class: java.lang.ClassFormatError: Duplicate method name&signature in class file org/cs362/dominion/Card$Type
]]></system-out>
  </testcase>
  <testcase name="test04" classname="org.cs362.dominion.Card_ESTest" time="0.011">
    <error message="org/cs362/dominion/Card$CardName" type="java.lang.NoClassDefFoundError">java.lang.NoClassDefFoundError: org/cs362/dominion/Card$CardName
	at java.lang.ClassLoader.defineClass1(Native Method)
	at java.lang.ClassLoader.defineClass(ClassLoader.java:763)
	at java.lang.ClassLoader.defineClass(ClassLoader.java:642)
	at org.evosuite.runtime.instrumentation.EvoClassLoader.instrumentClass(EvoClassLoader.java:116)
	at org.evosuite.runtime.instrumentation.EvoClassLoader.loadClass(EvoClassLoader.java:92)
	at org.cs362.dominion.Card_ESTest.test04(Card_ESTest.java:59)
</error>
    <system-out><![CDATA[[INFO] Seeing class for first time: org.cs362.dominion.Card$CardName
[INFO] Instrumenting class 'org.cs362.dominion.Card$CardName'.
[INFO] Adding mock interface to class org/cs362/dominion/Card$CardName
[INFO] Found static initializer in class org/cs362/dominion/Card$CardName
[INFO] No hashCode defined for: org/cs362/dominion/Card$CardName, superclass = java.lang.Enum
[DEBUG] Going to instrument: org.cs362.dominion.Card$CardName
[INFO] Found static initializer in class org/cs362/dominion/Card$CardName
[INFO] No hashCode defined for: org/cs362/dominion/Card$CardName, superclass = java.lang.Enum
[INFO] Error while loading class: java.lang.ClassFormatError: Duplicate method name&signature in class file org/cs362/dominion/Card$CardName
[INFO] Found new thread
[INFO] Seeing class for first time: org.cs362.dominion.Card$CardName
[INFO] Instrumenting class 'org.cs362.dominion.Card$CardName'.
[INFO] Adding mock interface to class org/cs362/dominion/Card$CardName
[INFO] Found static initializer in class org/cs362/dominion/Card$CardName
[INFO] No hashCode defined for: org/cs362/dominion/Card$CardName, superclass = java.lang.Enum
[DEBUG] Going to instrument: org.cs362.dominion.Card$CardName
[INFO] Found static initializer in class org/cs362/dominion/Card$CardName
[INFO] No hashCode defined for: org/cs362/dominion/Card$CardName, superclass = java.lang.Enum
[INFO] Error while loading class: java.lang.ClassFormatError: Duplicate method name&signature in class file org/cs362/dominion/Card$CardName
[INFO] Seeing class for first time: org.cs362.dominion.Card$Type
[INFO] Instrumenting class 'org.cs362.dominion.Card$Type'.
[INFO] Adding mock interface to class org/cs362/dominion/Card$Type
[INFO] Found static initializer in class org/cs362/dominion/Card$Type
[INFO] No hashCode defined for: org/cs362/dominion/Card$Type, superclass = java.lang.Enum
[DEBUG] Going to instrument: org.cs362.dominion.Card$Type
[INFO] Found static initializer in class org/cs362/dominion/Card$Type
[INFO] No hashCode defined for: org/cs362/dominion/Card$Type, superclass = java.lang.Enum
[INFO] Error while loading class: java.lang.ClassFormatError: Duplicate method name&signature in class file org/cs362/dominion/Card$Type
]]></system-out>
  </testcase>
  <testcase name="test26" classname="org.cs362.dominion.Card_ESTest" time="0.006">
    <error message="org/cs362/dominion/Card$CardName" type="java.lang.NoClassDefFoundError">java.lang.NoClassDefFoundError: org/cs362/dominion/Card$CardName
	at java.lang.ClassLoader.defineClass1(Native Method)
	at java.lang.ClassLoader.defineClass(ClassLoader.java:763)
	at java.lang.ClassLoader.defineClass(ClassLoader.java:642)
	at org.evosuite.runtime.instrumentation.EvoClassLoader.instrumentClass(EvoClassLoader.java:116)
	at org.evosuite.runtime.instrumentation.EvoClassLoader.loadClass(EvoClassLoader.java:92)
	at org.cs362.dominion.Card_ESTest.test26(Card_ESTest.java:294)
</error>
    <system-out><![CDATA[[INFO] Seeing class for first time: org.cs362.dominion.Card$CardName
[INFO] Instrumenting class 'org.cs362.dominion.Card$CardName'.
[INFO] Adding mock interface to class org/cs362/dominion/Card$CardName
[INFO] Found static initializer in class org/cs362/dominion/Card$CardName
[INFO] No hashCode defined for: org/cs362/dominion/Card$CardName, superclass = java.lang.Enum
[DEBUG] Going to instrument: org.cs362.dominion.Card$CardName
[INFO] Found static initializer in class org/cs362/dominion/Card$CardName
[INFO] No hashCode defined for: org/cs362/dominion/Card$CardName, superclass = java.lang.Enum
[INFO] Error while loading class: java.lang.ClassFormatError: Duplicate method name&signature in class file org/cs362/dominion/Card$CardName
[INFO] Seeing class for first time: org.cs362.dominion.Card$CardName
[INFO] Instrumenting class 'org.cs362.dominion.Card$CardName'.
[INFO] Adding mock interface to class org/cs362/dominion/Card$CardName
[INFO] Found static initializer in class org/cs362/dominion/Card$CardName
[INFO] No hashCode defined for: org/cs362/dominion/Card$CardName, superclass = java.lang.Enum
[DEBUG] Going to instrument: org.cs362.dominion.Card$CardName
[INFO] Found static initializer in class org/cs362/dominion/Card$CardName
[INFO] No hashCode defined for: org/cs362/dominion/Card$CardName, superclass = java.lang.Enum
[INFO] Error while loading class: java.lang.ClassFormatError: Duplicate method name&signature in class file org/cs362/dominion/Card$CardName
[INFO] Seeing class for first time: org.cs362.dominion.Card$Type
[INFO] Instrumenting class 'org.cs362.dominion.Card$Type'.
[INFO] Adding mock interface to class org/cs362/dominion/Card$Type
[INFO] Found static initializer in class org/cs362/dominion/Card$Type
[INFO] No hashCode defined for: org/cs362/dominion/Card$Type, superclass = java.lang.Enum
[DEBUG] Going to instrument: org.cs362.dominion.Card$Type
[INFO] Found static initializer in class org/cs362/dominion/Card$Type
[INFO] No hashCode defined for: org/cs362/dominion/Card$Type, superclass = java.lang.Enum
[INFO] Error while loading class: java.lang.ClassFormatError: Duplicate method name&signature in class file org/cs362/dominion/Card$Type
]]></system-out>
  </testcase>
  <testcase name="test05" classname="org.cs362.dominion.Card_ESTest" time="0.023">
    <error message="org/cs362/dominion/Card$CardName" type="java.lang.NoClassDefFoundError">java.lang.NoClassDefFoundError: org/cs362/dominion/Card$CardName
	at java.lang.ClassLoader.defineClass1(Native Method)
	at java.lang.ClassLoader.defineClass(ClassLoader.java:763)
	at java.lang.ClassLoader.defineClass(ClassLoader.java:642)
	at org.evosuite.runtime.instrumentation.EvoClassLoader.instrumentClass(EvoClassLoader.java:116)
	at org.evosuite.runtime.instrumentation.EvoClassLoader.loadClass(EvoClassLoader.java:92)
	at org.cs362.dominion.Card_ESTest.test05(Card_ESTest.java:66)
</error>
    <system-out><![CDATA[[INFO] Seeing class for first time: org.cs362.dominion.Card$CardName
[INFO] Instrumenting class 'org.cs362.dominion.Card$CardName'.
[INFO] Adding mock interface to class org/cs362/dominion/Card$CardName
[INFO] Found static initializer in class org/cs362/dominion/Card$CardName
[INFO] No hashCode defined for: org/cs362/dominion/Card$CardName, superclass = java.lang.Enum
[DEBUG] Going to instrument: org.cs362.dominion.Card$CardName
[INFO] Found static initializer in class org/cs362/dominion/Card$CardName
[INFO] No hashCode defined for: org/cs362/dominion/Card$CardName, superclass = java.lang.Enum
[INFO] Error while loading class: java.lang.ClassFormatError: Duplicate method name&signature in class file org/cs362/dominion/Card$CardName
[INFO] Seeing class for first time: org.cs362.dominion.Card$CardName
[INFO] Instrumenting class 'org.cs362.dominion.Card$CardName'.
[INFO] Adding mock interface to class org/cs362/dominion/Card$CardName
[INFO] Found static initializer in class org/cs362/dominion/Card$CardName
[INFO] No hashCode defined for: org/cs362/dominion/Card$CardName, superclass = java.lang.Enum
[DEBUG] Going to instrument: org.cs362.dominion.Card$CardName
[INFO] Found static initializer in class org/cs362/dominion/Card$CardName
[INFO] No hashCode defined for: org/cs362/dominion/Card$CardName, superclass = java.lang.Enum
[INFO] Error while loading class: java.lang.ClassFormatError: Duplicate method name&signature in class file org/cs362/dominion/Card$CardName
[INFO] Seeing class for first time: org.cs362.dominion.Card$Type
[INFO] Instrumenting class 'org.cs362.dominion.Card$Type'.
[INFO] Adding mock interface to class org/cs362/dominion/Card$Type
[INFO] Found static initializer in class org/cs362/dominion/Card$Type
[INFO] No hashCode defined for: org/cs362/dominion/Card$Type, superclass = java.lang.Enum
[DEBUG] Going to instrument: org.cs362.dominion.Card$Type
[INFO] Found static initializer in class org/cs362/dominion/Card$Type
[INFO] No hashCode defined for: org/cs362/dominion/Card$Type, superclass = java.lang.Enum
[INFO] Error while loading class: java.lang.ClassFormatError: Duplicate method name&signature in class file org/cs362/dominion/Card$Type
]]></system-out>
  </testcase>
  <testcase name="test27" classname="org.cs362.dominion.Card_ESTest" time="0.008">
    <error message="org/cs362/dominion/Card$CardName" type="java.lang.NoClassDefFoundError">java.lang.NoClassDefFoundError: org/cs362/dominion/Card$CardName
	at java.lang.ClassLoader.defineClass1(Native Method)
	at java.lang.ClassLoader.defineClass(ClassLoader.java:763)
	at java.lang.ClassLoader.defineClass(ClassLoader.java:642)
	at org.evosuite.runtime.instrumentation.EvoClassLoader.instrumentClass(EvoClassLoader.java:116)
	at org.evosuite.runtime.instrumentation.EvoClassLoader.loadClass(EvoClassLoader.java:92)
	at org.cs362.dominion.Card_ESTest.test27(Card_ESTest.java:303)
</error>
    <system-out><![CDATA[[INFO] Seeing class for first time: org.cs362.dominion.Card$CardName
[INFO] Instrumenting class 'org.cs362.dominion.Card$CardName'.
[INFO] Adding mock interface to class org/cs362/dominion/Card$CardName
[INFO] Found static initializer in class org/cs362/dominion/Card$CardName
[INFO] No hashCode defined for: org/cs362/dominion/Card$CardName, superclass = java.lang.Enum
[DEBUG] Going to instrument: org.cs362.dominion.Card$CardName
[INFO] Found static initializer in class org/cs362/dominion/Card$CardName
[INFO] No hashCode defined for: org/cs362/dominion/Card$CardName, superclass = java.lang.Enum
[INFO] Error while loading class: java.lang.ClassFormatError: Duplicate method name&signature in class file org/cs362/dominion/Card$CardName
[INFO] Seeing class for first time: org.cs362.dominion.Card$CardName
[INFO] Instrumenting class 'org.cs362.dominion.Card$CardName'.
[INFO] Adding mock interface to class org/cs362/dominion/Card$CardName
[INFO] Found static initializer in class org/cs362/dominion/Card$CardName
[INFO] No hashCode defined for: org/cs362/dominion/Card$CardName, superclass = java.lang.Enum
[DEBUG] Going to instrument: org.cs362.dominion.Card$CardName
[INFO] Found static initializer in class org/cs362/dominion/Card$CardName
[INFO] No hashCode defined for: org/cs362/dominion/Card$CardName, superclass = java.lang.Enum
[INFO] Error while loading class: java.lang.ClassFormatError: Duplicate method name&signature in class file org/cs362/dominion/Card$CardName
[INFO] Seeing class for first time: org.cs362.dominion.Card$Type
[INFO] Instrumenting class 'org.cs362.dominion.Card$Type'.
[INFO] Adding mock interface to class org/cs362/dominion/Card$Type
[INFO] Found static initializer in class org/cs362/dominion/Card$Type
[INFO] No hashCode defined for: org/cs362/dominion/Card$Type, superclass = java.lang.Enum
[DEBUG] Going to instrument: org.cs362.dominion.Card$Type
[INFO] Found static initializer in class org/cs362/dominion/Card$Type
[INFO] No hashCode defined for: org/cs362/dominion/Card$Type, superclass = java.lang.Enum
[INFO] Error while loading class: java.lang.ClassFormatError: Duplicate method name&signature in class file org/cs362/dominion/Card$Type
]]></system-out>
  </testcase>
  <testcase name="test20" classname="org.cs362.dominion.Card_ESTest" time="0.029">
    <error message="org/cs362/dominion/Card$CardName" type="java.lang.NoClassDefFoundError">java.lang.NoClassDefFoundError: org/cs362/dominion/Card$CardName
	at java.lang.ClassLoader.defineClass1(Native Method)
	at java.lang.ClassLoader.defineClass(ClassLoader.java:763)
	at java.lang.ClassLoader.defineClass(ClassLoader.java:642)
	at org.evosuite.runtime.instrumentation.EvoClassLoader.instrumentClass(EvoClassLoader.java:116)
	at org.evosuite.runtime.instrumentation.EvoClassLoader.loadClass(EvoClassLoader.java:92)
	at org.cs362.dominion.Card_ESTest.test20(Card_ESTest.java:235)
</error>
    <system-out><![CDATA[[INFO] Seeing class for first time: org.cs362.dominion.Card$CardName
[INFO] Instrumenting class 'org.cs362.dominion.Card$CardName'.
[INFO] Adding mock interface to class org/cs362/dominion/Card$CardName
[INFO] Found static initializer in class org/cs362/dominion/Card$CardName
[INFO] No hashCode defined for: org/cs362/dominion/Card$CardName, superclass = java.lang.Enum
[DEBUG] Going to instrument: org.cs362.dominion.Card$CardName
[INFO] Found static initializer in class org/cs362/dominion/Card$CardName
[INFO] No hashCode defined for: org/cs362/dominion/Card$CardName, superclass = java.lang.Enum
[INFO] Error while loading class: java.lang.ClassFormatError: Duplicate method name&signature in class file org/cs362/dominion/Card$CardName
[INFO] Seeing class for first time: org.cs362.dominion.Card$CardName
[INFO] Instrumenting class 'org.cs362.dominion.Card$CardName'.
[INFO] Adding mock interface to class org/cs362/dominion/Card$CardName
[INFO] Found static initializer in class org/cs362/dominion/Card$CardName
[INFO] No hashCode defined for: org/cs362/dominion/Card$CardName, superclass = java.lang.Enum
[DEBUG] Going to instrument: org.cs362.dominion.Card$CardName
[INFO] Found static initializer in class org/cs362/dominion/Card$CardName
[INFO] No hashCode defined for: org/cs362/dominion/Card$CardName, superclass = java.lang.Enum
[INFO] Error while loading class: java.lang.ClassFormatError: Duplicate method name&signature in class file org/cs362/dominion/Card$CardName
[INFO] Seeing class for first time: org.cs362.dominion.Card$Type
[INFO] Instrumenting class 'org.cs362.dominion.Card$Type'.
[INFO] Adding mock interface to class org/cs362/dominion/Card$Type
[INFO] Found static initializer in class org/cs362/dominion/Card$Type
[INFO] No hashCode defined for: org/cs362/dominion/Card$Type, superclass = java.lang.Enum
[DEBUG] Going to instrument: org.cs362.dominion.Card$Type
[INFO] Found static initializer in class org/cs362/dominion/Card$Type
[INFO] No hashCode defined for: org/cs362/dominion/Card$Type, superclass = java.lang.Enum
[INFO] Error while loading class: java.lang.ClassFormatError: Duplicate method name&signature in class file org/cs362/dominion/Card$Type
]]></system-out>
  </testcase>
  <testcase name="test21" classname="org.cs362.dominion.Card_ESTest" time="0.021">
    <error message="org/cs362/dominion/Card$CardName" type="java.lang.NoClassDefFoundError">java.lang.NoClassDefFoundError: org/cs362/dominion/Card$CardName
	at java.lang.ClassLoader.defineClass1(Native Method)
	at java.lang.ClassLoader.defineClass(ClassLoader.java:763)
	at java.lang.ClassLoader.defineClass(ClassLoader.java:642)
	at org.evosuite.runtime.instrumentation.EvoClassLoader.instrumentClass(EvoClassLoader.java:116)
	at org.evosuite.runtime.instrumentation.EvoClassLoader.loadClass(EvoClassLoader.java:92)
	at org.cs362.dominion.Card_ESTest.test21(Card_ESTest.java:246)
</error>
    <system-out><![CDATA[[INFO] Seeing class for first time: org.cs362.dominion.Card$CardName
[INFO] Instrumenting class 'org.cs362.dominion.Card$CardName'.
[INFO] Adding mock interface to class org/cs362/dominion/Card$CardName
[INFO] Found static initializer in class org/cs362/dominion/Card$CardName
[INFO] No hashCode defined for: org/cs362/dominion/Card$CardName, superclass = java.lang.Enum
[DEBUG] Going to instrument: org.cs362.dominion.Card$CardName
[INFO] Found static initializer in class org/cs362/dominion/Card$CardName
[INFO] No hashCode defined for: org/cs362/dominion/Card$CardName, superclass = java.lang.Enum
[INFO] Error while loading class: java.lang.ClassFormatError: Duplicate method name&signature in class file org/cs362/dominion/Card$CardName
[INFO] Seeing class for first time: org.cs362.dominion.Card$CardName
[INFO] Instrumenting class 'org.cs362.dominion.Card$CardName'.
[INFO] Adding mock interface to class org/cs362/dominion/Card$CardName
[INFO] Found static initializer in class org/cs362/dominion/Card$CardName
[INFO] No hashCode defined for: org/cs362/dominion/Card$CardName, superclass = java.lang.Enum
[DEBUG] Going to instrument: org.cs362.dominion.Card$CardName
[INFO] Found static initializer in class org/cs362/dominion/Card$CardName
[INFO] No hashCode defined for: org/cs362/dominion/Card$CardName, superclass = java.lang.Enum
[INFO] Error while loading class: java.lang.ClassFormatError: Duplicate method name&signature in class file org/cs362/dominion/Card$CardName
[INFO] Seeing class for first time: org.cs362.dominion.Card$Type
[INFO] Instrumenting class 'org.cs362.dominion.Card$Type'.
[INFO] Adding mock interface to class org/cs362/dominion/Card$Type
[INFO] Found static initializer in class org/cs362/dominion/Card$Type
[INFO] No hashCode defined for: org/cs362/dominion/Card$Type, superclass = java.lang.Enum
[DEBUG] Going to instrument: org.cs362.dominion.Card$Type
[INFO] Found static initializer in class org/cs362/dominion/Card$Type
[INFO] No hashCode defined for: org/cs362/dominion/Card$Type, superclass = java.lang.Enum
[INFO] Error while loading class: java.lang.ClassFormatError: Duplicate method name&signature in class file org/cs362/dominion/Card$Type
]]></system-out>
  </testcase>
  <testcase name="test00" classname="org.cs362.dominion.Card_ESTest" time="0.008">
    <error message="org/cs362/dominion/Card$CardName" type="java.lang.NoClassDefFoundError">java.lang.NoClassDefFoundError: org/cs362/dominion/Card$CardName
	at java.lang.ClassLoader.defineClass1(Native Method)
	at java.lang.ClassLoader.defineClass(ClassLoader.java:763)
	at java.lang.ClassLoader.defineClass(ClassLoader.java:642)
	at org.evosuite.runtime.instrumentation.EvoClassLoader.instrumentClass(EvoClassLoader.java:116)
	at org.evosuite.runtime.instrumentation.EvoClassLoader.loadClass(EvoClassLoader.java:92)
	at org.cs362.dominion.Card_ESTest.test00(Card_ESTest.java:27)
</error>
    <system-out><![CDATA[[INFO] Seeing class for first time: org.cs362.dominion.Card$CardName
[INFO] Instrumenting class 'org.cs362.dominion.Card$CardName'.
[INFO] Adding mock interface to class org/cs362/dominion/Card$CardName
[INFO] Found static initializer in class org/cs362/dominion/Card$CardName
[INFO] No hashCode defined for: org/cs362/dominion/Card$CardName, superclass = java.lang.Enum
[DEBUG] Going to instrument: org.cs362.dominion.Card$CardName
[INFO] Found static initializer in class org/cs362/dominion/Card$CardName
[INFO] No hashCode defined for: org/cs362/dominion/Card$CardName, superclass = java.lang.Enum
[INFO] Error while loading class: java.lang.ClassFormatError: Duplicate method name&signature in class file org/cs362/dominion/Card$CardName
[INFO] Seeing class for first time: org.cs362.dominion.Card$CardName
[INFO] Instrumenting class 'org.cs362.dominion.Card$CardName'.
[INFO] Adding mock interface to class org/cs362/dominion/Card$CardName
[INFO] Found static initializer in class org/cs362/dominion/Card$CardName
[INFO] No hashCode defined for: org/cs362/dominion/Card$CardName, superclass = java.lang.Enum
[DEBUG] Going to instrument: org.cs362.dominion.Card$CardName
[INFO] Found static initializer in class org/cs362/dominion/Card$CardName
[INFO] No hashCode defined for: org/cs362/dominion/Card$CardName, superclass = java.lang.Enum
[INFO] Error while loading class: java.lang.ClassFormatError: Duplicate method name&signature in class file org/cs362/dominion/Card$CardName
[INFO] Seeing class for first time: org.cs362.dominion.Card$Type
[INFO] Instrumenting class 'org.cs362.dominion.Card$Type'.
[INFO] Adding mock interface to class org/cs362/dominion/Card$Type
[INFO] Found static initializer in class org/cs362/dominion/Card$Type
[INFO] No hashCode defined for: org/cs362/dominion/Card$Type, superclass = java.lang.Enum
[DEBUG] Going to instrument: org.cs362.dominion.Card$Type
[INFO] Found static initializer in class org/cs362/dominion/Card$Type
[INFO] No hashCode defined for: org/cs362/dominion/Card$Type, superclass = java.lang.Enum
[INFO] Error while loading class: java.lang.ClassFormatError: Duplicate method name&signature in class file org/cs362/dominion/Card$Type
]]></system-out>
  </testcase>
  <testcase name="test22" classname="org.cs362.dominion.Card_ESTest" time="0.005">
    <error message="org/cs362/dominion/Card$CardName" type="java.lang.NoClassDefFoundError">java.lang.NoClassDefFoundError: org/cs362/dominion/Card$CardName
	at java.lang.ClassLoader.defineClass1(Native Method)
	at java.lang.ClassLoader.defineClass(ClassLoader.java:763)
	at java.lang.ClassLoader.defineClass(ClassLoader.java:642)
	at org.evosuite.runtime.instrumentation.EvoClassLoader.instrumentClass(EvoClassLoader.java:116)
	at org.evosuite.runtime.instrumentation.EvoClassLoader.loadClass(EvoClassLoader.java:92)
	at org.cs362.dominion.Card_ESTest.test22(Card_ESTest.java:256)
</error>
    <system-out><![CDATA[[INFO] Seeing class for first time: org.cs362.dominion.Card$CardName
[INFO] Instrumenting class 'org.cs362.dominion.Card$CardName'.
[INFO] Adding mock interface to class org/cs362/dominion/Card$CardName
[INFO] Found static initializer in class org/cs362/dominion/Card$CardName
[INFO] No hashCode defined for: org/cs362/dominion/Card$CardName, superclass = java.lang.Enum
[DEBUG] Going to instrument: org.cs362.dominion.Card$CardName
[INFO] Found static initializer in class org/cs362/dominion/Card$CardName
[INFO] No hashCode defined for: org/cs362/dominion/Card$CardName, superclass = java.lang.Enum
[INFO] Error while loading class: java.lang.ClassFormatError: Duplicate method name&signature in class file org/cs362/dominion/Card$CardName
[INFO] Seeing class for first time: org.cs362.dominion.Card$CardName
[INFO] Instrumenting class 'org.cs362.dominion.Card$CardName'.
[INFO] Adding mock interface to class org/cs362/dominion/Card$CardName
[INFO] Found static initializer in class org/cs362/dominion/Card$CardName
[INFO] No hashCode defined for: org/cs362/dominion/Card$CardName, superclass = java.lang.Enum
[DEBUG] Going to instrument: org.cs362.dominion.Card$CardName
[INFO] Found static initializer in class org/cs362/dominion/Card$CardName
[INFO] No hashCode defined for: org/cs362/dominion/Card$CardName, superclass = java.lang.Enum
[INFO] Error while loading class: java.lang.ClassFormatError: Duplicate method name&signature in class file org/cs362/dominion/Card$CardName
[INFO] Seeing class for first time: org.cs362.dominion.Card$Type
[INFO] Instrumenting class 'org.cs362.dominion.Card$Type'.
[INFO] Adding mock interface to class org/cs362/dominion/Card$Type
[INFO] Found static initializer in class org/cs362/dominion/Card$Type
[INFO] No hashCode defined for: org/cs362/dominion/Card$Type, superclass = java.lang.Enum
[DEBUG] Going to instrument: org.cs362.dominion.Card$Type
[INFO] Found static initializer in class org/cs362/dominion/Card$Type
[INFO] No hashCode defined for: org/cs362/dominion/Card$Type, superclass = java.lang.Enum
[INFO] Error while loading class: java.lang.ClassFormatError: Duplicate method name&signature in class file org/cs362/dominion/Card$Type
]]></system-out>
  </testcase>
  <testcase name="test01" classname="org.cs362.dominion.Card_ESTest" time="0.009">
    <error message="org/cs362/dominion/Card$CardName" type="java.lang.NoClassDefFoundError">java.lang.NoClassDefFoundError: org/cs362/dominion/Card$CardName
	at java.lang.ClassLoader.defineClass1(Native Method)
	at java.lang.ClassLoader.defineClass(ClassLoader.java:763)
	at java.lang.ClassLoader.defineClass(ClassLoader.java:642)
	at org.evosuite.runtime.instrumentation.EvoClassLoader.instrumentClass(EvoClassLoader.java:116)
	at org.evosuite.runtime.instrumentation.EvoClassLoader.loadClass(EvoClassLoader.java:92)
	at org.cs362.dominion.Card_ESTest.test01(Card_ESTest.java:35)
</error>
    <system-out><![CDATA[[INFO] Seeing class for first time: org.cs362.dominion.Card$CardName
[INFO] Instrumenting class 'org.cs362.dominion.Card$CardName'.
[INFO] Adding mock interface to class org/cs362/dominion/Card$CardName
[INFO] Found static initializer in class org/cs362/dominion/Card$CardName
[INFO] No hashCode defined for: org/cs362/dominion/Card$CardName, superclass = java.lang.Enum
[DEBUG] Going to instrument: org.cs362.dominion.Card$CardName
[INFO] Found static initializer in class org/cs362/dominion/Card$CardName
[INFO] No hashCode defined for: org/cs362/dominion/Card$CardName, superclass = java.lang.Enum
[INFO] Error while loading class: java.lang.ClassFormatError: Duplicate method name&signature in class file org/cs362/dominion/Card$CardName
[INFO] Seeing class for first time: org.cs362.dominion.Card$CardName
[INFO] Instrumenting class 'org.cs362.dominion.Card$CardName'.
[INFO] Adding mock interface to class org/cs362/dominion/Card$CardName
[INFO] Found static initializer in class org/cs362/dominion/Card$CardName
[INFO] No hashCode defined for: org/cs362/dominion/Card$CardName, superclass = java.lang.Enum
[DEBUG] Going to instrument: org.cs362.dominion.Card$CardName
[INFO] Found static initializer in class org/cs362/dominion/Card$CardName
[INFO] No hashCode defined for: org/cs362/dominion/Card$CardName, superclass = java.lang.Enum
[INFO] Error while loading class: java.lang.ClassFormatError: Duplicate method name&signature in class file org/cs362/dominion/Card$CardName
[INFO] Seeing class for first time: org.cs362.dominion.Card$Type
[INFO] Instrumenting class 'org.cs362.dominion.Card$Type'.
[INFO] Adding mock interface to class org/cs362/dominion/Card$Type
[INFO] Found static initializer in class org/cs362/dominion/Card$Type
[INFO] No hashCode defined for: org/cs362/dominion/Card$Type, superclass = java.lang.Enum
[DEBUG] Going to instrument: org.cs362.dominion.Card$Type
[INFO] Found static initializer in class org/cs362/dominion/Card$Type
[INFO] No hashCode defined for: org/cs362/dominion/Card$Type, superclass = java.lang.Enum
[INFO] Error while loading class: java.lang.ClassFormatError: Duplicate method name&signature in class file org/cs362/dominion/Card$Type
]]></system-out>
  </testcase>
  <testcase name="test23" classname="org.cs362.dominion.Card_ESTest" time="0.019">
    <error message="org/cs362/dominion/Card$CardName" type="java.lang.NoClassDefFoundError">java.lang.NoClassDefFoundError: org/cs362/dominion/Card$CardName
	at java.lang.ClassLoader.defineClass1(Native Method)
	at java.lang.ClassLoader.defineClass(ClassLoader.java:763)
	at java.lang.ClassLoader.defineClass(ClassLoader.java:642)
	at org.evosuite.runtime.instrumentation.EvoClassLoader.instrumentClass(EvoClassLoader.java:116)
	at org.evosuite.runtime.instrumentation.EvoClassLoader.loadClass(EvoClassLoader.java:92)
	at org.cs362.dominion.Card_ESTest.test23(Card_ESTest.java:267)
</error>
    <system-out><![CDATA[[INFO] Seeing class for first time: org.cs362.dominion.Card$CardName
[INFO] Instrumenting class 'org.cs362.dominion.Card$CardName'.
[INFO] Adding mock interface to class org/cs362/dominion/Card$CardName
[INFO] Found static initializer in class org/cs362/dominion/Card$CardName
[INFO] No hashCode defined for: org/cs362/dominion/Card$CardName, superclass = java.lang.Enum
[DEBUG] Going to instrument: org.cs362.dominion.Card$CardName
[INFO] Found static initializer in class org/cs362/dominion/Card$CardName
[INFO] No hashCode defined for: org/cs362/dominion/Card$CardName, superclass = java.lang.Enum
[INFO] Error while loading class: java.lang.ClassFormatError: Duplicate method name&signature in class file org/cs362/dominion/Card$CardName
[INFO] Seeing class for first time: org.cs362.dominion.Card$CardName
[INFO] Instrumenting class 'org.cs362.dominion.Card$CardName'.
[INFO] Adding mock interface to class org/cs362/dominion/Card$CardName
[INFO] Found static initializer in class org/cs362/dominion/Card$CardName
[INFO] No hashCode defined for: org/cs362/dominion/Card$CardName, superclass = java.lang.Enum
[DEBUG] Going to instrument: org.cs362.dominion.Card$CardName
[INFO] Found static initializer in class org/cs362/dominion/Card$CardName
[INFO] No hashCode defined for: org/cs362/dominion/Card$CardName, superclass = java.lang.Enum
[INFO] Error while loading class: java.lang.ClassFormatError: Duplicate method name&signature in class file org/cs362/dominion/Card$CardName
[INFO] Seeing class for first time: org.cs362.dominion.Card$Type
[INFO] Instrumenting class 'org.cs362.dominion.Card$Type'.
[INFO] Adding mock interface to class org/cs362/dominion/Card$Type
[INFO] Found static initializer in class org/cs362/dominion/Card$Type
[INFO] No hashCode defined for: org/cs362/dominion/Card$Type, superclass = java.lang.Enum
[DEBUG] Going to instrument: org.cs362.dominion.Card$Type
[INFO] Found static initializer in class org/cs362/dominion/Card$Type
[INFO] No hashCode defined for: org/cs362/dominion/Card$Type, superclass = java.lang.Enum
[INFO] Error while loading class: java.lang.ClassFormatError: Duplicate method name&signature in class file org/cs362/dominion/Card$Type
]]></system-out>
  </testcase>
</testsuite>