<?xml version="1.0" encoding="UTF-8"?>
<testsuite name="org.cs362.dominion.Card_ESTest" time="0.009" tests="35" errors="1" skipped="0" failures="0">
  <properties>
[...]
</properties>
  <testcase name="test17" classname="org.cs362.dominion.Card_ESTest" time="0.001"/>
  <testcase name="test18" classname="org.cs362.dominion.Card_ESTest" time="0"/>
  <testcase name="test19" classname="org.cs362.dominion.Card_ESTest" time="0"/>
  <testcase name="test13" classname="org.cs362.dominion.Card_ESTest" time="0.001">
    <error type="java.lang.NullPointerException:">java.lang.NullPointerException: null
	at org.cs362.dominion.Randomness.nextRandomInt(Randomness.java:34)
	at org.cs362.dominion.Player.drawCard(Player.java:44)
	at org.cs362.dominion.Card_ESTest.test13(Card_ESTest.java:222)
</error>
    <system-out><![CDATA[reshuffle the deck of the player _/^qGb%)AFun5F|OkX[ to draw FIVE cards
[INFO] Found new thread
[DEBUG] __STATIC_RESET() method does not exists in class org.cs362.dominion.Card$CardName
[DEBUG] __STATIC_RESET() method does not exists in class org.cs362.dominion.Card$Type
[DEBUG] __STATIC_RESET() method does not exists in class org.cs362.dominion.Randomness
]]></system-out>
  </testcase>
  <testcase name="test35" classname="org.cs362.dominion.Card_ESTest" time="0"/>
  <testcase name="test14" classname="org.cs362.dominion.Card_ESTest" time="0"/>
  <testcase name="test15" classname="org.cs362.dominion.Card_ESTest" time="0"/>
  <testcase name="test16" classname="org.cs362.dominion.Card_ESTest" time="0"/>
  <testcase name="test31" classname="org.cs362.dominion.Card_ESTest" time="0"/>
  <testcase name="test10" classname="org.cs362.dominion.Card_ESTest" time="0.001"/>
  <testcase name="test32" classname="org.cs362.dominion.Card_ESTest" time="0"/>
  <testcase name="test11" classname="org.cs362.dominion.Card_ESTest" time="0"/>
  <testcase name="test33" classname="org.cs362.dominion.Card_ESTest" time="0.001"/>
  <testcase name="test12" classname="org.cs362.dominion.Card_ESTest" time="0"/>
  <testcase name="test34" classname="org.cs362.dominion.Card_ESTest" time="0"/>
  <testcase name="test30" classname="org.cs362.dominion.Card_ESTest" time="0.001"/>
  <testcase name="test06" classname="org.cs362.dominion.Card_ESTest" time="0"/>
  <testcase name="test28" classname="org.cs362.dominion.Card_ESTest" time="0"/>
  <testcase name="test07" classname="org.cs362.dominion.Card_ESTest" time="0"/>
  <testcase name="test08" classname="org.cs362.dominion.Card_ESTest" time="0"/>
  <testcase name="test09" classname="org.cs362.dominion.Card_ESTest" time="0"/>
  <testcase name="test02" classname="org.cs362.dominion.Card_ESTest" time="0"/>
  <testcase name="test24" classname="org.cs362.dominion.Card_ESTest" time="0"/>
  <testcase name="test03" classname="org.cs362.dominion.Card_ESTest" time="0"/>
  <testcase name="test25" classname="org.cs362.dominion.Card_ESTest" time="0"/>
  <testcase name="test04" classname="org.cs362.dominion.Card_ESTest" time="0.001"/>
  <testcase name="test26" classname="org.cs362.dominion.Card_ESTest" time="0.003"/>
  <testcase name="test05" classname="org.cs362.dominion.Card_ESTest" time="0"/>
  <testcase name="test27" classname="org.cs362.dominion.Card_ESTest" time="0"/>
  <testcase name="test20" classname="org.cs362.dominion.Card_ESTest" time="0"/>
  <testcase name="test21" classname="org.cs362.dominion.Card_ESTest" time="0"/>
  <testcase name="test00" classname="org.cs362.dominion.Card_ESTest" time="0"/>
  <testcase name="test22" classname="org.cs362.dominion.Card_ESTest" time="0"/>
  <testcase name="test01" classname="org.cs362.dominion.Card_ESTest" time="0"/>
  <testcase name="test23" classname="org.cs362.dominion.Card_ESTest" time="0"/>
</testsuite>