-------------------------------------------------------------------------------
Test set: org.cs362.dominion.Randomness_ESTest
-------------------------------------------------------------------------------
Tests run: 12, Failures: 0, Errors: 12, Skipped: 0, Time elapsed: 0.001 sec <<< FAILURE! - in org.cs362.dominion.Randomness_ESTest
test00(org.cs362.dominion.Randomness_ESTest)  Time elapsed: 0 sec  <<< ERROR!
java.lang.NoClassDefFoundError: org/cs362/dominion/Randomness
	at java.lang.ClassLoader.defineClass1(Native Method)
	at java.lang.ClassLoader.defineClass(ClassLoader.java:763)
	at java.lang.ClassLoader.defineClass(ClassLoader.java:642)
	at org.evosuite.runtime.instrumentation.EvoClassLoader.instrumentClass(EvoClassLoader.java:116)
	at org.evosuite.runtime.instrumentation.EvoClassLoader.loadClass(EvoClassLoader.java:92)
	at org.cs362.dominion.Randomness_ESTest.test00(Randomness_ESTest.java:28)

test11(org.cs362.dominion.Randomness_ESTest)  Time elapsed: 0 sec  <<< ERROR!
java.lang.NoClassDefFoundError: org/cs362/dominion/Randomness
	at org.cs362.dominion.Randomness_ESTest.test11(Randomness_ESTest.java:171)

test01(org.cs362.dominion.Randomness_ESTest)  Time elapsed: 0 sec  <<< ERROR!
java.lang.NoClassDefFoundError: org/cs362/dominion/Randomness
	at org.cs362.dominion.Randomness_ESTest.test01(Randomness_ESTest.java:47)

test10(org.cs362.dominion.Randomness_ESTest)  Time elapsed: 0 sec  <<< ERROR!
java.lang.NoClassDefFoundError: org/cs362/dominion/Randomness
	at org.cs362.dominion.Randomness_ESTest.test10(Randomness_ESTest.java:165)

test04(org.cs362.dominion.Randomness_ESTest)  Time elapsed: 0 sec  <<< ERROR!
java.lang.NoClassDefFoundError: org/cs362/dominion/Randomness
	at org.cs362.dominion.Randomness_ESTest.test04(Randomness_ESTest.java:79)

test05(org.cs362.dominion.Randomness_ESTest)  Time elapsed: 0 sec  <<< ERROR!
java.lang.NoClassDefFoundError: org/cs362/dominion/Randomness
	at org.cs362.dominion.Randomness_ESTest.test05(Randomness_ESTest.java:97)

test02(org.cs362.dominion.Randomness_ESTest)  Time elapsed: 0 sec  <<< ERROR!
java.lang.NoClassDefFoundError: org/cs362/dominion/Randomness
	at org.cs362.dominion.Randomness_ESTest.test02(Randomness_ESTest.java:54)

test03(org.cs362.dominion.Randomness_ESTest)  Time elapsed: 0 sec  <<< ERROR!
java.lang.NoClassDefFoundError: org/cs362/dominion/Randomness
	at org.cs362.dominion.Randomness_ESTest.test03(Randomness_ESTest.java:60)

test08(org.cs362.dominion.Randomness_ESTest)  Time elapsed: 0 sec  <<< ERROR!
java.lang.NoClassDefFoundError: org/cs362/dominion/Randomness
	at org.cs362.dominion.Randomness_ESTest.test08(Randomness_ESTest.java:137)

test09(org.cs362.dominion.Randomness_ESTest)  Time elapsed: 0 sec  <<< ERROR!
java.lang.NoClassDefFoundError: org/cs362/dominion/Randomness
	at org.cs362.dominion.Randomness_ESTest.test09(Randomness_ESTest.java:152)

test06(org.cs362.dominion.Randomness_ESTest)  Time elapsed: 0 sec  <<< ERROR!
java.lang.NoClassDefFoundError: org/cs362/dominion/Randomness
	at org.cs362.dominion.Randomness_ESTest.test06(Randomness_ESTest.java:109)

test07(org.cs362.dominion.Randomness_ESTest)  Time elapsed: 0 sec  <<< ERROR!
java.lang.NoClassDefFoundError: org/cs362/dominion/Randomness
	at org.cs362.dominion.Randomness_ESTest.test07(Randomness_ESTest.java:128)

