-------------------------------------------------------------------------------
Test set: org.cs362.dominion.Card_ESTest
-------------------------------------------------------------------------------
Tests run: 25, Failures: 0, Errors: 25, Skipped: 0, Time elapsed: 7.48 sec <<< FAILURE! - in org.cs362.dominion.Card_ESTest
test17(org.cs362.dominion.Card_ESTest)  Time elapsed: 0.052 sec  <<< ERROR!
java.lang.NoClassDefFoundError: org/cs362/dominion/Card$CardName
	at java.lang.ClassLoader.defineClass1(Native Method)
	at java.lang.ClassLoader.defineClass(ClassLoader.java:763)
	at java.lang.ClassLoader.defineClass(ClassLoader.java:642)
	at org.evosuite.runtime.instrumentation.EvoClassLoader.instrumentClass(EvoClassLoader.java:116)
	at org.evosuite.runtime.instrumentation.EvoClassLoader.loadClass(EvoClassLoader.java:92)
	at org.cs362.dominion.Card_ESTest.test17(Card_ESTest.java:201)

test18(org.cs362.dominion.Card_ESTest)  Time elapsed: 0.017 sec  <<< ERROR!
java.lang.NoClassDefFoundError: org/cs362/dominion/Card$CardName
	at java.lang.ClassLoader.defineClass1(Native Method)
	at java.lang.ClassLoader.defineClass(ClassLoader.java:763)
	at java.lang.ClassLoader.defineClass(ClassLoader.java:642)
	at org.evosuite.runtime.instrumentation.EvoClassLoader.instrumentClass(EvoClassLoader.java:116)
	at org.evosuite.runtime.instrumentation.EvoClassLoader.loadClass(EvoClassLoader.java:92)
	at org.cs362.dominion.Card_ESTest.test18(Card_ESTest.java:211)

test19(org.cs362.dominion.Card_ESTest)  Time elapsed: 0.024 sec  <<< ERROR!
java.lang.NoClassDefFoundError: org/cs362/dominion/Card$CardName
	at java.lang.ClassLoader.defineClass1(Native Method)
	at java.lang.ClassLoader.defineClass(ClassLoader.java:763)
	at java.lang.ClassLoader.defineClass(ClassLoader.java:642)
	at org.evosuite.runtime.instrumentation.EvoClassLoader.instrumentClass(EvoClassLoader.java:116)
	at org.evosuite.runtime.instrumentation.EvoClassLoader.loadClass(EvoClassLoader.java:92)
	at org.cs362.dominion.Card_ESTest.test19(Card_ESTest.java:223)

test13(org.cs362.dominion.Card_ESTest)  Time elapsed: 0.029 sec  <<< ERROR!
java.lang.NoClassDefFoundError: org/cs362/dominion/Card$CardName
	at java.lang.ClassLoader.defineClass1(Native Method)
	at java.lang.ClassLoader.defineClass(ClassLoader.java:763)
	at java.lang.ClassLoader.defineClass(ClassLoader.java:642)
	at org.evosuite.runtime.instrumentation.EvoClassLoader.instrumentClass(EvoClassLoader.java:116)
	at org.evosuite.runtime.instrumentation.EvoClassLoader.loadClass(EvoClassLoader.java:92)
	at org.cs362.dominion.Card_ESTest.test13(Card_ESTest.java:161)

test14(org.cs362.dominion.Card_ESTest)  Time elapsed: 0.034 sec  <<< ERROR!
java.lang.NoClassDefFoundError: org/cs362/dominion/Card$CardName
	at java.lang.ClassLoader.defineClass1(Native Method)
	at java.lang.ClassLoader.defineClass(ClassLoader.java:763)
	at java.lang.ClassLoader.defineClass(ClassLoader.java:642)
	at org.evosuite.runtime.instrumentation.EvoClassLoader.instrumentClass(EvoClassLoader.java:116)
	at org.evosuite.runtime.instrumentation.EvoClassLoader.loadClass(EvoClassLoader.java:92)
	at org.cs362.dominion.Card_ESTest.test14(Card_ESTest.java:168)

test15(org.cs362.dominion.Card_ESTest)  Time elapsed: 0.025 sec  <<< ERROR!
java.lang.NoClassDefFoundError: org/cs362/dominion/Card$CardName
	at java.lang.ClassLoader.defineClass1(Native Method)
	at java.lang.ClassLoader.defineClass(ClassLoader.java:763)
	at java.lang.ClassLoader.defineClass(ClassLoader.java:642)
	at org.evosuite.runtime.instrumentation.EvoClassLoader.instrumentClass(EvoClassLoader.java:116)
	at org.evosuite.runtime.instrumentation.EvoClassLoader.loadClass(EvoClassLoader.java:92)
	at org.cs362.dominion.Card_ESTest.test15(Card_ESTest.java:178)

test16(org.cs362.dominion.Card_ESTest)  Time elapsed: 0.025 sec  <<< ERROR!
java.lang.NoClassDefFoundError: org/cs362/dominion/Card$CardName
	at java.lang.ClassLoader.defineClass1(Native Method)
	at java.lang.ClassLoader.defineClass(ClassLoader.java:763)
	at java.lang.ClassLoader.defineClass(ClassLoader.java:642)
	at org.evosuite.runtime.instrumentation.EvoClassLoader.instrumentClass(EvoClassLoader.java:116)
	at org.evosuite.runtime.instrumentation.EvoClassLoader.loadClass(EvoClassLoader.java:92)
	at org.cs362.dominion.Card_ESTest.test16(Card_ESTest.java:190)

test10(org.cs362.dominion.Card_ESTest)  Time elapsed: 0.014 sec  <<< ERROR!
java.lang.NoClassDefFoundError: org/cs362/dominion/Card$CardName
	at java.lang.ClassLoader.defineClass1(Native Method)
	at java.lang.ClassLoader.defineClass(ClassLoader.java:763)
	at java.lang.ClassLoader.defineClass(ClassLoader.java:642)
	at org.evosuite.runtime.instrumentation.EvoClassLoader.instrumentClass(EvoClassLoader.java:116)
	at org.evosuite.runtime.instrumentation.EvoClassLoader.loadClass(EvoClassLoader.java:92)
	at org.cs362.dominion.Card_ESTest.test10(Card_ESTest.java:133)

test11(org.cs362.dominion.Card_ESTest)  Time elapsed: 0.024 sec  <<< ERROR!
java.lang.NoClassDefFoundError: org/cs362/dominion/Card$CardName
	at java.lang.ClassLoader.defineClass1(Native Method)
	at java.lang.ClassLoader.defineClass(ClassLoader.java:763)
	at java.lang.ClassLoader.defineClass(ClassLoader.java:642)
	at org.evosuite.runtime.instrumentation.EvoClassLoader.instrumentClass(EvoClassLoader.java:116)
	at org.evosuite.runtime.instrumentation.EvoClassLoader.loadClass(EvoClassLoader.java:92)
	at org.cs362.dominion.Card_ESTest.test11(Card_ESTest.java:143)

test12(org.cs362.dominion.Card_ESTest)  Time elapsed: 0.02 sec  <<< ERROR!
java.lang.NoClassDefFoundError: org/cs362/dominion/Card$CardName
	at java.lang.ClassLoader.defineClass1(Native Method)
	at java.lang.ClassLoader.defineClass(ClassLoader.java:763)
	at java.lang.ClassLoader.defineClass(ClassLoader.java:642)
	at org.evosuite.runtime.instrumentation.EvoClassLoader.instrumentClass(EvoClassLoader.java:116)
	at org.evosuite.runtime.instrumentation.EvoClassLoader.loadClass(EvoClassLoader.java:92)
	at org.cs362.dominion.Card_ESTest.test12(Card_ESTest.java:152)

test06(org.cs362.dominion.Card_ESTest)  Time elapsed: 0.031 sec  <<< ERROR!
java.lang.NoClassDefFoundError: org/cs362/dominion/Card$CardName
	at java.lang.ClassLoader.defineClass1(Native Method)
	at java.lang.ClassLoader.defineClass(ClassLoader.java:763)
	at java.lang.ClassLoader.defineClass(ClassLoader.java:642)
	at org.evosuite.runtime.instrumentation.EvoClassLoader.instrumentClass(EvoClassLoader.java:116)
	at org.evosuite.runtime.instrumentation.EvoClassLoader.loadClass(EvoClassLoader.java:92)
	at org.cs362.dominion.Card_ESTest.test06(Card_ESTest.java:80)

test07(org.cs362.dominion.Card_ESTest)  Time elapsed: 0.012 sec  <<< ERROR!
java.lang.NoClassDefFoundError: org/cs362/dominion/Card$CardName
	at java.lang.ClassLoader.defineClass1(Native Method)
	at java.lang.ClassLoader.defineClass(ClassLoader.java:763)
	at java.lang.ClassLoader.defineClass(ClassLoader.java:642)
	at org.evosuite.runtime.instrumentation.EvoClassLoader.instrumentClass(EvoClassLoader.java:116)
	at org.evosuite.runtime.instrumentation.EvoClassLoader.loadClass(EvoClassLoader.java:92)
	at org.cs362.dominion.Card_ESTest.test07(Card_ESTest.java:89)

test08(org.cs362.dominion.Card_ESTest)  Time elapsed: 0.013 sec  <<< ERROR!
java.lang.NoClassDefFoundError: org/cs362/dominion/Card$CardName
	at org.cs362.dominion.Card_ESTest.test08(Card_ESTest.java:101)

test09(org.cs362.dominion.Card_ESTest)  Time elapsed: 0.014 sec  <<< ERROR!
java.lang.NoClassDefFoundError: org/cs362/dominion/Card$Type
	at java.lang.ClassLoader.defineClass1(Native Method)
	at java.lang.ClassLoader.defineClass(ClassLoader.java:763)
	at java.lang.ClassLoader.defineClass(ClassLoader.java:642)
	at org.evosuite.runtime.instrumentation.EvoClassLoader.instrumentClass(EvoClassLoader.java:116)
	at org.evosuite.runtime.instrumentation.EvoClassLoader.loadClass(EvoClassLoader.java:92)
	at org.cs362.dominion.Card_ESTest.test09(Card_ESTest.java:117)

test02(org.cs362.dominion.Card_ESTest)  Time elapsed: 0.015 sec  <<< ERROR!
java.lang.NoClassDefFoundError: org/cs362/dominion/Card$CardName
	at java.lang.ClassLoader.defineClass1(Native Method)
	at java.lang.ClassLoader.defineClass(ClassLoader.java:763)
	at java.lang.ClassLoader.defineClass(ClassLoader.java:642)
	at org.evosuite.runtime.instrumentation.EvoClassLoader.instrumentClass(EvoClassLoader.java:116)
	at org.evosuite.runtime.instrumentation.EvoClassLoader.loadClass(EvoClassLoader.java:92)
	at org.cs362.dominion.Card_ESTest.test02(Card_ESTest.java:49)

test24(org.cs362.dominion.Card_ESTest)  Time elapsed: 0.016 sec  <<< ERROR!
java.lang.NoClassDefFoundError: org/cs362/dominion/Card$CardName
	at java.lang.ClassLoader.defineClass1(Native Method)
	at java.lang.ClassLoader.defineClass(ClassLoader.java:763)
	at java.lang.ClassLoader.defineClass(ClassLoader.java:642)
	at org.evosuite.runtime.instrumentation.EvoClassLoader.instrumentClass(EvoClassLoader.java:116)
	at org.evosuite.runtime.instrumentation.EvoClassLoader.loadClass(EvoClassLoader.java:92)
	at org.cs362.dominion.Card_ESTest.test24(Card_ESTest.java:272)

test03(org.cs362.dominion.Card_ESTest)  Time elapsed: 0.016 sec  <<< ERROR!
java.lang.NoClassDefFoundError: org/cs362/dominion/Card$CardName
	at java.lang.ClassLoader.defineClass1(Native Method)
	at java.lang.ClassLoader.defineClass(ClassLoader.java:763)
	at java.lang.ClassLoader.defineClass(ClassLoader.java:642)
	at org.evosuite.runtime.instrumentation.EvoClassLoader.instrumentClass(EvoClassLoader.java:116)
	at org.evosuite.runtime.instrumentation.EvoClassLoader.loadClass(EvoClassLoader.java:92)
	at org.cs362.dominion.Card_ESTest.test03(Card_ESTest.java:56)

test04(org.cs362.dominion.Card_ESTest)  Time elapsed: 0.016 sec  <<< ERROR!
java.lang.NoClassDefFoundError: org/cs362/dominion/Card$CardName
	at java.lang.ClassLoader.defineClass1(Native Method)
	at java.lang.ClassLoader.defineClass(ClassLoader.java:763)
	at java.lang.ClassLoader.defineClass(ClassLoader.java:642)
	at org.evosuite.runtime.instrumentation.EvoClassLoader.instrumentClass(EvoClassLoader.java:116)
	at org.evosuite.runtime.instrumentation.EvoClassLoader.loadClass(EvoClassLoader.java:92)
	at org.cs362.dominion.Card_ESTest.test04(Card_ESTest.java:65)

test05(org.cs362.dominion.Card_ESTest)  Time elapsed: 0.018 sec  <<< ERROR!
java.lang.NoClassDefFoundError: org/cs362/dominion/Card$Type
	at org.cs362.dominion.Card_ESTest.test05(Card_ESTest.java:73)

test20(org.cs362.dominion.Card_ESTest)  Time elapsed: 0.015 sec  <<< ERROR!
java.lang.NoClassDefFoundError: org/cs362/dominion/Card$CardName
	at java.lang.ClassLoader.defineClass1(Native Method)
	at java.lang.ClassLoader.defineClass(ClassLoader.java:763)
	at java.lang.ClassLoader.defineClass(ClassLoader.java:642)
	at org.evosuite.runtime.instrumentation.EvoClassLoader.instrumentClass(EvoClassLoader.java:116)
	at org.evosuite.runtime.instrumentation.EvoClassLoader.loadClass(EvoClassLoader.java:92)
	at org.cs362.dominion.Card_ESTest.test20(Card_ESTest.java:233)

test21(org.cs362.dominion.Card_ESTest)  Time elapsed: 0.014 sec  <<< ERROR!
java.lang.NoClassDefFoundError: org/cs362/dominion/Card$CardName
	at java.lang.ClassLoader.defineClass1(Native Method)
	at java.lang.ClassLoader.defineClass(ClassLoader.java:763)
	at java.lang.ClassLoader.defineClass(ClassLoader.java:642)
	at org.evosuite.runtime.instrumentation.EvoClassLoader.instrumentClass(EvoClassLoader.java:116)
	at org.evosuite.runtime.instrumentation.EvoClassLoader.loadClass(EvoClassLoader.java:92)
	at org.cs362.dominion.Card_ESTest.test21(Card_ESTest.java:245)

test00(org.cs362.dominion.Card_ESTest)  Time elapsed: 0.011 sec  <<< ERROR!
java.lang.NoClassDefFoundError: org/cs362/dominion/Card$CardName
	at java.lang.ClassLoader.defineClass1(Native Method)
	at java.lang.ClassLoader.defineClass(ClassLoader.java:763)
	at java.lang.ClassLoader.defineClass(ClassLoader.java:642)
	at org.evosuite.runtime.instrumentation.EvoClassLoader.instrumentClass(EvoClassLoader.java:116)
	at org.evosuite.runtime.instrumentation.EvoClassLoader.loadClass(EvoClassLoader.java:92)
	at org.cs362.dominion.Card_ESTest.test00(Card_ESTest.java:29)

test22(org.cs362.dominion.Card_ESTest)  Time elapsed: 0.014 sec  <<< ERROR!
java.lang.NoClassDefFoundError: org/cs362/dominion/Card$CardName
	at java.lang.ClassLoader.defineClass1(Native Method)
	at java.lang.ClassLoader.defineClass(ClassLoader.java:763)
	at java.lang.ClassLoader.defineClass(ClassLoader.java:642)
	at org.evosuite.runtime.instrumentation.EvoClassLoader.instrumentClass(EvoClassLoader.java:116)
	at org.evosuite.runtime.instrumentation.EvoClassLoader.loadClass(EvoClassLoader.java:92)
	at org.cs362.dominion.Card_ESTest.test22(Card_ESTest.java:254)

test01(org.cs362.dominion.Card_ESTest)  Time elapsed: 0.02 sec  <<< ERROR!
java.lang.NoClassDefFoundError: org/cs362/dominion/Card$CardName
	at java.lang.ClassLoader.defineClass1(Native Method)
	at java.lang.ClassLoader.defineClass(ClassLoader.java:763)
	at java.lang.ClassLoader.defineClass(ClassLoader.java:642)
	at org.evosuite.runtime.instrumentation.EvoClassLoader.instrumentClass(EvoClassLoader.java:116)
	at org.evosuite.runtime.instrumentation.EvoClassLoader.loadClass(EvoClassLoader.java:92)
	at org.cs362.dominion.Card_ESTest.test01(Card_ESTest.java:40)

test23(org.cs362.dominion.Card_ESTest)  Time elapsed: 0.014 sec  <<< ERROR!
java.lang.NoClassDefFoundError: org/cs362/dominion/Card$CardName
	at java.lang.ClassLoader.defineClass1(Native Method)
	at java.lang.ClassLoader.defineClass(ClassLoader.java:763)
	at java.lang.ClassLoader.defineClass(ClassLoader.java:642)
	at org.evosuite.runtime.instrumentation.EvoClassLoader.instrumentClass(EvoClassLoader.java:116)
	at org.evosuite.runtime.instrumentation.EvoClassLoader.loadClass(EvoClassLoader.java:92)
	at org.cs362.dominion.Card_ESTest.test23(Card_ESTest.java:263)

