-------------------------------------------------------------------------------
Test set: dominion.GameState_ESTest
-------------------------------------------------------------------------------
Tests run: 20, Failures: 0, Errors: 18, Skipped: 0, Time elapsed: 0.369 sec <<< FAILURE! - in dominion.GameState_ESTest
test01(dominion.GameState_ESTest)  Time elapsed: 0.02 sec  <<< ERROR!
java.lang.NoClassDefFoundError: dominion/Card$CardName
	at java.lang.ClassLoader.defineClass1(Native Method)
	at java.lang.ClassLoader.defineClass(ClassLoader.java:763)
	at java.lang.ClassLoader.defineClass(ClassLoader.java:642)
	at org.evosuite.runtime.instrumentation.EvoClassLoader.instrumentClass(EvoClassLoader.java:116)
	at org.evosuite.runtime.instrumentation.EvoClassLoader.loadClass(EvoClassLoader.java:92)
	at dominion.GameState_ESTest.test01(GameState_ESTest.java:72)

test12(dominion.GameState_ESTest)  Time elapsed: 0.013 sec  <<< ERROR!
java.lang.NoClassDefFoundError: dominion/Card$CardName
	at dominion.GameState_ESTest.test12(GameState_ESTest.java:386)

test00(dominion.GameState_ESTest)  Time elapsed: 0.015 sec  <<< ERROR!
java.lang.NoClassDefFoundError: dominion/Card$CardName
	at dominion.GameState_ESTest.test00(GameState_ESTest.java:36)

test11(dominion.GameState_ESTest)  Time elapsed: 0.014 sec  <<< ERROR!
java.lang.NoClassDefFoundError: dominion/Card$CardName
	at dominion.GameState_ESTest.test11(GameState_ESTest.java:361)

test10(dominion.GameState_ESTest)  Time elapsed: 0.017 sec  <<< ERROR!
java.lang.NoClassDefFoundError: dominion/Card$CardName
	at java.lang.ClassLoader.defineClass1(Native Method)
	at java.lang.ClassLoader.defineClass(ClassLoader.java:763)
	at java.lang.ClassLoader.defineClass(ClassLoader.java:642)
	at org.evosuite.runtime.instrumentation.EvoClassLoader.instrumentClass(EvoClassLoader.java:116)
	at org.evosuite.runtime.instrumentation.EvoClassLoader.loadClass(EvoClassLoader.java:92)
	at dominion.GameState.isGameOver(GameState.java:201)
	at dominion.GameState_ESTest.test10(GameState_ESTest.java:354)

test05(dominion.GameState_ESTest)  Time elapsed: 0.014 sec  <<< ERROR!
java.lang.NoClassDefFoundError: dominion/Card$CardName
	at dominion.GameState_ESTest.test05(GameState_ESTest.java:214)

test16(dominion.GameState_ESTest)  Time elapsed: 0.015 sec  <<< ERROR!
java.lang.NoClassDefFoundError: dominion/Card$CardName
	at dominion.GameState_ESTest.test16(GameState_ESTest.java:482)

test04(dominion.GameState_ESTest)  Time elapsed: 0.015 sec  <<< ERROR!
java.lang.NoClassDefFoundError: dominion/Card$CardName
	at dominion.GameState_ESTest.test04(GameState_ESTest.java:189)

test15(dominion.GameState_ESTest)  Time elapsed: 0.013 sec  <<< ERROR!
java.lang.NoClassDefFoundError: dominion/Card$CardName
	at dominion.GameState_ESTest.test15(GameState_ESTest.java:455)

test03(dominion.GameState_ESTest)  Time elapsed: 0.014 sec  <<< ERROR!
java.lang.NoClassDefFoundError: dominion/Card$CardName
	at dominion.GameState_ESTest.test03(GameState_ESTest.java:155)

test14(dominion.GameState_ESTest)  Time elapsed: 0.018 sec  <<< ERROR!
java.lang.NoClassDefFoundError: dominion/Card$CardName
	at java.lang.ClassLoader.defineClass1(Native Method)
	at java.lang.ClassLoader.defineClass(ClassLoader.java:763)
	at java.lang.ClassLoader.defineClass(ClassLoader.java:642)
	at org.evosuite.runtime.instrumentation.EvoClassLoader.instrumentClass(EvoClassLoader.java:116)
	at org.evosuite.runtime.instrumentation.EvoClassLoader.loadClass(EvoClassLoader.java:92)
	at dominion.GameState_ESTest.test14(GameState_ESTest.java:439)

test02(dominion.GameState_ESTest)  Time elapsed: 0.016 sec  <<< ERROR!
java.lang.NoClassDefFoundError: dominion/Card$CardName
	at dominion.GameState_ESTest.test02(GameState_ESTest.java:110)

test13(dominion.GameState_ESTest)  Time elapsed: 0.014 sec  <<< ERROR!
java.lang.NoClassDefFoundError: dominion/Card$CardName
	at dominion.GameState_ESTest.test13(GameState_ESTest.java:404)

test09(dominion.GameState_ESTest)  Time elapsed: 0.027 sec  <<< ERROR!
java.lang.NoClassDefFoundError: dominion/Card$CardName
	at dominion.GameState.isGameOver(GameState.java:201)
	at dominion.GameState_ESTest.test09(GameState_ESTest.java:339)

test08(dominion.GameState_ESTest)  Time elapsed: 0.014 sec  <<< ERROR!
java.lang.NoClassDefFoundError: dominion/Card$CardName
	at dominion.GameState_ESTest.test08(GameState_ESTest.java:315)

test19(dominion.GameState_ESTest)  Time elapsed: 0.019 sec  <<< ERROR!
java.lang.NoClassDefFoundError: dominion/Card$Type
	at java.lang.ClassLoader.defineClass1(Native Method)
	at java.lang.ClassLoader.defineClass(ClassLoader.java:763)
	at java.lang.ClassLoader.defineClass(ClassLoader.java:642)
	at org.evosuite.runtime.instrumentation.EvoClassLoader.instrumentClass(EvoClassLoader.java:116)
	at org.evosuite.runtime.instrumentation.EvoClassLoader.loadClass(EvoClassLoader.java:92)
	at dominion.GameState_ESTest.test19(GameState_ESTest.java:541)

test18(dominion.GameState_ESTest)  Time elapsed: 0.022 sec  <<< ERROR!
java.lang.NoClassDefFoundError: dominion/Card$Type
	at dominion.GameState_ESTest.test18(GameState_ESTest.java:513)

test06(dominion.GameState_ESTest)  Time elapsed: 0.014 sec  <<< ERROR!
java.lang.NoClassDefFoundError: dominion/Card$Type
	at dominion.GameState_ESTest.test06(GameState_ESTest.java:251)

