<?xml version="1.0" encoding="UTF-8"?>
<testsuite name="dominion.GameState_ESTest" time="0.325" tests="20" errors="18" skipped="0" failures="0">
  <properties>
[...]
</properties>
  <testcase name="test01" classname="dominion.GameState_ESTest" time="0.02">
    <error message="dominion/Card$CardName" type="java.lang.NoClassDefFoundError">java.lang.NoClassDefFoundError: dominion/Card$CardName
	at java.lang.ClassLoader.defineClass1(Native Method)
	at java.lang.ClassLoader.defineClass(ClassLoader.java:763)
	at java.lang.ClassLoader.defineClass(ClassLoader.java:642)
	at org.evosuite.runtime.instrumentation.EvoClassLoader.instrumentClass(EvoClassLoader.java:116)
	at org.evosuite.runtime.instrumentation.EvoClassLoader.loadClass(EvoClassLoader.java:92)
	at dominion.GameState_ESTest.test01(GameState_ESTest.java:72)
</error>
  </testcase>
  <testcase name="test12" classname="dominion.GameState_ESTest" time="0.013">
    <error message="dominion/Card$CardName" type="java.lang.NoClassDefFoundError">java.lang.NoClassDefFoundError: dominion/Card$CardName
	at dominion.GameState_ESTest.test12(GameState_ESTest.java:386)
</error>
  </testcase>
  <testcase name="test00" classname="dominion.GameState_ESTest" time="0.015">
    <error message="dominion/Card$CardName" type="java.lang.NoClassDefFoundError">java.lang.NoClassDefFoundError: dominion/Card$CardName
	at dominion.GameState_ESTest.test00(GameState_ESTest.java:36)
</error>
  </testcase>
  <testcase name="test11" classname="dominion.GameState_ESTest" time="0.014">
    <error message="dominion/Card$CardName" type="java.lang.NoClassDefFoundError">java.lang.NoClassDefFoundError: dominion/Card$CardName
	at dominion.GameState_ESTest.test11(GameState_ESTest.java:361)
</error>
  </testcase>
  <testcase name="test10" classname="dominion.GameState_ESTest" time="0.017">
    <error message="dominion/Card$CardName" type="java.lang.NoClassDefFoundError">java.lang.NoClassDefFoundError: dominion/Card$CardName
	at java.lang.ClassLoader.defineClass1(Native Method)
	at java.lang.ClassLoader.defineClass(ClassLoader.java:763)
	at java.lang.ClassLoader.defineClass(ClassLoader.java:642)
	at org.evosuite.runtime.instrumentation.EvoClassLoader.instrumentClass(EvoClassLoader.java:116)
	at org.evosuite.runtime.instrumentation.EvoClassLoader.loadClass(EvoClassLoader.java:92)
	at dominion.GameState.isGameOver(GameState.java:201)
	at dominion.GameState_ESTest.test10(GameState_ESTest.java:354)
</error>
  </testcase>
  <testcase name="test05" classname="dominion.GameState_ESTest" time="0.014">
    <error message="dominion/Card$CardName" type="java.lang.NoClassDefFoundError">java.lang.NoClassDefFoundError: dominion/Card$CardName
	at dominion.GameState_ESTest.test05(GameState_ESTest.java:214)
</error>
  </testcase>
  <testcase name="test16" classname="dominion.GameState_ESTest" time="0.015">
    <error message="dominion/Card$CardName" type="java.lang.NoClassDefFoundError">java.lang.NoClassDefFoundError: dominion/Card$CardName
	at dominion.GameState_ESTest.test16(GameState_ESTest.java:482)
</error>
  </testcase>
  <testcase name="test04" classname="dominion.GameState_ESTest" time="0.015">
    <error message="dominion/Card$CardName" type="java.lang.NoClassDefFoundError">java.lang.NoClassDefFoundError: dominion/Card$CardName
	at dominion.GameState_ESTest.test04(GameState_ESTest.java:189)
</error>
  </testcase>
  <testcase name="test15" classname="dominion.GameState_ESTest" time="0.013">
    <error message="dominion/Card$CardName" type="java.lang.NoClassDefFoundError">java.lang.NoClassDefFoundError: dominion/Card$CardName
	at dominion.GameState_ESTest.test15(GameState_ESTest.java:455)
</error>
  </testcase>
  <testcase name="test03" classname="dominion.GameState_ESTest" time="0.014">
    <error message="dominion/Card$CardName" type="java.lang.NoClassDefFoundError">java.lang.NoClassDefFoundError: dominion/Card$CardName
	at dominion.GameState_ESTest.test03(GameState_ESTest.java:155)
</error>
  </testcase>
  <testcase name="test14" classname="dominion.GameState_ESTest" time="0.018">
    <error message="dominion/Card$CardName" type="java.lang.NoClassDefFoundError">java.lang.NoClassDefFoundError: dominion/Card$CardName
	at java.lang.ClassLoader.defineClass1(Native Method)
	at java.lang.ClassLoader.defineClass(ClassLoader.java:763)
	at java.lang.ClassLoader.defineClass(ClassLoader.java:642)
	at org.evosuite.runtime.instrumentation.EvoClassLoader.instrumentClass(EvoClassLoader.java:116)
	at org.evosuite.runtime.instrumentation.EvoClassLoader.loadClass(EvoClassLoader.java:92)
	at dominion.GameState_ESTest.test14(GameState_ESTest.java:439)
</error>
  </testcase>
  <testcase name="test02" classname="dominion.GameState_ESTest" time="0.016">
    <error message="dominion/Card$CardName" type="java.lang.NoClassDefFoundError">java.lang.NoClassDefFoundError: dominion/Card$CardName
	at dominion.GameState_ESTest.test02(GameState_ESTest.java:110)
</error>
  </testcase>
  <testcase name="test13" classname="dominion.GameState_ESTest" time="0.014">
    <error message="dominion/Card$CardName" type="java.lang.NoClassDefFoundError">java.lang.NoClassDefFoundError: dominion/Card$CardName
	at dominion.GameState_ESTest.test13(GameState_ESTest.java:404)
</error>
  </testcase>
  <testcase name="test09" classname="dominion.GameState_ESTest" time="0.027">
    <error message="dominion/Card$CardName" type="java.lang.NoClassDefFoundError">java.lang.NoClassDefFoundError: dominion/Card$CardName
	at dominion.GameState.isGameOver(GameState.java:201)
	at dominion.GameState_ESTest.test09(GameState_ESTest.java:339)
</error>
    <system-err><![CDATA[The number of players must be 2-4
]]></system-err>
  </testcase>
  <testcase name="test08" classname="dominion.GameState_ESTest" time="0.014">
    <error message="dominion/Card$CardName" type="java.lang.NoClassDefFoundError">java.lang.NoClassDefFoundError: dominion/Card$CardName
	at dominion.GameState_ESTest.test08(GameState_ESTest.java:315)
</error>
  </testcase>
  <testcase name="test19" classname="dominion.GameState_ESTest" time="0.019">
    <error message="dominion/Card$Type" type="java.lang.NoClassDefFoundError">java.lang.NoClassDefFoundError: dominion/Card$Type
	at java.lang.ClassLoader.defineClass1(Native Method)
	at java.lang.ClassLoader.defineClass(ClassLoader.java:763)
	at java.lang.ClassLoader.defineClass(ClassLoader.java:642)
	at org.evosuite.runtime.instrumentation.EvoClassLoader.instrumentClass(EvoClassLoader.java:116)
	at org.evosuite.runtime.instrumentation.EvoClassLoader.loadClass(EvoClassLoader.java:92)
	at dominion.GameState_ESTest.test19(GameState_ESTest.java:541)
</error>
  </testcase>
  <testcase name="test07" classname="dominion.GameState_ESTest" time="0.016"/>
  <testcase name="test18" classname="dominion.GameState_ESTest" time="0.022">
    <error message="dominion/Card$Type" type="java.lang.NoClassDefFoundError">java.lang.NoClassDefFoundError: dominion/Card$Type
	at dominion.GameState_ESTest.test18(GameState_ESTest.java:513)
</error>
  </testcase>
  <testcase name="test06" classname="dominion.GameState_ESTest" time="0.014">
    <error message="dominion/Card$Type" type="java.lang.NoClassDefFoundError">java.lang.NoClassDefFoundError: dominion/Card$Type
	at dominion.GameState_ESTest.test06(GameState_ESTest.java:251)
</error>
  </testcase>
  <testcase name="test17" classname="dominion.GameState_ESTest" time="0.015"/>
</testsuite>