<?xml version="1.0" encoding="UTF-8"?>
<testsuite name="cs362.dominionMaven.Card_ESTest" time="0.044" tests="24" errors="0" skipped="0" failures="0">
  <properties>
[...]
</properties>
  <testcase name="test08" classname="cs362.dominionMaven.Card_ESTest" time="0.007"/>
  <testcase name="test19" classname="cs362.dominionMaven.Card_ESTest" time="0.002"/>
  <testcase name="test09" classname="cs362.dominionMaven.Card_ESTest" time="0.001"/>
  <testcase name="test06" classname="cs362.dominionMaven.Card_ESTest" time="0.001"/>
  <testcase name="test17" classname="cs362.dominionMaven.Card_ESTest" time="0.002"/>
  <testcase name="test07" classname="cs362.dominionMaven.Card_ESTest" time="0.001"/>
  <testcase name="test18" classname="cs362.dominionMaven.Card_ESTest" time="0.002"/>
  <testcase name="test04" classname="cs362.dominionMaven.Card_ESTest" time="0.001"/>
  <testcase name="test15" classname="cs362.dominionMaven.Card_ESTest" time="0.001"/>
  <testcase name="test05" classname="cs362.dominionMaven.Card_ESTest" time="0.002"/>
  <testcase name="test16" classname="cs362.dominionMaven.Card_ESTest" time="0.001"/>
  <testcase name="test02" classname="cs362.dominionMaven.Card_ESTest" time="0.001"/>
  <testcase name="test13" classname="cs362.dominionMaven.Card_ESTest" time="0.001"/>
  <testcase name="test03" classname="cs362.dominionMaven.Card_ESTest" time="0.001"/>
  <testcase name="test14" classname="cs362.dominionMaven.Card_ESTest" time="0.002"/>
  <testcase name="test00" classname="cs362.dominionMaven.Card_ESTest" time="0.002"/>
  <testcase name="test11" classname="cs362.dominionMaven.Card_ESTest" time="0.007"/>
  <testcase name="test22" classname="cs362.dominionMaven.Card_ESTest" time="0.001"/>
  <testcase name="test01" classname="cs362.dominionMaven.Card_ESTest" time="0.001"/>
  <testcase name="test12" classname="cs362.dominionMaven.Card_ESTest" time="0.002"/>
  <testcase name="test23" classname="cs362.dominionMaven.Card_ESTest" time="0.001"/>
  <testcase name="test20" classname="cs362.dominionMaven.Card_ESTest" time="0.001"/>
  <testcase name="test10" classname="cs362.dominionMaven.Card_ESTest" time="0.002"/>
  <testcase name="test21" classname="cs362.dominionMaven.Card_ESTest" time="0.001"/>
</testsuite>