<?xml version="1.0"?>
<!DOCTYPE coverage SYSTEM "http://cobertura.sourceforge.net/xml/coverage-04.dtd">

<coverage line-rate="0.9452054794520548" branch-rate="0.825" lines-covered="621" lines-valid="657" branches-covered="297" branches-valid="360" complexity="4.461538461538462" version="2.0.3" timestamp="1488174705130">
	<sources>
		<source>/Users/BrandonDring/Downloads/Tutorial_Maven/src/main/java</source>
		<source>--source</source>
	</sources>
	<packages>
		<package name="dominion" line-rate="0.9452054794520548" branch-rate="0.825" complexity="4.461538461538462">
			<classes>
				<class name="dominion.Cards" filename="dominion/Cards.java" line-rate="1.0" branch-rate="1.0" complexity="1.0">
					<methods>
						<method name="&lt;init&gt;" signature="(Ljava/lang/String;IILjava/lang/String;Ljava/lang/Boolean;)V" line-rate="1.0" branch-rate="1.0">
							<lines>
								<line number="11" hits="8172" branch="false"/>
								<line number="12" hits="8172" branch="false"/>
								<line number="13" hits="8172" branch="false"/>
								<line number="14" hits="8172" branch="false"/>
								<line number="15" hits="8172" branch="false"/>
								<line number="16" hits="8172" branch="false"/>
								<line number="17" hits="8172" branch="false"/>
							</lines>
						</method>
						<method name="addEmbargo" signature="()V" line-rate="1.0" branch-rate="1.0">
							<lines>
								<line number="29" hits="32" branch="false"/>
							</lines>
						</method>
						<method name="getCost" signature="()I" line-rate="1.0" branch-rate="1.0">
							<lines>
								<line number="23" hits="1071" branch="false"/>
							</lines>
						</method>
						<method name="getName" signature="()Ljava/lang/String;" line-rate="1.0" branch-rate="1.0">
							<lines>
								<line number="19" hits="29070" branch="false"/>
							</lines>
						</method>
						<method name="getToken" signature="()Ljava/lang/Boolean;" line-rate="1.0" branch-rate="1.0">
							<lines>
								<line number="21" hits="9" branch="false"/>
							</lines>
						</method>
						<method name="getType" signature="()Ljava/lang/String;" line-rate="1.0" branch-rate="1.0">
							<lines>
								<line number="32" hits="474" branch="false"/>
							</lines>
						</method>
						<method name="toString" signature="()Ljava/lang/String;" line-rate="1.0" branch-rate="1.0">
							<lines>
								<line number="26" hits="146" branch="false"/>
							</lines>
						</method>
					</methods>
					<lines>
						<line number="11" hits="8172" branch="false"/>
						<line number="12" hits="8172" branch="false"/>
						<line number="13" hits="8172" branch="false"/>
						<line number="14" hits="8172" branch="false"/>
						<line number="15" hits="8172" branch="false"/>
						<line number="16" hits="8172" branch="false"/>
						<line number="17" hits="8172" branch="false"/>
						<line number="19" hits="29070" branch="false"/>
						<line number="21" hits="9" branch="false"/>
						<line number="23" hits="1071" branch="false"/>
						<line number="26" hits="146" branch="false"/>
						<line number="29" hits="32" branch="false"/>
						<line number="32" hits="474" branch="false"/>
					</lines>
				</class>
				<class name="dominion.Deck" filename="dominion/Deck.java" line-rate="1.0" branch-rate="1.0" complexity="2.8">
					<methods>
						<method name="&lt;clinit&gt;" signature="()V" line-rate="1.0" branch-rate="1.0">
							<lines>
								<line number="6" hits="63" branch="false"/>
								<line number="8" hits="63" branch="false"/>
								<line number="9" hits="63" branch="false"/>
								<line number="10" hits="63" branch="false"/>
								<line number="13" hits="63" branch="false"/>
								<line number="15" hits="63" branch="false"/>
								<line number="16" hits="63" branch="false"/>
								<line number="17" hits="63" branch="false"/>
								<line number="18" hits="63" branch="false"/>
								<line number="21" hits="63" branch="false"/>
								<line number="23" hits="63" branch="false"/>
								<line number="24" hits="63" branch="false"/>
								<line number="25" hits="63" branch="false"/>
								<line number="26" hits="63" branch="false"/>
								<line number="27" hits="63" branch="false"/>
								<line number="28" hits="63" branch="false"/>
								<line number="29" hits="63" branch="false"/>
								<line number="30" hits="63" branch="false"/>
								<line number="31" hits="63" branch="false"/>
								<line number="32" hits="63" branch="false"/>
								<line number="33" hits="63" branch="false"/>
								<line number="34" hits="63" branch="false"/>
								<line number="35" hits="63" branch="false"/>
								<line number="37" hits="63" branch="false"/>
							</lines>
						</method>
						<method name="&lt;init&gt;" signature="()V" line-rate="1.0" branch-rate="1.0">
							<lines>
								<line number="3" hits="57" branch="false"/>
							</lines>
						</method>
						<method name="Build_Action_Deck" signature="()V" line-rate="1.0" branch-rate="1.0">
							<lines>
								<line number="48" hits="23" branch="false"/>
								<line number="50" hits="23" branch="false"/>
								<line number="51" hits="23" branch="false"/>
								<line number="52" hits="23" branch="false"/>
								<line number="54" hits="23" branch="false"/>
								<line number="55" hits="23" branch="false"/>
								<line number="56" hits="23" branch="false"/>
								<line number="57" hits="23" branch="false"/>
								<line number="58" hits="23" branch="false"/>
								<line number="59" hits="23" branch="false"/>
								<line number="60" hits="23" branch="false"/>
								<line number="61" hits="23" branch="false"/>
								<line number="62" hits="23" branch="false"/>
								<line number="63" hits="23" branch="false"/>
								<line number="64" hits="23" branch="false"/>
								<line number="65" hits="23" branch="false"/>
								<line number="66" hits="23" branch="false"/>
								<line number="68" hits="322" branch="true" condition-coverage="100% (2/2)">
									<conditions>
										<condition number="0" type="jump" coverage="100%"/>
									</conditions>
								</line>
								<line number="69" hits="3289" branch="true" condition-coverage="100% (2/2)">
									<conditions>
										<condition number="0" type="jump" coverage="100%"/>
									</conditions>
								</line>
								<line number="70" hits="2990" branch="false"/>
								<line number="71" hits="2990" branch="false"/>
								<line number="73" hits="23" branch="false"/>
							</lines>
						</method>
						<method name="Build_Money_Victory" signature="()V" line-rate="1.0" branch-rate="1.0">
							<lines>
								<line number="78" hits="26" branch="false"/>
								<line number="79" hits="26" branch="false"/>
								<line number="80" hits="26" branch="false"/>
								<line number="81" hits="26" branch="false"/>
								<line number="82" hits="26" branch="false"/>
								<line number="83" hits="26" branch="false"/>
								<line number="84" hits="26" branch="false"/>
								<line number="85" hits="26" branch="false"/>
								<line number="87" hits="104" branch="true" condition-coverage="100% (2/2)">
									<conditions>
										<condition number="0" type="jump" coverage="100%"/>
									</conditions>
								</line>
								<line number="88" hits="1014" branch="true" condition-coverage="100% (2/2)">
									<conditions>
										<condition number="0" type="jump" coverage="100%"/>
									</conditions>
								</line>
								<line number="89" hits="936" branch="false"/>
								<line number="90" hits="936" branch="false"/>
								<line number="92" hits="286" branch="true" condition-coverage="100% (2/2)">
									<conditions>
										<condition number="0" type="jump" coverage="100%"/>
									</conditions>
								</line>
								<line number="93" hits="260" branch="false"/>
								<line number="94" hits="260" branch="false"/>
								<line number="98" hits="26" branch="false"/>
								<line number="99" hits="26" branch="false"/>
								<line number="100" hits="26" branch="false"/>
								<line number="102" hits="26" branch="false"/>
								<line number="103" hits="1586" branch="true" condition-coverage="100% (2/2)">
									<conditions>
										<condition number="0" type="jump" coverage="100%"/>
									</conditions>
								</line>
								<line number="104" hits="1560" branch="false"/>
								<line number="105" hits="1560" branch="false"/>
								<line number="108" hits="26" branch="false"/>
								<line number="109" hits="1066" branch="true" condition-coverage="100% (2/2)">
									<conditions>
										<condition number="0" type="jump" coverage="100%"/>
									</conditions>
								</line>
								<line number="110" hits="1040" branch="false"/>
								<line number="111" hits="1040" branch="false"/>
								<line number="114" hits="26" branch="false"/>
								<line number="115" hits="806" branch="true" condition-coverage="100% (2/2)">
									<conditions>
										<condition number="0" type="jump" coverage="100%"/>
									</conditions>
								</line>
								<line number="116" hits="780" branch="false"/>
								<line number="117" hits="780" branch="false"/>
								<line number="120" hits="26" branch="false"/>
								<line number="121" hits="266" branch="true" condition-coverage="100% (2/2)">
									<conditions>
										<condition number="0" type="jump" coverage="100%"/>
									</conditions>
								</line>
								<line number="122" hits="242" branch="false"/>
								<line number="123" hits="242" branch="false"/>
								<line number="125" hits="24" branch="false"/>
							</lines>
						</method>
						<method name="getActionDeck" signature="()Ljava/util/List;" line-rate="1.0" branch-rate="1.0">
							<lines>
								<line number="40" hits="4361" branch="false"/>
							</lines>
						</method>
						<method name="getMoneyDeck" signature="()Ljava/util/List;" line-rate="1.0" branch-rate="1.0">
							<lines>
								<line number="42" hits="118" branch="false"/>
							</lines>
						</method>
						<method name="getVCDeck" signature="()Ljava/util/List;" line-rate="1.0" branch-rate="1.0">
							<lines>
								<line number="44" hits="2228" branch="false"/>
							</lines>
						</method>
					</methods>
					<lines>
						<line number="3" hits="57" branch="false"/>
						<line number="6" hits="63" branch="false"/>
						<line number="8" hits="63" branch="false"/>
						<line number="9" hits="63" branch="false"/>
						<line number="10" hits="63" branch="false"/>
						<line number="13" hits="63" branch="false"/>
						<line number="15" hits="63" branch="false"/>
						<line number="16" hits="63" branch="false"/>
						<line number="17" hits="63" branch="false"/>
						<line number="18" hits="63" branch="false"/>
						<line number="21" hits="63" branch="false"/>
						<line number="23" hits="63" branch="false"/>
						<line number="24" hits="63" branch="false"/>
						<line number="25" hits="63" branch="false"/>
						<line number="26" hits="63" branch="false"/>
						<line number="27" hits="63" branch="false"/>
						<line number="28" hits="63" branch="false"/>
						<line number="29" hits="63" branch="false"/>
						<line number="30" hits="63" branch="false"/>
						<line number="31" hits="63" branch="false"/>
						<line number="32" hits="63" branch="false"/>
						<line number="33" hits="63" branch="false"/>
						<line number="34" hits="63" branch="false"/>
						<line number="35" hits="63" branch="false"/>
						<line number="37" hits="63" branch="false"/>
						<line number="40" hits="4361" branch="false"/>
						<line number="42" hits="118" branch="false"/>
						<line number="44" hits="2228" branch="false"/>
						<line number="48" hits="23" branch="false"/>
						<line number="50" hits="23" branch="false"/>
						<line number="51" hits="23" branch="false"/>
						<line number="52" hits="23" branch="false"/>
						<line number="54" hits="23" branch="false"/>
						<line number="55" hits="23" branch="false"/>
						<line number="56" hits="23" branch="false"/>
						<line number="57" hits="23" branch="false"/>
						<line number="58" hits="23" branch="false"/>
						<line number="59" hits="23" branch="false"/>
						<line number="60" hits="23" branch="false"/>
						<line number="61" hits="23" branch="false"/>
						<line number="62" hits="23" branch="false"/>
						<line number="63" hits="23" branch="false"/>
						<line number="64" hits="23" branch="false"/>
						<line number="65" hits="23" branch="false"/>
						<line number="66" hits="23" branch="false"/>
						<line number="68" hits="322" branch="true" condition-coverage="100% (2/2)">
							<conditions>
								<condition number="0" type="jump" coverage="100%"/>
							</conditions>
						</line>
						<line number="69" hits="3289" branch="true" condition-coverage="100% (2/2)">
							<conditions>
								<condition number="0" type="jump" coverage="100%"/>
							</conditions>
						</line>
						<line number="70" hits="2990" branch="false"/>
						<line number="71" hits="2990" branch="false"/>
						<line number="73" hits="23" branch="false"/>
						<line number="78" hits="26" branch="false"/>
						<line number="79" hits="26" branch="false"/>
						<line number="80" hits="26" branch="false"/>
						<line number="81" hits="26" branch="false"/>
						<line number="82" hits="26" branch="false"/>
						<line number="83" hits="26" branch="false"/>
						<line number="84" hits="26" branch="false"/>
						<line number="85" hits="26" branch="false"/>
						<line number="87" hits="104" branch="true" condition-coverage="100% (2/2)">
							<conditions>
								<condition number="0" type="jump" coverage="100%"/>
							</conditions>
						</line>
						<line number="88" hits="1014" branch="true" condition-coverage="100% (2/2)">
							<conditions>
								<condition number="0" type="jump" coverage="100%"/>
							</conditions>
						</line>
						<line number="89" hits="936" branch="false"/>
						<line number="90" hits="936" branch="false"/>
						<line number="92" hits="286" branch="true" condition-coverage="100% (2/2)">
							<conditions>
								<condition number="0" type="jump" coverage="100%"/>
							</conditions>
						</line>
						<line number="93" hits="260" branch="false"/>
						<line number="94" hits="260" branch="false"/>
						<line number="98" hits="26" branch="false"/>
						<line number="99" hits="26" branch="false"/>
						<line number="100" hits="26" branch="false"/>
						<line number="102" hits="26" branch="false"/>
						<line number="103" hits="1586" branch="true" condition-coverage="100% (2/2)">
							<conditions>
								<condition number="0" type="jump" coverage="100%"/>
							</conditions>
						</line>
						<line number="104" hits="1560" branch="false"/>
						<line number="105" hits="1560" branch="false"/>
						<line number="108" hits="26" branch="false"/>
						<line number="109" hits="1066" branch="true" condition-coverage="100% (2/2)">
							<conditions>
								<condition number="0" type="jump" coverage="100%"/>
							</conditions>
						</line>
						<line number="110" hits="1040" branch="false"/>
						<line number="111" hits="1040" branch="false"/>
						<line number="114" hits="26" branch="false"/>
						<line number="115" hits="806" branch="true" condition-coverage="100% (2/2)">
							<conditions>
								<condition number="0" type="jump" coverage="100%"/>
							</conditions>
						</line>
						<line number="116" hits="780" branch="false"/>
						<line number="117" hits="780" branch="false"/>
						<line number="120" hits="26" branch="false"/>
						<line number="121" hits="266" branch="true" condition-coverage="100% (2/2)">
							<conditions>
								<condition number="0" type="jump" coverage="100%"/>
							</conditions>
						</line>
						<line number="122" hits="242" branch="false"/>
						<line number="123" hits="242" branch="false"/>
						<line number="125" hits="24" branch="false"/>
					</lines>
				</class>
				<class name="dominion.PlayDominion" filename="dominion/PlayDominion.java" line-rate="0.9290322580645162" branch-rate="0.8421052631578947" complexity="6.375">
					<methods>
						<method name="&lt;clinit&gt;" signature="()V" line-rate="1.0" branch-rate="1.0">
							<lines>
								<line number="3" hits="55" branch="false"/>
								<line number="4" hits="55" branch="false"/>
								<line number="5" hits="55" branch="false"/>
							</lines>
						</method>
						<method name="&lt;init&gt;" signature="()V" line-rate="1.0" branch-rate="1.0">
							<lines>
								<line number="2" hits="5" branch="false"/>
								<line number="6" hits="5" branch="false"/>
							</lines>
						</method>
						<method name="CheckEndGame" signature="()Z" line-rate="1.0" branch-rate="1.0">
							<lines>
								<line number="54" hits="30" branch="false"/>
								<line number="55" hits="849" branch="true" condition-coverage="100% (2/2)">
									<conditions>
										<condition number="0" type="jump" coverage="100%"/>
									</conditions>
								</line>
								<line number="56" hits="819" branch="true" condition-coverage="100% (2/2)">
									<conditions>
										<condition number="0" type="jump" coverage="100%"/>
									</conditions>
								</line>
								<line number="57" hits="6" branch="false"/>
								<line number="59" hits="30" branch="true" condition-coverage="100% (4/4)">
									<conditions>
										<condition number="0" type="jump" coverage="100%"/>
										<condition number="1" type="jump" coverage="100%"/>
									</conditions>
								</line>
								<line number="60" hits="2" branch="false"/>
								<line number="62" hits="25" branch="false"/>
							</lines>
						</method>
						<method name="CheckMoneyPile" signature="(I)Z" line-rate="1.0" branch-rate="1.0">
							<lines>
								<line number="48" hits="41" branch="true" condition-coverage="100% (2/2)">
									<conditions>
										<condition number="0" type="jump" coverage="100%"/>
									</conditions>
								</line>
								<line number="49" hits="1" branch="false"/>
								<line number="50" hits="34" branch="false"/>
							</lines>
						</method>
						<method name="CheckifPileIsEmpty" signature="(I)Z" line-rate="1.0" branch-rate="1.0">
							<lines>
								<line number="41" hits="1093" branch="true" condition-coverage="100% (2/2)">
									<conditions>
										<condition number="0" type="jump" coverage="100%"/>
									</conditions>
								</line>
								<line number="42" hits="3" branch="false"/>
								<line number="44" hits="1087" branch="false"/>
							</lines>
						</method>
						<method name="Initialize_Game" signature="()V" line-rate="1.0" branch-rate="1.0">
							<lines>
								<line number="13" hits="48" branch="true" condition-coverage="100% (2/2)">
									<conditions>
										<condition number="0" type="jump" coverage="100%"/>
									</conditions>
								</line>
								<line number="14" hits="42" branch="false"/>
								<line number="15" hits="42" branch="false"/>
								<line number="16" hits="42" branch="false"/>
								<line number="18" hits="24" branch="true" condition-coverage="100% (2/2)">
									<conditions>
										<condition number="0" type="jump" coverage="100%"/>
									</conditions>
								</line>
								<line number="19" hits="18" branch="false"/>
								<line number="20" hits="18" branch="false"/>
								<line number="21" hits="18" branch="false"/>
								<line number="24" hits="6" branch="false"/>
								<line number="25" hits="6" branch="false"/>
								<line number="27" hits="36" branch="true" condition-coverage="100% (2/2)">
									<conditions>
										<condition number="0" type="jump" coverage="100%"/>
									</conditions>
								</line>
								<line number="28" hits="30" branch="false"/>
								<line number="29" hits="30" branch="false"/>
								<line number="32" hits="6" branch="false"/>
								<line number="33" hits="6" branch="false"/>
								<line number="35" hits="6" branch="false"/>
								<line number="36" hits="6" branch="false"/>
								<line number="37" hits="6" branch="false"/>
							</lines>
						</method>
						<method name="Play_Game" signature="()V" line-rate="0.5" branch-rate="0.5">
							<lines>
								<line number="67" hits="3" branch="false"/>
								<line number="68" hits="24" branch="true" condition-coverage="50% (1/2)">
									<conditions>
										<condition number="0" type="jump" coverage="50%"/>
									</conditions>
								</line>
								<line number="69" hits="23" branch="false"/>
								<line number="70" hits="23" branch="false"/>
								<line number="71" hits="21" branch="false"/>
								<line number="72" hits="21" branch="false"/>
								<line number="75" hits="0" branch="false"/>
								<line number="76" hits="0" branch="false"/>
								<line number="77" hits="0" branch="false"/>
								<line number="78" hits="0" branch="false"/>
								<line number="79" hits="0" branch="false"/>
								<line number="80" hits="0" branch="false"/>
							</lines>
						</method>
						<method name="Player1Turn" signature="()V" line-rate="0.9795918367346939" branch-rate="0.8214285714285714">
							<lines>
								<line number="165" hits="27" branch="false"/>
								<line number="167" hits="27" branch="false"/>
								<line number="168" hits="27" branch="false"/>
								<line number="169" hits="27" branch="false"/>
								<line number="170" hits="27" branch="false"/>
								<line number="173" hits="27" branch="false"/>
								<line number="174" hits="54" branch="true" condition-coverage="100% (2/2)">
									<conditions>
										<condition number="0" type="jump" coverage="100%"/>
									</conditions>
								</line>
								<line number="175" hits="27" branch="false"/>
								<line number="176" hits="27" branch="true" condition-coverage="100% (2/2)">
									<conditions>
										<condition number="0" type="jump" coverage="100%"/>
									</conditions>
								</line>
								<line number="177" hits="25" branch="false"/>
								<line number="179" hits="2" branch="false"/>
								<line number="180" hits="2" branch="false"/>
								<line number="181" hits="2" branch="false"/>
								<line number="184" hits="27" branch="false"/>
								<line number="186" hits="27" branch="false"/>
								<line number="188" hits="27" branch="false"/>
								<line number="190" hits="34" branch="true" condition-coverage="100% (2/2)">
									<conditions>
										<condition number="0" type="jump" coverage="100%"/>
									</conditions>
								</line>
								<line number="192" hits="528" branch="true" condition-coverage="75% (3/4)">
									<conditions>
										<condition number="0" type="jump" coverage="50%"/>
										<condition number="1" type="jump" coverage="100%"/>
									</conditions>
								</line>
								<line number="193" hits="2" branch="false"/>
								<line number="194" hits="2" branch="false"/>
								<line number="196" hits="523" branch="true" condition-coverage="75% (3/4)">
									<conditions>
										<condition number="0" type="jump" coverage="50%"/>
										<condition number="1" type="jump" coverage="100%"/>
									</conditions>
								</line>
								<line number="197" hits="5" branch="false"/>
								<line number="198" hits="5" branch="false"/>
								<line number="200" hits="550" branch="true" condition-coverage="100% (2/2)">
									<conditions>
										<condition number="0" type="jump" coverage="100%"/>
									</conditions>
								</line>
								<line number="201" hits="25" branch="false"/>
								<line number="202" hits="25" branch="true" condition-coverage="50% (1/2)">
									<conditions>
										<condition number="0" type="jump" coverage="50%"/>
									</conditions>
								</line>
								<line number="203" hits="0" branch="false"/>
								<line number="205" hits="25" branch="false"/>
								<line number="206" hits="25" branch="false"/>
								<line number="208" hits="25" branch="false"/>
								<line number="209" hits="525" branch="false"/>
								<line number="210" hits="525" branch="false"/>
								<line number="211" hits="524" branch="true" condition-coverage="100% (2/2)">
									<conditions>
										<condition number="0" type="jump" coverage="100%"/>
									</conditions>
								</line>
								<line number="213" hits="517" branch="false"/>
								<line number="214" hits="517" branch="true" condition-coverage="100% (2/2)">
									<conditions>
										<condition number="0" type="jump" coverage="100%"/>
									</conditions>
								</line>
								<line number="215" hits="16" branch="true" condition-coverage="50% (1/2)">
									<conditions>
										<condition number="0" type="jump" coverage="50%"/>
									</conditions>
								</line>
								<line number="216" hits="16" branch="false"/>
								<line number="217" hits="16" branch="false"/>
								<line number="222" hits="7" branch="false"/>
								<line number="223" hits="7" branch="true" condition-coverage="50% (1/2)">
									<conditions>
										<condition number="0" type="jump" coverage="50%"/>
									</conditions>
								</line>
								<line number="224" hits="7" branch="false"/>
								<line number="225" hits="7" branch="false"/>
								<line number="226" hits="7" branch="false"/>
								<line number="229" hits="508" branch="true" condition-coverage="100% (2/2)">
									<conditions>
										<condition number="0" type="jump" coverage="100%"/>
									</conditions>
								</line>
								<line number="230" hits="7" branch="false"/>
								<line number="231" hits="7" branch="false"/>
								<line number="233" hits="7" branch="false"/>
								<line number="234" hits="7" branch="false"/>
								<line number="236" hits="7" branch="false"/>
							</lines>
						</method>
						<method name="Player2Turn" signature="()V" line-rate="0.9444444444444444" branch-rate="0.7857142857142857">
							<lines>
								<line number="85" hits="26" branch="false"/>
								<line number="86" hits="26" branch="false"/>
								<line number="87" hits="26" branch="false"/>
								<line number="88" hits="26" branch="false"/>
								<line number="89" hits="26" branch="false"/>
								<line number="90" hits="26" branch="false"/>
								<line number="91" hits="26" branch="false"/>
								<line number="94" hits="26" branch="false"/>
								<line number="95" hits="26" branch="false"/>
								<line number="96" hits="26" branch="false"/>
								<line number="98" hits="52" branch="true" condition-coverage="100% (2/2)">
									<conditions>
										<condition number="0" type="jump" coverage="100%"/>
									</conditions>
								</line>
								<line number="99" hits="26" branch="false"/>
								<line number="100" hits="26" branch="true" condition-coverage="100% (2/2)">
									<conditions>
										<condition number="0" type="jump" coverage="100%"/>
									</conditions>
								</line>
								<line number="101" hits="23" branch="false"/>
								<line number="103" hits="3" branch="false"/>
								<line number="104" hits="3" branch="false"/>
								<line number="105" hits="3" branch="false"/>
								<line number="108" hits="26" branch="false"/>
								<line number="111" hits="26" branch="false"/>
								<line number="112" hits="26" branch="false"/>
								<line number="113" hits="26" branch="false"/>
								<line number="115" hits="35" branch="true" condition-coverage="100% (2/2)">
									<conditions>
										<condition number="0" type="jump" coverage="100%"/>
									</conditions>
								</line>
								<line number="117" hits="506" branch="true" condition-coverage="50% (2/4)">
									<conditions>
										<condition number="0" type="jump" coverage="50%"/>
										<condition number="1" type="jump" coverage="50%"/>
									</conditions>
								</line>
								<line number="118" hits="0" branch="false"/>
								<line number="119" hits="0" branch="false"/>
								<line number="121" hits="505" branch="true" condition-coverage="75% (3/4)">
									<conditions>
										<condition number="0" type="jump" coverage="50%"/>
										<condition number="1" type="jump" coverage="100%"/>
									</conditions>
								</line>
								<line number="122" hits="9" branch="false"/>
								<line number="123" hits="9" branch="false"/>
								<line number="125" hits="530" branch="true" condition-coverage="100% (2/2)">
									<conditions>
										<condition number="0" type="jump" coverage="100%"/>
									</conditions>
								</line>
								<line number="126" hits="25" branch="false"/>
								<line number="127" hits="25" branch="true" condition-coverage="50% (1/2)">
									<conditions>
										<condition number="0" type="jump" coverage="50%"/>
									</conditions>
								</line>
								<line number="128" hits="0" branch="false"/>
								<line number="130" hits="25" branch="false"/>
								<line number="131" hits="25" branch="false"/>
								<line number="133" hits="25" branch="false"/>
								<line number="134" hits="505" branch="false"/>
								<line number="135" hits="505" branch="false"/>
								<line number="136" hits="505" branch="true" condition-coverage="100% (2/2)">
									<conditions>
										<condition number="0" type="jump" coverage="100%"/>
									</conditions>
								</line>
								<line number="138" hits="496" branch="false"/>
								<line number="139" hits="496" branch="true" condition-coverage="100% (2/2)">
									<conditions>
										<condition number="0" type="jump" coverage="100%"/>
									</conditions>
								</line>
								<line number="140" hits="16" branch="true" condition-coverage="50% (1/2)">
									<conditions>
										<condition number="0" type="jump" coverage="50%"/>
									</conditions>
								</line>
								<line number="141" hits="16" branch="false"/>
								<line number="142" hits="16" branch="false"/>
								<line number="147" hits="9" branch="false"/>
								<line number="148" hits="9" branch="true" condition-coverage="50% (1/2)">
									<conditions>
										<condition number="0" type="jump" coverage="50%"/>
									</conditions>
								</line>
								<line number="149" hits="9" branch="false"/>
								<line number="150" hits="9" branch="false"/>
								<line number="151" hits="9" branch="false"/>
								<line number="154" hits="489" branch="true" condition-coverage="100% (2/2)">
									<conditions>
										<condition number="0" type="jump" coverage="100%"/>
									</conditions>
								</line>
								<line number="155" hits="9" branch="false"/>
								<line number="156" hits="9" branch="false"/>
								<line number="158" hits="9" branch="false"/>
								<line number="159" hits="9" branch="false"/>
								<line number="160" hits="9" branch="false"/>
							</lines>
						</method>
						<method name="main" signature="([Ljava/lang/String;)V" line-rate="0.75" branch-rate="1.0">
							<lines>
								<line number="239" hits="1" branch="false"/>
								<line number="240" hits="1" branch="false"/>
								<line number="241" hits="1" branch="false"/>
								<line number="242" hits="0" branch="false"/>
							</lines>
						</method>
					</methods>
					<lines>
						<line number="2" hits="5" branch="false"/>
						<line number="3" hits="55" branch="false"/>
						<line number="4" hits="55" branch="false"/>
						<line number="5" hits="55" branch="false"/>
						<line number="6" hits="5" branch="false"/>
						<line number="13" hits="48" branch="true" condition-coverage="100% (2/2)">
							<conditions>
								<condition number="0" type="jump" coverage="100%"/>
							</conditions>
						</line>
						<line number="14" hits="42" branch="false"/>
						<line number="15" hits="42" branch="false"/>
						<line number="16" hits="42" branch="false"/>
						<line number="18" hits="24" branch="true" condition-coverage="100% (2/2)">
							<conditions>
								<condition number="0" type="jump" coverage="100%"/>
							</conditions>
						</line>
						<line number="19" hits="18" branch="false"/>
						<line number="20" hits="18" branch="false"/>
						<line number="21" hits="18" branch="false"/>
						<line number="24" hits="6" branch="false"/>
						<line number="25" hits="6" branch="false"/>
						<line number="27" hits="36" branch="true" condition-coverage="100% (2/2)">
							<conditions>
								<condition number="0" type="jump" coverage="100%"/>
							</conditions>
						</line>
						<line number="28" hits="30" branch="false"/>
						<line number="29" hits="30" branch="false"/>
						<line number="32" hits="6" branch="false"/>
						<line number="33" hits="6" branch="false"/>
						<line number="35" hits="6" branch="false"/>
						<line number="36" hits="6" branch="false"/>
						<line number="37" hits="6" branch="false"/>
						<line number="41" hits="1093" branch="true" condition-coverage="100% (2/2)">
							<conditions>
								<condition number="0" type="jump" coverage="100%"/>
							</conditions>
						</line>
						<line number="42" hits="3" branch="false"/>
						<line number="44" hits="1087" branch="false"/>
						<line number="48" hits="41" branch="true" condition-coverage="100% (2/2)">
							<conditions>
								<condition number="0" type="jump" coverage="100%"/>
							</conditions>
						</line>
						<line number="49" hits="1" branch="false"/>
						<line number="50" hits="34" branch="false"/>
						<line number="54" hits="30" branch="false"/>
						<line number="55" hits="849" branch="true" condition-coverage="100% (2/2)">
							<conditions>
								<condition number="0" type="jump" coverage="100%"/>
							</conditions>
						</line>
						<line number="56" hits="819" branch="true" condition-coverage="100% (2/2)">
							<conditions>
								<condition number="0" type="jump" coverage="100%"/>
							</conditions>
						</line>
						<line number="57" hits="6" branch="false"/>
						<line number="59" hits="30" branch="true" condition-coverage="100% (4/4)">
							<conditions>
								<condition number="0" type="jump" coverage="100%"/>
								<condition number="1" type="jump" coverage="100%"/>
							</conditions>
						</line>
						<line number="60" hits="2" branch="false"/>
						<line number="62" hits="25" branch="false"/>
						<line number="67" hits="3" branch="false"/>
						<line number="68" hits="24" branch="true" condition-coverage="50% (1/2)">
							<conditions>
								<condition number="0" type="jump" coverage="50%"/>
							</conditions>
						</line>
						<line number="69" hits="23" branch="false"/>
						<line number="70" hits="23" branch="false"/>
						<line number="71" hits="21" branch="false"/>
						<line number="72" hits="21" branch="false"/>
						<line number="75" hits="0" branch="false"/>
						<line number="76" hits="0" branch="false"/>
						<line number="77" hits="0" branch="false"/>
						<line number="78" hits="0" branch="false"/>
						<line number="79" hits="0" branch="false"/>
						<line number="80" hits="0" branch="false"/>
						<line number="85" hits="26" branch="false"/>
						<line number="86" hits="26" branch="false"/>
						<line number="87" hits="26" branch="false"/>
						<line number="88" hits="26" branch="false"/>
						<line number="89" hits="26" branch="false"/>
						<line number="90" hits="26" branch="false"/>
						<line number="91" hits="26" branch="false"/>
						<line number="94" hits="26" branch="false"/>
						<line number="95" hits="26" branch="false"/>
						<line number="96" hits="26" branch="false"/>
						<line number="98" hits="52" branch="true" condition-coverage="100% (2/2)">
							<conditions>
								<condition number="0" type="jump" coverage="100%"/>
							</conditions>
						</line>
						<line number="99" hits="26" branch="false"/>
						<line number="100" hits="26" branch="true" condition-coverage="100% (2/2)">
							<conditions>
								<condition number="0" type="jump" coverage="100%"/>
							</conditions>
						</line>
						<line number="101" hits="23" branch="false"/>
						<line number="103" hits="3" branch="false"/>
						<line number="104" hits="3" branch="false"/>
						<line number="105" hits="3" branch="false"/>
						<line number="108" hits="26" branch="false"/>
						<line number="111" hits="26" branch="false"/>
						<line number="112" hits="26" branch="false"/>
						<line number="113" hits="26" branch="false"/>
						<line number="115" hits="35" branch="true" condition-coverage="100% (2/2)">
							<conditions>
								<condition number="0" type="jump" coverage="100%"/>
							</conditions>
						</line>
						<line number="117" hits="506" branch="true" condition-coverage="50% (2/4)">
							<conditions>
								<condition number="0" type="jump" coverage="50%"/>
								<condition number="1" type="jump" coverage="50%"/>
							</conditions>
						</line>
						<line number="118" hits="0" branch="false"/>
						<line number="119" hits="0" branch="false"/>
						<line number="121" hits="505" branch="true" condition-coverage="75% (3/4)">
							<conditions>
								<condition number="0" type="jump" coverage="50%"/>
								<condition number="1" type="jump" coverage="100%"/>
							</conditions>
						</line>
						<line number="122" hits="9" branch="false"/>
						<line number="123" hits="9" branch="false"/>
						<line number="125" hits="530" branch="true" condition-coverage="100% (2/2)">
							<conditions>
								<condition number="0" type="jump" coverage="100%"/>
							</conditions>
						</line>
						<line number="126" hits="25" branch="false"/>
						<line number="127" hits="25" branch="true" condition-coverage="50% (1/2)">
							<conditions>
								<condition number="0" type="jump" coverage="50%"/>
							</conditions>
						</line>
						<line number="128" hits="0" branch="false"/>
						<line number="130" hits="25" branch="false"/>
						<line number="131" hits="25" branch="false"/>
						<line number="133" hits="25" branch="false"/>
						<line number="134" hits="505" branch="false"/>
						<line number="135" hits="505" branch="false"/>
						<line number="136" hits="505" branch="true" condition-coverage="100% (2/2)">
							<conditions>
								<condition number="0" type="jump" coverage="100%"/>
							</conditions>
						</line>
						<line number="138" hits="496" branch="false"/>
						<line number="139" hits="496" branch="true" condition-coverage="100% (2/2)">
							<conditions>
								<condition number="0" type="jump" coverage="100%"/>
							</conditions>
						</line>
						<line number="140" hits="16" branch="true" condition-coverage="50% (1/2)">
							<conditions>
								<condition number="0" type="jump" coverage="50%"/>
							</conditions>
						</line>
						<line number="141" hits="16" branch="false"/>
						<line number="142" hits="16" branch="false"/>
						<line number="147" hits="9" branch="false"/>
						<line number="148" hits="9" branch="true" condition-coverage="50% (1/2)">
							<conditions>
								<condition number="0" type="jump" coverage="50%"/>
							</conditions>
						</line>
						<line number="149" hits="9" branch="false"/>
						<line number="150" hits="9" branch="false"/>
						<line number="151" hits="9" branch="false"/>
						<line number="154" hits="489" branch="true" condition-coverage="100% (2/2)">
							<conditions>
								<condition number="0" type="jump" coverage="100%"/>
							</conditions>
						</line>
						<line number="155" hits="9" branch="false"/>
						<line number="156" hits="9" branch="false"/>
						<line number="158" hits="9" branch="false"/>
						<line number="159" hits="9" branch="false"/>
						<line number="160" hits="9" branch="false"/>
						<line number="165" hits="27" branch="false"/>
						<line number="167" hits="27" branch="false"/>
						<line number="168" hits="27" branch="false"/>
						<line number="169" hits="27" branch="false"/>
						<line number="170" hits="27" branch="false"/>
						<line number="173" hits="27" branch="false"/>
						<line number="174" hits="54" branch="true" condition-coverage="100% (2/2)">
							<conditions>
								<condition number="0" type="jump" coverage="100%"/>
							</conditions>
						</line>
						<line number="175" hits="27" branch="false"/>
						<line number="176" hits="27" branch="true" condition-coverage="100% (2/2)">
							<conditions>
								<condition number="0" type="jump" coverage="100%"/>
							</conditions>
						</line>
						<line number="177" hits="25" branch="false"/>
						<line number="179" hits="2" branch="false"/>
						<line number="180" hits="2" branch="false"/>
						<line number="181" hits="2" branch="false"/>
						<line number="184" hits="27" branch="false"/>
						<line number="186" hits="27" branch="false"/>
						<line number="188" hits="27" branch="false"/>
						<line number="190" hits="34" branch="true" condition-coverage="100% (2/2)">
							<conditions>
								<condition number="0" type="jump" coverage="100%"/>
							</conditions>
						</line>
						<line number="192" hits="528" branch="true" condition-coverage="75% (3/4)">
							<conditions>
								<condition number="0" type="jump" coverage="50%"/>
								<condition number="1" type="jump" coverage="100%"/>
							</conditions>
						</line>
						<line number="193" hits="2" branch="false"/>
						<line number="194" hits="2" branch="false"/>
						<line number="196" hits="523" branch="true" condition-coverage="75% (3/4)">
							<conditions>
								<condition number="0" type="jump" coverage="50%"/>
								<condition number="1" type="jump" coverage="100%"/>
							</conditions>
						</line>
						<line number="197" hits="5" branch="false"/>
						<line number="198" hits="5" branch="false"/>
						<line number="200" hits="550" branch="true" condition-coverage="100% (2/2)">
							<conditions>
								<condition number="0" type="jump" coverage="100%"/>
							</conditions>
						</line>
						<line number="201" hits="25" branch="false"/>
						<line number="202" hits="25" branch="true" condition-coverage="50% (1/2)">
							<conditions>
								<condition number="0" type="jump" coverage="50%"/>
							</conditions>
						</line>
						<line number="203" hits="0" branch="false"/>
						<line number="205" hits="25" branch="false"/>
						<line number="206" hits="25" branch="false"/>
						<line number="208" hits="25" branch="false"/>
						<line number="209" hits="525" branch="false"/>
						<line number="210" hits="525" branch="false"/>
						<line number="211" hits="524" branch="true" condition-coverage="100% (2/2)">
							<conditions>
								<condition number="0" type="jump" coverage="100%"/>
							</conditions>
						</line>
						<line number="213" hits="517" branch="false"/>
						<line number="214" hits="517" branch="true" condition-coverage="100% (2/2)">
							<conditions>
								<condition number="0" type="jump" coverage="100%"/>
							</conditions>
						</line>
						<line number="215" hits="16" branch="true" condition-coverage="50% (1/2)">
							<conditions>
								<condition number="0" type="jump" coverage="50%"/>
							</conditions>
						</line>
						<line number="216" hits="16" branch="false"/>
						<line number="217" hits="16" branch="false"/>
						<line number="222" hits="7" branch="false"/>
						<line number="223" hits="7" branch="true" condition-coverage="50% (1/2)">
							<conditions>
								<condition number="0" type="jump" coverage="50%"/>
							</conditions>
						</line>
						<line number="224" hits="7" branch="false"/>
						<line number="225" hits="7" branch="false"/>
						<line number="226" hits="7" branch="false"/>
						<line number="229" hits="508" branch="true" condition-coverage="100% (2/2)">
							<conditions>
								<condition number="0" type="jump" coverage="100%"/>
							</conditions>
						</line>
						<line number="230" hits="7" branch="false"/>
						<line number="231" hits="7" branch="false"/>
						<line number="233" hits="7" branch="false"/>
						<line number="234" hits="7" branch="false"/>
						<line number="236" hits="7" branch="false"/>
						<line number="239" hits="1" branch="false"/>
						<line number="240" hits="1" branch="false"/>
						<line number="241" hits="1" branch="false"/>
						<line number="242" hits="0" branch="false"/>
					</lines>
				</class>
				<class name="dominion.Player" filename="dominion/Player.java" line-rate="0.9376558603491272" branch-rate="0.8082706766917294" complexity="5.129032258064516">
					<methods>
						<method name="&lt;init&gt;" signature="(Ljava/lang/String;)V" line-rate="1.0" branch-rate="1.0">
							<lines>
								<line number="12" hits="179" branch="false"/>
								<line number="13" hits="179" branch="false"/>
								<line number="14" hits="179" branch="false"/>
								<line number="20" hits="358" branch="false"/>
							</lines>
						</method>
						<method name="Check_For_Action" signature="(Ldominion/Player;)I" line-rate="1.0" branch-rate="1.0">
							<lines>
								<line number="587" hits="524" branch="true" condition-coverage="100% (2/2)">
									<conditions>
										<condition number="0" type="jump" coverage="100%"/>
									</conditions>
								</line>
								<line number="589" hits="451" branch="true" condition-coverage="100% (2/2)">
									<conditions>
										<condition number="0" type="jump" coverage="100%"/>
									</conditions>
								</line>
								<line number="590" hits="8" branch="false"/>
								<line number="592" hits="72" branch="false"/>
							</lines>
						</method>
						<method name="Draw" signature="(I)V" line-rate="1.0" branch-rate="1.0">
							<lines>
								<line number="581" hits="154" branch="false"/>
							</lines>
						</method>
						<method name="GetDeck" signature="()Ljava/util/List;" line-rate="1.0" branch-rate="1.0">
							<lines>
								<line number="43" hits="291" branch="false"/>
							</lines>
						</method>
						<method name="Get_Player_Stats" signature="()V" line-rate="0.9464285714285714" branch-rate="0.9074074074074074">
							<lines>
								<line number="82" hits="55" branch="false"/>
								<line number="83" hits="55" branch="false"/>
								<line number="84" hits="532" branch="true" condition-coverage="100% (2/2)">
									<conditions>
										<condition number="0" type="jump" coverage="100%"/>
									</conditions>
								</line>
								<line number="85" hits="477" branch="true" condition-coverage="100% (2/2)">
									<conditions>
										<condition number="0" type="jump" coverage="100%"/>
									</conditions>
								</line>
								<line number="86" hits="391" branch="false"/>
								<line number="87" hits="86" branch="true" condition-coverage="100% (2/2)">
									<conditions>
										<condition number="0" type="jump" coverage="100%"/>
									</conditions>
								</line>
								<line number="88" hits="17" branch="false"/>
								<line number="89" hits="69" branch="true" condition-coverage="100% (2/2)">
									<conditions>
										<condition number="0" type="jump" coverage="100%"/>
									</conditions>
								</line>
								<line number="90" hits="16" branch="false"/>
								<line number="91" hits="53" branch="true" condition-coverage="100% (2/2)">
									<conditions>
										<condition number="0" type="jump" coverage="100%"/>
									</conditions>
								</line>
								<line number="92" hits="36" branch="false"/>
								<line number="93" hits="17" branch="true" condition-coverage="50% (1/2)">
									<conditions>
										<condition number="0" type="jump" coverage="50%"/>
									</conditions>
								</line>
								<line number="94" hits="0" branch="false"/>
								<line number="95" hits="17" branch="true" condition-coverage="100% (2/2)">
									<conditions>
										<condition number="0" type="jump" coverage="100%"/>
									</conditions>
								</line>
								<line number="96" hits="8" branch="false"/>
								<line number="97" hits="9" branch="true" condition-coverage="100% (2/2)">
									<conditions>
										<condition number="0" type="jump" coverage="100%"/>
									</conditions>
								</line>
								<line number="98" hits="7" branch="false"/>
								<line number="99" hits="2" branch="true" condition-coverage="50% (1/2)">
									<conditions>
										<condition number="0" type="jump" coverage="50%"/>
									</conditions>
								</line>
								<line number="100" hits="2" branch="false"/>
								<line number="102" hits="300" branch="true" condition-coverage="100% (2/2)">
									<conditions>
										<condition number="0" type="jump" coverage="100%"/>
									</conditions>
								</line>
								<line number="103" hits="245" branch="true" condition-coverage="100% (2/2)">
									<conditions>
										<condition number="0" type="jump" coverage="100%"/>
									</conditions>
								</line>
								<line number="104" hits="120" branch="false"/>
								<line number="105" hits="125" branch="true" condition-coverage="100% (2/2)">
									<conditions>
										<condition number="0" type="jump" coverage="100%"/>
									</conditions>
								</line>
								<line number="106" hits="30" branch="false"/>
								<line number="107" hits="95" branch="true" condition-coverage="100% (2/2)">
									<conditions>
										<condition number="0" type="jump" coverage="100%"/>
									</conditions>
								</line>
								<line number="108" hits="28" branch="false"/>
								<line number="109" hits="67" branch="true" condition-coverage="100% (2/2)">
									<conditions>
										<condition number="0" type="jump" coverage="100%"/>
									</conditions>
								</line>
								<line number="110" hits="43" branch="false"/>
								<line number="111" hits="24" branch="true" condition-coverage="50% (1/2)">
									<conditions>
										<condition number="0" type="jump" coverage="50%"/>
									</conditions>
								</line>
								<line number="112" hits="0" branch="false"/>
								<line number="113" hits="24" branch="true" condition-coverage="100% (2/2)">
									<conditions>
										<condition number="0" type="jump" coverage="100%"/>
									</conditions>
								</line>
								<line number="114" hits="11" branch="false"/>
								<line number="115" hits="13" branch="true" condition-coverage="100% (2/2)">
									<conditions>
										<condition number="0" type="jump" coverage="100%"/>
									</conditions>
								</line>
								<line number="116" hits="10" branch="false"/>
								<line number="117" hits="3" branch="true" condition-coverage="50% (1/2)">
									<conditions>
										<condition number="0" type="jump" coverage="50%"/>
									</conditions>
								</line>
								<line number="118" hits="3" branch="false"/>
								<line number="120" hits="137" branch="true" condition-coverage="100% (2/2)">
									<conditions>
										<condition number="0" type="jump" coverage="100%"/>
									</conditions>
								</line>
								<line number="121" hits="82" branch="true" condition-coverage="100% (2/2)">
									<conditions>
										<condition number="0" type="jump" coverage="100%"/>
									</conditions>
								</line>
								<line number="122" hits="27" branch="false"/>
								<line number="123" hits="55" branch="true" condition-coverage="100% (2/2)">
									<conditions>
										<condition number="0" type="jump" coverage="100%"/>
									</conditions>
								</line>
								<line number="124" hits="14" branch="false"/>
								<line number="125" hits="41" branch="true" condition-coverage="100% (2/2)">
									<conditions>
										<condition number="0" type="jump" coverage="100%"/>
									</conditions>
								</line>
								<line number="126" hits="13" branch="false"/>
								<line number="127" hits="28" branch="true" condition-coverage="100% (2/2)">
									<conditions>
										<condition number="0" type="jump" coverage="100%"/>
									</conditions>
								</line>
								<line number="128" hits="14" branch="false"/>
								<line number="129" hits="14" branch="true" condition-coverage="50% (1/2)">
									<conditions>
										<condition number="0" type="jump" coverage="50%"/>
									</conditions>
								</line>
								<line number="130" hits="0" branch="false"/>
								<line number="131" hits="14" branch="true" condition-coverage="100% (2/2)">
									<conditions>
										<condition number="0" type="jump" coverage="100%"/>
									</conditions>
								</line>
								<line number="132" hits="7" branch="false"/>
								<line number="133" hits="7" branch="true" condition-coverage="100% (2/2)">
									<conditions>
										<condition number="0" type="jump" coverage="100%"/>
									</conditions>
								</line>
								<line number="134" hits="4" branch="false"/>
								<line number="135" hits="3" branch="true" condition-coverage="100% (2/2)">
									<conditions>
										<condition number="0" type="jump" coverage="100%"/>
									</conditions>
								</line>
								<line number="136" hits="1" branch="false"/>
								<line number="139" hits="55" branch="false"/>
								<line number="140" hits="55" branch="false"/>
								<line number="142" hits="55" branch="false"/>
							</lines>
						</method>
						<method name="Get_Player_VP" signature="()I" line-rate="1.0" branch-rate="1.0">
							<lines>
								<line number="39" hits="14" branch="false"/>
							</lines>
						</method>
						<method name="Get_player_gold_in_hand" signature="()I" line-rate="1.0" branch-rate="1.0">
							<lines>
								<line number="145" hits="3122" branch="false"/>
								<line number="146" hits="20208" branch="true" condition-coverage="100% (2/2)">
									<conditions>
										<condition number="0" type="jump" coverage="100%"/>
									</conditions>
								</line>
								<line number="147" hits="17086" branch="true" condition-coverage="100% (2/2)">
									<conditions>
										<condition number="0" type="jump" coverage="100%"/>
									</conditions>
								</line>
								<line number="148" hits="12139" branch="false"/>
								<line number="149" hits="4947" branch="true" condition-coverage="100% (2/2)">
									<conditions>
										<condition number="0" type="jump" coverage="100%"/>
									</conditions>
								</line>
								<line number="150" hits="4" branch="false"/>
								<line number="151" hits="4943" branch="true" condition-coverage="100% (2/2)">
									<conditions>
										<condition number="0" type="jump" coverage="100%"/>
									</conditions>
								</line>
								<line number="152" hits="4" branch="false"/>
								<line number="154" hits="3120" branch="false"/>
							</lines>
						</method>
						<method name="Hand_To_Discard" signature="(I)V" line-rate="1.0" branch-rate="1.0">
							<lines>
								<line number="51" hits="113" branch="false"/>
								<line number="52" hits="110" branch="false"/>
							</lines>
						</method>
						<method name="PayPiper" signature="(I)V" line-rate="1.0" branch-rate="1.0">
							<lines>
								<line number="55" hits="20" branch="false"/>
								<line number="56" hits="20" branch="false"/>
								<line number="58" hits="136" branch="true" condition-coverage="100% (2/2)">
									<conditions>
										<condition number="0" type="jump" coverage="100%"/>
									</conditions>
								</line>
								<line number="59" hits="101" branch="false"/>
								<line number="60" hits="101" branch="false"/>
								<line number="61" hits="101" branch="false"/>
								<line number="63" hits="34" branch="true" condition-coverage="100% (2/2)">
									<conditions>
										<condition number="0" type="jump" coverage="100%"/>
									</conditions>
								</line>
								<line number="64" hits="4" branch="false"/>
								<line number="65" hits="4" branch="false"/>
								<line number="66" hits="4" branch="false"/>
								<line number="68" hits="30" branch="true" condition-coverage="100% (2/2)">
									<conditions>
										<condition number="0" type="jump" coverage="100%"/>
									</conditions>
								</line>
								<line number="69" hits="4" branch="false"/>
								<line number="70" hits="4" branch="false"/>
								<line number="71" hits="4" branch="false"/>
								<line number="73" hits="135" branch="false"/>
								<line number="74" hits="135" branch="true" condition-coverage="100% (2/2)">
									<conditions>
										<condition number="0" type="jump" coverage="100%"/>
									</conditions>
								</line>
								<line number="77" hits="19" branch="false"/>
							</lines>
						</method>
						<method name="Play_Card" signature="(Ldominion/Cards;Ldominion/Player;Ldominion/Player;)V" line-rate="1.0" branch-rate="0.75">
							<lines>
								<line number="179" hits="39" branch="false"/>
								<line number="180" hits="39" branch="true" condition-coverage="75% (41/54)">
									<conditions>
										<condition number="0" type="jump" coverage="50%"/>
										<condition number="1" type="jump" coverage="50%"/>
										<condition number="2" type="jump" coverage="50%"/>
										<condition number="3" type="jump" coverage="50%"/>
										<condition number="4" type="jump" coverage="50%"/>
										<condition number="5" type="jump" coverage="50%"/>
										<condition number="6" type="jump" coverage="50%"/>
										<condition number="7" type="jump" coverage="50%"/>
										<condition number="8" type="jump" coverage="50%"/>
										<condition number="9" type="jump" coverage="50%"/>
										<condition number="10" type="jump" coverage="50%"/>
										<condition number="11" type="jump" coverage="50%"/>
										<condition number="12" type="jump" coverage="50%"/>
										<condition number="0" type="switch" coverage="100%"/>
										<condition number="1" type="switch" coverage="100%"/>
									</conditions>
								</line>
								<line number="182" hits="7" branch="false"/>
								<line number="184" hits="7" branch="false"/>
								<line number="185" hits="7" branch="false"/>
								<line number="187" hits="3" branch="false"/>
								<line number="189" hits="3" branch="false"/>
								<line number="190" hits="3" branch="false"/>
								<line number="193" hits="3" branch="false"/>
								<line number="194" hits="3" branch="false"/>
								<line number="195" hits="2" branch="false"/>
								<line number="197" hits="3" branch="false"/>
								<line number="198" hits="3" branch="false"/>
								<line number="199" hits="1" branch="false"/>
								<line number="201" hits="2" branch="false"/>
								<line number="202" hits="2" branch="true" condition-coverage="50% (1/2)">
									<conditions>
										<condition number="0" type="jump" coverage="50%"/>
									</conditions>
								</line>
								<line number="203" hits="1" branch="false"/>
								<line number="204" hits="1" branch="false"/>
								<line number="205" hits="1" branch="false"/>
								<line number="207" hits="2" branch="false"/>
								<line number="209" hits="2" branch="false"/>
								<line number="210" hits="1" branch="false"/>
								<line number="212" hits="2" branch="false"/>
								<line number="213" hits="2" branch="false"/>
								<line number="214" hits="1" branch="false"/>
								<line number="216" hits="4" branch="false"/>
								<line number="217" hits="4" branch="false"/>
								<line number="218" hits="4" branch="false"/>
								<line number="220" hits="2" branch="false"/>
								<line number="221" hits="2" branch="false"/>
								<line number="222" hits="1" branch="false"/>
								<line number="224" hits="3" branch="false"/>
								<line number="225" hits="3" branch="false"/>
								<line number="226" hits="3" branch="false"/>
								<line number="228" hits="2" branch="false"/>
								<line number="229" hits="2" branch="false"/>
								<line number="230" hits="1" branch="false"/>
								<line number="232" hits="2" branch="false"/>
								<line number="233" hits="2" branch="false"/>
								<line number="234" hits="1" branch="false"/>
								<line number="236" hits="2" branch="false"/>
								<line number="237" hits="2" branch="false"/>
								<line number="238" hits="1" branch="false"/>
								<line number="240" hits="1" branch="false"/>
								<line number="242" hits="28" branch="false"/>
							</lines>
						</method>
						<method name="getDiscard" signature="()Ljava/util/List;" line-rate="1.0" branch-rate="1.0">
							<lines>
								<line number="44" hits="12" branch="false"/>
							</lines>
						</method>
						<method name="getNewDeck" signature="()V" line-rate="1.0" branch-rate="1.0">
							<lines>
								<line number="448" hits="14" branch="true" condition-coverage="100% (2/2)">
									<conditions>
										<condition number="0" type="jump" coverage="100%"/>
									</conditions>
								</line>
								<line number="449" hits="5" branch="false"/>
								<line number="450" hits="13" branch="true" condition-coverage="100% (2/2)">
									<conditions>
										<condition number="0" type="jump" coverage="100%"/>
									</conditions>
								</line>
								<line number="451" hits="4" branch="false"/>
								<line number="452" hits="9" branch="false"/>
								<line number="453" hits="9" branch="false"/>
							</lines>
						</method>
						<method name="get_PlayHand" signature="()Ljava/util/List;" line-rate="1.0" branch-rate="1.0">
							<lines>
								<line number="47" hits="207" branch="false"/>
							</lines>
						</method>
						<method name="get_Player_Gold" signature="()I" line-rate="1.0" branch-rate="1.0">
							<lines>
								<line number="41" hits="23" branch="false"/>
							</lines>
						</method>
						<method name="handleAdventurer" signature="()V" line-rate="1.0" branch-rate="1.0">
							<lines>
								<line number="556" hits="7" branch="false"/>
								<line number="557" hits="7" branch="false"/>
								<line number="558" hits="7" branch="false"/>
								<line number="559" hits="20" branch="true" condition-coverage="100% (2/2)">
									<conditions>
										<condition number="0" type="jump" coverage="100%"/>
									</conditions>
								</line>
								<line number="560" hits="19" branch="false"/>
								<line number="561" hits="19" branch="true" condition-coverage="100% (2/2)">
									<conditions>
										<condition number="0" type="jump" coverage="100%"/>
									</conditions>
								</line>
								<line number="562" hits="12" branch="false"/>
								<line number="563" hits="12" branch="false"/>
								<line number="564" hits="12" branch="false"/>
								<line number="567" hits="7" branch="false"/>
								<line number="568" hits="7" branch="false"/>
								<line number="570" hits="19" branch="true" condition-coverage="100% (2/2)">
									<conditions>
										<condition number="0" type="jump" coverage="100%"/>
									</conditions>
								</line>
								<line number="571" hits="6" branch="false"/>
								<line number="573" hits="7" branch="false"/>
								<line number="575" hits="7" branch="false"/>
							</lines>
						</method>
						<method name="handleFeast" signature="()V" line-rate="0.875" branch-rate="0.6666666666666666">
							<lines>
								<line number="365" hits="2" branch="false"/>
								<line number="366" hits="2" branch="false"/>
								<line number="367" hits="2" branch="false"/>
								<line number="369" hits="3" branch="true" condition-coverage="100% (2/2)">
									<conditions>
										<condition number="0" type="jump" coverage="100%"/>
									</conditions>
								</line>
								<line number="370" hits="2" branch="false"/>
								<line number="371" hits="1" branch="true" condition-coverage="50% (1/2)">
									<conditions>
										<condition number="0" type="jump" coverage="50%"/>
									</conditions>
								</line>
								<line number="372" hits="0" branch="false"/>
								<line number="374" hits="1" branch="false"/>
								<line number="375" hits="1" branch="false"/>
								<line number="376" hits="1" branch="true" condition-coverage="50% (1/2)">
									<conditions>
										<condition number="0" type="jump" coverage="50%"/>
									</conditions>
								</line>
								<line number="377" hits="0" branch="false"/>
								<line number="378" hits="1" branch="false"/>
								<line number="379" hits="1" branch="false"/>
								<line number="380" hits="1" branch="false"/>
								<line number="381" hits="1" branch="false"/>
								<line number="384" hits="1" branch="false"/>
							</lines>
						</method>
						<method name="handleGarden" signature="()V" line-rate="1.0" branch-rate="0.8333333333333334">
							<lines>
								<line number="330" hits="4" branch="false"/>
								<line number="331" hits="4" branch="false"/>
								<line number="332" hits="4" branch="false"/>
								<line number="333" hits="4" branch="false"/>
								<line number="334" hits="4" branch="false"/>
								<line number="335" hits="5" branch="true" condition-coverage="100% (2/2)">
									<conditions>
										<condition number="0" type="jump" coverage="100%"/>
									</conditions>
								</line>
								<line number="336" hits="1" branch="false"/>
								<line number="337" hits="1" branch="false"/>
								<line number="339" hits="5" branch="true" condition-coverage="100% (2/2)">
									<conditions>
										<condition number="0" type="jump" coverage="100%"/>
									</conditions>
								</line>
								<line number="340" hits="1" branch="false"/>
								<line number="341" hits="1" branch="false"/>
								<line number="343" hits="5" branch="true" condition-coverage="100% (2/2)">
									<conditions>
										<condition number="0" type="jump" coverage="100%"/>
									</conditions>
								</line>
								<line number="344" hits="1" branch="false"/>
								<line number="345" hits="1" branch="false"/>
								<line number="347" hits="5" branch="true" condition-coverage="100% (2/2)">
									<conditions>
										<condition number="0" type="jump" coverage="100%"/>
									</conditions>
								</line>
								<line number="348" hits="1" branch="true" condition-coverage="50% (1/2)">
									<conditions>
										<condition number="0" type="jump" coverage="50%"/>
									</conditions>
								</line>
								<line number="349" hits="1" branch="false"/>
								<line number="351" hits="5" branch="true" condition-coverage="100% (2/2)">
									<conditions>
										<condition number="0" type="jump" coverage="100%"/>
									</conditions>
								</line>
								<line number="352" hits="1" branch="true" condition-coverage="50% (1/2)">
									<conditions>
										<condition number="0" type="jump" coverage="50%"/>
									</conditions>
								</line>
								<line number="353" hits="1" branch="false"/>
								<line number="355" hits="5" branch="true" condition-coverage="100% (2/2)">
									<conditions>
										<condition number="0" type="jump" coverage="100%"/>
									</conditions>
								</line>
								<line number="356" hits="1" branch="true" condition-coverage="50% (1/2)">
									<conditions>
										<condition number="0" type="jump" coverage="50%"/>
									</conditions>
								</line>
								<line number="357" hits="1" branch="false"/>
								<line number="359" hits="4" branch="false"/>
								<line number="360" hits="4" branch="false"/>
								<line number="361" hits="4" branch="false"/>
							</lines>
						</method>
						<method name="handleGreathall" signature="()V" line-rate="1.0" branch-rate="0.5">
							<lines>
								<line number="319" hits="2" branch="false"/>
								<line number="321" hits="2" branch="true" condition-coverage="50% (1/2)">
									<conditions>
										<condition number="0" type="jump" coverage="50%"/>
									</conditions>
								</line>
								<line number="322" hits="2" branch="false"/>
								<line number="323" hits="2" branch="false"/>
								<line number="324" hits="1" branch="false"/>
								<line number="326" hits="1" branch="false"/>
								<line number="327" hits="1" branch="false"/>
							</lines>
						</method>
						<method name="handleMarket" signature="()V" line-rate="1.0" branch-rate="0.75">
							<lines>
								<line number="245" hits="2" branch="false"/>
								<line number="246" hits="2" branch="false"/>
								<line number="247" hits="2" branch="true" condition-coverage="100% (2/2)">
									<conditions>
										<condition number="0" type="jump" coverage="100%"/>
									</conditions>
								</line>
								<line number="248" hits="1" branch="false"/>
								<line number="249" hits="2" branch="false"/>
								<line number="251" hits="2" branch="false"/>
								<line number="252" hits="1" branch="true" condition-coverage="50% (1/2)">
									<conditions>
										<condition number="0" type="jump" coverage="50%"/>
									</conditions>
								</line>
								<line number="253" hits="1" branch="false"/>
								<line number="254" hits="1" branch="false"/>
								<line number="256" hits="1" branch="false"/>
							</lines>
						</method>
						<method name="handleMine" signature="()V" line-rate="1.0" branch-rate="0.8333333333333334">
							<lines>
								<line number="299" hits="3" branch="false"/>
								<line number="301" hits="3" branch="true" condition-coverage="100% (2/2)">
									<conditions>
										<condition number="0" type="jump" coverage="100%"/>
									</conditions>
								</line>
								<line number="302" hits="2" branch="true" condition-coverage="100% (2/2)">
									<conditions>
										<condition number="0" type="jump" coverage="100%"/>
									</conditions>
								</line>
								<line number="303" hits="1" branch="false"/>
								<line number="304" hits="1" branch="false"/>
								<line number="305" hits="1" branch="false"/>
								<line number="306" hits="1" branch="false"/>
								<line number="308" hits="1" branch="true" condition-coverage="50% (1/2)">
									<conditions>
										<condition number="0" type="jump" coverage="50%"/>
									</conditions>
								</line>
								<line number="309" hits="1" branch="false"/>
								<line number="310" hits="1" branch="false"/>
								<line number="311" hits="1" branch="false"/>
								<line number="312" hits="1" branch="false"/>
								<line number="315" hits="1" branch="false"/>
								<line number="316" hits="1" branch="false"/>
							</lines>
						</method>
						<method name="handleVillage" signature="()V" line-rate="1.0" branch-rate="0.5">
							<lines>
								<line number="288" hits="2" branch="false"/>
								<line number="290" hits="2" branch="true" condition-coverage="50% (1/2)">
									<conditions>
										<condition number="0" type="jump" coverage="50%"/>
									</conditions>
								</line>
								<line number="291" hits="2" branch="false"/>
								<line number="292" hits="2" branch="false"/>
								<line number="293" hits="1" branch="false"/>
								<line number="294" hits="1" branch="false"/>
								<line number="296" hits="1" branch="false"/>
							</lines>
						</method>
						<method name="handleWorkshop" signature="()V" line-rate="0.7647058823529411" branch-rate="0.5">
							<lines>
								<line number="260" hits="2" branch="false"/>
								<line number="261" hits="2" branch="false"/>
								<line number="262" hits="3" branch="true" condition-coverage="100% (2/2)">
									<conditions>
										<condition number="0" type="jump" coverage="100%"/>
									</conditions>
								</line>
								<line number="264" hits="2" branch="false"/>
								<line number="267" hits="1" branch="true" condition-coverage="50% (1/2)">
									<conditions>
										<condition number="0" type="jump" coverage="50%"/>
									</conditions>
								</line>
								<line number="268" hits="1" branch="false"/>
								<line number="269" hits="1" branch="false"/>
								<line number="270" hits="1" branch="true" condition-coverage="50% (1/2)">
									<conditions>
										<condition number="0" type="jump" coverage="50%"/>
									</conditions>
								</line>
								<line number="271" hits="0" branch="false"/>
								<line number="272" hits="0" branch="true" condition-coverage="0% (0/2)">
									<conditions>
										<condition number="0" type="jump" coverage="0%"/>
									</conditions>
								</line>
								<line number="273" hits="0" branch="false"/>
								<line number="275" hits="1" branch="false"/>
								<line number="276" hits="1" branch="false"/>
								<line number="277" hits="1" branch="false"/>
								<line number="278" hits="1" branch="false"/>
								<line number="280" hits="0" branch="false"/>
								<line number="283" hits="1" branch="false"/>
							</lines>
						</method>
						<method name="handle_Ambassador" signature="(Ldominion/Player;Ldominion/Player;)V" line-rate="0.8103448275862069" branch-rate="0.71875">
							<lines>
								<line number="479" hits="3" branch="false"/>
								<line number="480" hits="3" branch="false"/>
								<line number="481" hits="3" branch="false"/>
								<line number="482" hits="3" branch="false"/>
								<line number="483" hits="3" branch="false"/>
								<line number="486" hits="12" branch="true" condition-coverage="50% (1/2)">
									<conditions>
										<condition number="0" type="jump" coverage="50%"/>
									</conditions>
								</line>
								<line number="487" hits="12" branch="true" condition-coverage="100% (2/2)">
									<conditions>
										<condition number="0" type="jump" coverage="100%"/>
									</conditions>
								</line>
								<line number="488" hits="6" branch="false"/>
								<line number="489" hits="6" branch="false"/>
								<line number="490" hits="6" branch="false"/>
								<line number="492" hits="12" branch="true" condition-coverage="100% (2/2)">
									<conditions>
										<condition number="0" type="jump" coverage="100%"/>
									</conditions>
								</line>
								<line number="493" hits="3" branch="false"/>
								<line number="494" hits="9" branch="false"/>
								<line number="496" hits="3" branch="false"/>
								<line number="497" hits="90" branch="true" condition-coverage="100% (2/2)">
									<conditions>
										<condition number="0" type="jump" coverage="100%"/>
									</conditions>
								</line>
								<line number="498" hits="88" branch="true" condition-coverage="50% (1/2)">
									<conditions>
										<condition number="0" type="jump" coverage="50%"/>
									</conditions>
								</line>
								<line number="499" hits="88" branch="true" condition-coverage="100% (2/2)">
									<conditions>
										<condition number="0" type="jump" coverage="100%"/>
									</conditions>
								</line>
								<line number="500" hits="1" branch="true" condition-coverage="50% (1/2)">
									<conditions>
										<condition number="0" type="jump" coverage="50%"/>
									</conditions>
								</line>
								<line number="501" hits="1" branch="false"/>
								<line number="502" hits="1" branch="false"/>
								<line number="503" hits="1" branch="false"/>
								<line number="504" hits="1" branch="false"/>
								<line number="506" hits="0" branch="false"/>
								<line number="507" hits="0" branch="false"/>
								<line number="508" hits="0" branch="false"/>
								<line number="509" hits="0" branch="false"/>
								<line number="512" hits="87" branch="false"/>
								<line number="515" hits="2" branch="false"/>
								<line number="516" hits="34" branch="true" condition-coverage="100% (2/2)">
									<conditions>
										<condition number="0" type="jump" coverage="100%"/>
									</conditions>
								</line>
								<line number="517" hits="33" branch="true" condition-coverage="50% (1/2)">
									<conditions>
										<condition number="0" type="jump" coverage="50%"/>
									</conditions>
								</line>
								<line number="518" hits="33" branch="true" condition-coverage="100% (2/2)">
									<conditions>
										<condition number="0" type="jump" coverage="100%"/>
									</conditions>
								</line>
								<line number="519" hits="1" branch="true" condition-coverage="50% (1/2)">
									<conditions>
										<condition number="0" type="jump" coverage="50%"/>
									</conditions>
								</line>
								<line number="520" hits="1" branch="false"/>
								<line number="521" hits="1" branch="false"/>
								<line number="522" hits="1" branch="false"/>
								<line number="523" hits="1" branch="false"/>
								<line number="525" hits="0" branch="false"/>
								<line number="526" hits="0" branch="false"/>
								<line number="527" hits="0" branch="false"/>
								<line number="528" hits="0" branch="false"/>
								<line number="531" hits="32" branch="false"/>
								<line number="533" hits="1" branch="false"/>
								<line number="534" hits="1" branch="false"/>
								<line number="535" hits="2" branch="true" condition-coverage="50% (1/2)">
									<conditions>
										<condition number="0" type="jump" coverage="50%"/>
									</conditions>
								</line>
								<line number="536" hits="2" branch="true" condition-coverage="50% (1/2)">
									<conditions>
										<condition number="0" type="jump" coverage="50%"/>
									</conditions>
								</line>
								<line number="537" hits="2" branch="false"/>
								<line number="538" hits="2" branch="false"/>
								<line number="539" hits="2" branch="true" condition-coverage="75% (3/4)">
									<conditions>
										<condition number="0" type="jump" coverage="100%"/>
										<condition number="1" type="jump" coverage="50%"/>
									</conditions>
								</line>
								<line number="540" hits="1" branch="true" condition-coverage="50% (1/2)">
									<conditions>
										<condition number="0" type="jump" coverage="50%"/>
									</conditions>
								</line>
								<line number="541" hits="1" branch="false"/>
								<line number="542" hits="1" branch="false"/>
								<line number="543" hits="1" branch="false"/>
								<line number="545" hits="0" branch="false"/>
								<line number="546" hits="0" branch="false"/>
								<line number="547" hits="0" branch="false"/>
								<line number="549" hits="1" branch="false"/>
								<line number="550" hits="1" branch="false"/>
								<line number="553" hits="1" branch="false"/>
							</lines>
						</method>
						<method name="handle_Baron" signature="()V" line-rate="1.0" branch-rate="0.7">
							<lines>
								<line number="456" hits="3" branch="false"/>
								<line number="457" hits="3" branch="false"/>
								<line number="458" hits="10" branch="true" condition-coverage="100% (2/2)">
									<conditions>
										<condition number="0" type="jump" coverage="100%"/>
									</conditions>
								</line>
								<line number="459" hits="8" branch="true" condition-coverage="75% (3/4)">
									<conditions>
										<condition number="0" type="jump" coverage="50%"/>
										<condition number="1" type="jump" coverage="100%"/>
									</conditions>
								</line>
								<line number="460" hits="1" branch="false"/>
								<line number="461" hits="1" branch="false"/>
								<line number="462" hits="1" branch="true" condition-coverage="50% (1/2)">
									<conditions>
										<condition number="0" type="jump" coverage="50%"/>
									</conditions>
								</line>
								<line number="463" hits="1" branch="false"/>
								<line number="464" hits="1" branch="false"/>
								<line number="466" hits="1" branch="false"/>
								<line number="467" hits="1" branch="false"/>
								<line number="470" hits="2" branch="false"/>
								<line number="471" hits="2" branch="true" condition-coverage="50% (1/2)">
									<conditions>
										<condition number="0" type="jump" coverage="50%"/>
									</conditions>
								</line>
								<line number="472" hits="1" branch="false"/>
								<line number="473" hits="1" branch="false"/>
								<line number="474" hits="1" branch="false"/>
							</lines>
						</method>
						<method name="handle_CouncilRoom" signature="(Ldominion/Player;Ldominion/Player;)V" line-rate="0.9285714285714286" branch-rate="0.875">
							<lines>
[...]
						<line number="276" hits="1" branch="false"/>
						<line number="277" hits="1" branch="false"/>
						<line number="278" hits="1" branch="false"/>
						<line number="280" hits="0" branch="false"/>
						<line number="283" hits="1" branch="false"/>
						<line number="288" hits="2" branch="false"/>
						<line number="290" hits="2" branch="true" condition-coverage="50% (1/2)">
							<conditions>
								<condition number="0" type="jump" coverage="50%"/>
							</conditions>
						</line>
						<line number="291" hits="2" branch="false"/>
						<line number="292" hits="2" branch="false"/>
						<line number="293" hits="1" branch="false"/>
						<line number="294" hits="1" branch="false"/>
						<line number="296" hits="1" branch="false"/>
						<line number="299" hits="3" branch="false"/>
						<line number="301" hits="3" branch="true" condition-coverage="100% (2/2)">
							<conditions>
								<condition number="0" type="jump" coverage="100%"/>
							</conditions>
						</line>
						<line number="302" hits="2" branch="true" condition-coverage="100% (2/2)">
							<conditions>
								<condition number="0" type="jump" coverage="100%"/>
							</conditions>
						</line>
						<line number="303" hits="1" branch="false"/>
						<line number="304" hits="1" branch="false"/>
						<line number="305" hits="1" branch="false"/>
						<line number="306" hits="1" branch="false"/>
						<line number="308" hits="1" branch="true" condition-coverage="50% (1/2)">
							<conditions>
								<condition number="0" type="jump" coverage="50%"/>
							</conditions>
						</line>
						<line number="309" hits="1" branch="false"/>
						<line number="310" hits="1" branch="false"/>
						<line number="311" hits="1" branch="false"/>
						<line number="312" hits="1" branch="false"/>
						<line number="315" hits="1" branch="false"/>
						<line number="316" hits="1" branch="false"/>
						<line number="319" hits="2" branch="false"/>
						<line number="321" hits="2" branch="true" condition-coverage="50% (1/2)">
							<conditions>
								<condition number="0" type="jump" coverage="50%"/>
							</conditions>
						</line>
						<line number="322" hits="2" branch="false"/>
						<line number="323" hits="2" branch="false"/>
						<line number="324" hits="1" branch="false"/>
						<line number="326" hits="1" branch="false"/>
						<line number="327" hits="1" branch="false"/>
						<line number="330" hits="4" branch="false"/>
						<line number="331" hits="4" branch="false"/>
						<line number="332" hits="4" branch="false"/>
						<line number="333" hits="4" branch="false"/>
						<line number="334" hits="4" branch="false"/>
						<line number="335" hits="5" branch="true" condition-coverage="100% (2/2)">
							<conditions>
								<condition number="0" type="jump" coverage="100%"/>
							</conditions>
						</line>
						<line number="336" hits="1" branch="false"/>
						<line number="337" hits="1" branch="false"/>
						<line number="339" hits="5" branch="true" condition-coverage="100% (2/2)">
							<conditions>
								<condition number="0" type="jump" coverage="100%"/>
							</conditions>
						</line>
						<line number="340" hits="1" branch="false"/>
						<line number="341" hits="1" branch="false"/>
						<line number="343" hits="5" branch="true" condition-coverage="100% (2/2)">
							<conditions>
								<condition number="0" type="jump" coverage="100%"/>
							</conditions>
						</line>
						<line number="344" hits="1" branch="false"/>
						<line number="345" hits="1" branch="false"/>
						<line number="347" hits="5" branch="true" condition-coverage="100% (2/2)">
							<conditions>
								<condition number="0" type="jump" coverage="100%"/>
							</conditions>
						</line>
						<line number="348" hits="1" branch="true" condition-coverage="50% (1/2)">
							<conditions>
								<condition number="0" type="jump" coverage="50%"/>
							</conditions>
						</line>
						<line number="349" hits="1" branch="false"/>
						<line number="351" hits="5" branch="true" condition-coverage="100% (2/2)">
							<conditions>
								<condition number="0" type="jump" coverage="100%"/>
							</conditions>
						</line>
						<line number="352" hits="1" branch="true" condition-coverage="50% (1/2)">
							<conditions>
								<condition number="0" type="jump" coverage="50%"/>
							</conditions>
						</line>
						<line number="353" hits="1" branch="false"/>
						<line number="355" hits="5" branch="true" condition-coverage="100% (2/2)">
							<conditions>
								<condition number="0" type="jump" coverage="100%"/>
							</conditions>
						</line>
						<line number="356" hits="1" branch="true" condition-coverage="50% (1/2)">
							<conditions>
								<condition number="0" type="jump" coverage="50%"/>
							</conditions>
						</line>
						<line number="357" hits="1" branch="false"/>
						<line number="359" hits="4" branch="false"/>
						<line number="360" hits="4" branch="false"/>
						<line number="361" hits="4" branch="false"/>
						<line number="365" hits="2" branch="false"/>
						<line number="366" hits="2" branch="false"/>
						<line number="367" hits="2" branch="false"/>
						<line number="369" hits="3" branch="true" condition-coverage="100% (2/2)">
							<conditions>
								<condition number="0" type="jump" coverage="100%"/>
							</conditions>
						</line>
						<line number="370" hits="2" branch="false"/>
						<line number="371" hits="1" branch="true" condition-coverage="50% (1/2)">
							<conditions>
								<condition number="0" type="jump" coverage="50%"/>
							</conditions>
						</line>
						<line number="372" hits="0" branch="false"/>
						<line number="374" hits="1" branch="false"/>
						<line number="375" hits="1" branch="false"/>
						<line number="376" hits="1" branch="true" condition-coverage="50% (1/2)">
							<conditions>
								<condition number="0" type="jump" coverage="50%"/>
							</conditions>
						</line>
						<line number="377" hits="0" branch="false"/>
						<line number="378" hits="1" branch="false"/>
						<line number="379" hits="1" branch="false"/>
						<line number="380" hits="1" branch="false"/>
						<line number="381" hits="1" branch="false"/>
						<line number="384" hits="1" branch="false"/>
						<line number="387" hits="2" branch="false"/>
						<line number="388" hits="2" branch="false"/>
						<line number="389" hits="2" branch="true" condition-coverage="50% (1/2)">
							<conditions>
								<condition number="0" type="jump" coverage="50%"/>
							</conditions>
						</line>
						<line number="390" hits="1" branch="false"/>
						<line number="391" hits="2" branch="true" condition-coverage="100% (2/2)">
							<conditions>
								<condition number="0" type="jump" coverage="100%"/>
							</conditions>
						</line>
						<line number="392" hits="1" branch="false"/>
						<line number="393" hits="1" branch="true" condition-coverage="50% (1/2)">
							<conditions>
								<condition number="0" type="jump" coverage="50%"/>
							</conditions>
						</line>
						<line number="394" hits="0" branch="false"/>
						<line number="396" hits="1" branch="false"/>
						<line number="397" hits="1" branch="false"/>
						<line number="399" hits="1" branch="false"/>
						<line number="400" hits="1" branch="false"/>
						<line number="401" hits="1" branch="false"/>
						<line number="402" hits="31" branch="true" condition-coverage="100% (2/2)">
							<conditions>
								<condition number="0" type="jump" coverage="100%"/>
							</conditions>
						</line>
						<line number="403" hits="30" branch="false"/>
						<line number="404" hits="1" branch="false"/>
						<line number="406" hits="1" branch="false"/>
						<line number="411" hits="1" branch="true" condition-coverage="50% (1/2)">
							<conditions>
								<condition number="0" type="jump" coverage="50%"/>
							</conditions>
						</line>
						<line number="412" hits="1" branch="false"/>
						<line number="414" hits="0" branch="false"/>
						<line number="415" hits="1" branch="false"/>
						<line number="417" hits="1" branch="true" condition-coverage="50% (1/2)">
							<conditions>
								<condition number="0" type="jump" coverage="50%"/>
							</conditions>
						</line>
						<line number="418" hits="1" branch="true" condition-coverage="50% (1/2)">
							<conditions>
								<condition number="0" type="jump" coverage="50%"/>
							</conditions>
						</line>
						<line number="419" hits="1" branch="false"/>
						<line number="420" hits="1" branch="false"/>
						<line number="421" hits="1" branch="false"/>
						<line number="424" hits="0" branch="false"/>
						<line number="425" hits="0" branch="false"/>
						<line number="429" hits="3" branch="true" condition-coverage="100% (2/2)">
							<conditions>
								<condition number="0" type="jump" coverage="100%"/>
							</conditions>
						</line>
						<line number="430" hits="2" branch="false"/>
						<line number="432" hits="1" branch="false"/>
						<line number="434" hits="3" branch="false"/>
						<line number="435" hits="3" branch="false"/>
						<line number="436" hits="3" branch="true" condition-coverage="100% (2/2)">
							<conditions>
								<condition number="0" type="jump" coverage="100%"/>
							</conditions>
						</line>
						<line number="437" hits="2" branch="false"/>
						<line number="438" hits="7" branch="true" condition-coverage="100% (2/2)">
							<conditions>
								<condition number="0" type="jump" coverage="100%"/>
							</conditions>
						</line>
						<line number="439" hits="6" branch="false"/>
						<line number="440" hits="1" branch="true" condition-coverage="50% (1/2)">
							<conditions>
								<condition number="0" type="jump" coverage="50%"/>
							</conditions>
						</line>
						<line number="441" hits="0" branch="false"/>
						<line number="442" hits="1" branch="false"/>
						<line number="443" hits="1" branch="false"/>
						<line number="445" hits="1" branch="false"/>
						<line number="448" hits="14" branch="true" condition-coverage="100% (2/2)">
							<conditions>
								<condition number="0" type="jump" coverage="100%"/>
							</conditions>
						</line>
						<line number="449" hits="5" branch="false"/>
						<line number="450" hits="13" branch="true" condition-coverage="100% (2/2)">
							<conditions>
								<condition number="0" type="jump" coverage="100%"/>
							</conditions>
						</line>
						<line number="451" hits="4" branch="false"/>
						<line number="452" hits="9" branch="false"/>
						<line number="453" hits="9" branch="false"/>
						<line number="456" hits="3" branch="false"/>
						<line number="457" hits="3" branch="false"/>
						<line number="458" hits="10" branch="true" condition-coverage="100% (2/2)">
							<conditions>
								<condition number="0" type="jump" coverage="100%"/>
							</conditions>
						</line>
						<line number="459" hits="8" branch="true" condition-coverage="75% (3/4)">
							<conditions>
								<condition number="0" type="jump" coverage="50%"/>
								<condition number="1" type="jump" coverage="100%"/>
							</conditions>
						</line>
						<line number="460" hits="1" branch="false"/>
						<line number="461" hits="1" branch="false"/>
						<line number="462" hits="1" branch="true" condition-coverage="50% (1/2)">
							<conditions>
								<condition number="0" type="jump" coverage="50%"/>
							</conditions>
						</line>
						<line number="463" hits="1" branch="false"/>
						<line number="464" hits="1" branch="false"/>
						<line number="466" hits="1" branch="false"/>
						<line number="467" hits="1" branch="false"/>
						<line number="470" hits="2" branch="false"/>
						<line number="471" hits="2" branch="true" condition-coverage="50% (1/2)">
							<conditions>
								<condition number="0" type="jump" coverage="50%"/>
							</conditions>
						</line>
						<line number="472" hits="1" branch="false"/>
						<line number="473" hits="1" branch="false"/>
						<line number="474" hits="1" branch="false"/>
						<line number="479" hits="3" branch="false"/>
						<line number="480" hits="3" branch="false"/>
						<line number="481" hits="3" branch="false"/>
						<line number="482" hits="3" branch="false"/>
						<line number="483" hits="3" branch="false"/>
						<line number="486" hits="12" branch="true" condition-coverage="50% (1/2)">
							<conditions>
								<condition number="0" type="jump" coverage="50%"/>
							</conditions>
						</line>
						<line number="487" hits="12" branch="true" condition-coverage="100% (2/2)">
							<conditions>
								<condition number="0" type="jump" coverage="100%"/>
							</conditions>
						</line>
						<line number="488" hits="6" branch="false"/>
						<line number="489" hits="6" branch="false"/>
						<line number="490" hits="6" branch="false"/>
						<line number="492" hits="12" branch="true" condition-coverage="100% (2/2)">
							<conditions>
								<condition number="0" type="jump" coverage="100%"/>
							</conditions>
						</line>
						<line number="493" hits="3" branch="false"/>
						<line number="494" hits="9" branch="false"/>
						<line number="496" hits="3" branch="false"/>
						<line number="497" hits="90" branch="true" condition-coverage="100% (2/2)">
							<conditions>
								<condition number="0" type="jump" coverage="100%"/>
							</conditions>
						</line>
						<line number="498" hits="88" branch="true" condition-coverage="50% (1/2)">
							<conditions>
								<condition number="0" type="jump" coverage="50%"/>
							</conditions>
						</line>
						<line number="499" hits="88" branch="true" condition-coverage="100% (2/2)">
							<conditions>
								<condition number="0" type="jump" coverage="100%"/>
							</conditions>
						</line>
						<line number="500" hits="1" branch="true" condition-coverage="50% (1/2)">
							<conditions>
								<condition number="0" type="jump" coverage="50%"/>
							</conditions>
						</line>
						<line number="501" hits="1" branch="false"/>
						<line number="502" hits="1" branch="false"/>
						<line number="503" hits="1" branch="false"/>
						<line number="504" hits="1" branch="false"/>
						<line number="506" hits="0" branch="false"/>
						<line number="507" hits="0" branch="false"/>
						<line number="508" hits="0" branch="false"/>
						<line number="509" hits="0" branch="false"/>
						<line number="512" hits="87" branch="false"/>
						<line number="515" hits="2" branch="false"/>
						<line number="516" hits="34" branch="true" condition-coverage="100% (2/2)">
							<conditions>
								<condition number="0" type="jump" coverage="100%"/>
							</conditions>
						</line>
						<line number="517" hits="33" branch="true" condition-coverage="50% (1/2)">
							<conditions>
								<condition number="0" type="jump" coverage="50%"/>
							</conditions>
						</line>
						<line number="518" hits="33" branch="true" condition-coverage="100% (2/2)">
							<conditions>
								<condition number="0" type="jump" coverage="100%"/>
							</conditions>
						</line>
						<line number="519" hits="1" branch="true" condition-coverage="50% (1/2)">
							<conditions>
								<condition number="0" type="jump" coverage="50%"/>
							</conditions>
						</line>
						<line number="520" hits="1" branch="false"/>
						<line number="521" hits="1" branch="false"/>
						<line number="522" hits="1" branch="false"/>
						<line number="523" hits="1" branch="false"/>
						<line number="525" hits="0" branch="false"/>
						<line number="526" hits="0" branch="false"/>
						<line number="527" hits="0" branch="false"/>
						<line number="528" hits="0" branch="false"/>
						<line number="531" hits="32" branch="false"/>
						<line number="533" hits="1" branch="false"/>
						<line number="534" hits="1" branch="false"/>
						<line number="535" hits="2" branch="true" condition-coverage="50% (1/2)">
							<conditions>
								<condition number="0" type="jump" coverage="50%"/>
							</conditions>
						</line>
						<line number="536" hits="2" branch="true" condition-coverage="50% (1/2)">
							<conditions>
								<condition number="0" type="jump" coverage="50%"/>
							</conditions>
						</line>
						<line number="537" hits="2" branch="false"/>
						<line number="538" hits="2" branch="false"/>
						<line number="539" hits="2" branch="true" condition-coverage="75% (3/4)">
							<conditions>
								<condition number="0" type="jump" coverage="100%"/>
								<condition number="1" type="jump" coverage="50%"/>
							</conditions>
						</line>
						<line number="540" hits="1" branch="true" condition-coverage="50% (1/2)">
							<conditions>
								<condition number="0" type="jump" coverage="50%"/>
							</conditions>
						</line>
						<line number="541" hits="1" branch="false"/>
						<line number="542" hits="1" branch="false"/>
						<line number="543" hits="1" branch="false"/>
						<line number="545" hits="0" branch="false"/>
						<line number="546" hits="0" branch="false"/>
						<line number="547" hits="0" branch="false"/>
						<line number="549" hits="1" branch="false"/>
						<line number="550" hits="1" branch="false"/>
						<line number="553" hits="1" branch="false"/>
						<line number="556" hits="7" branch="false"/>
						<line number="557" hits="7" branch="false"/>
						<line number="558" hits="7" branch="false"/>
						<line number="559" hits="20" branch="true" condition-coverage="100% (2/2)">
							<conditions>
								<condition number="0" type="jump" coverage="100%"/>
							</conditions>
						</line>
						<line number="560" hits="19" branch="false"/>
						<line number="561" hits="19" branch="true" condition-coverage="100% (2/2)">
							<conditions>
								<condition number="0" type="jump" coverage="100%"/>
							</conditions>
						</line>
						<line number="562" hits="12" branch="false"/>
						<line number="563" hits="12" branch="false"/>
						<line number="564" hits="12" branch="false"/>
						<line number="567" hits="7" branch="false"/>
						<line number="568" hits="7" branch="false"/>
						<line number="570" hits="19" branch="true" condition-coverage="100% (2/2)">
							<conditions>
								<condition number="0" type="jump" coverage="100%"/>
							</conditions>
						</line>
						<line number="571" hits="6" branch="false"/>
						<line number="573" hits="7" branch="false"/>
						<line number="575" hits="7" branch="false"/>
						<line number="581" hits="154" branch="false"/>
						<line number="587" hits="524" branch="true" condition-coverage="100% (2/2)">
							<conditions>
								<condition number="0" type="jump" coverage="100%"/>
							</conditions>
						</line>
						<line number="589" hits="451" branch="true" condition-coverage="100% (2/2)">
							<conditions>
								<condition number="0" type="jump" coverage="100%"/>
							</conditions>
						</line>
						<line number="590" hits="8" branch="false"/>
						<line number="592" hits="72" branch="false"/>
						<line number="598" hits="29" branch="false"/>
						<line number="599" hits="28" branch="false"/>
						<line number="604" hits="10" branch="false"/>
					</lines>
				</class>
				<class name="dominion.RandNumbers" filename="dominion/RandNumbers.java" line-rate="1.0" branch-rate="1.0" complexity="1.0">
					<methods>
						<method name="&lt;init&gt;" signature="()V" line-rate="1.0" branch-rate="1.0">
							<lines>
								<line number="4" hits="8" branch="false"/>
							</lines>
						</method>
						<method name="getRand" signature="(I)I" line-rate="1.0" branch-rate="1.0">
							<lines>
								<line number="6" hits="94" branch="false"/>
								<line number="7" hits="94" branch="false"/>
							</lines>
						</method>
					</methods>
					<lines>
						<line number="4" hits="8" branch="false"/>
						<line number="6" hits="94" branch="false"/>
						<line number="7" hits="94" branch="false"/>
					</lines>
				</class>
			</classes>
		</package>
	</packages>
</coverage>
