-------------------------------------------------------------------------------
Test set: dominion.PlayDominion_ESTest
-------------------------------------------------------------------------------
Tests run: 2, Failures: 0, Errors: 1, Skipped: 0, Time elapsed: 0.046 sec <<< FAILURE! - in dominion.PlayDominion_ESTest
test1(dominion.PlayDominion_ESTest)  Time elapsed: 0.037 sec  <<< ERROR!
java.lang.SecurityException: Security manager blocks ("java.lang.RuntimePermission" "exitVM.0")
java.lang.Thread.getStackTrace(Thread.java:1556)
org.evosuite.runtime.sandbox.MSecurityManager.checkPermission(MSecurityManager.java:439)
java.lang.SecurityManager.checkExit(SecurityManager.java:761)
java.lang.Runtime.exit(Runtime.java:107)
java.lang.System.exit(System.java:971)
dominion.PlayDominion.main(PlayDominion.java:45)
dominion.PlayDominion_ESTest.test1(PlayDominion_ESTest.java:30)
sun.reflect.NativeMethodAccessorImpl.invoke0(Native Method)
sun.reflect.NativeMethodAccessorImpl.invoke(NativeMethodAccessorImpl.java:62)
sun.reflect.DelegatingMethodAccessorImpl.invoke(DelegatingMethodAccessorImpl.java:43)
java.lang.reflect.Method.invoke(Method.java:498)
org.junit.runners.model.FrameworkMethod$1.runReflectiveCall(FrameworkMethod.java:50)
org.junit.internal.runners.model.ReflectiveCallable.run(ReflectiveCallable.java:12)
org.junit.runners.model.FrameworkMethod.invokeExplosively(FrameworkMethod.java:47)
org.junit.internal.runners.statements.InvokeMethod.evaluate(InvokeMethod.java:17)
org.junit.internal.runners.statements.RunBefores.evaluate(RunBefores.java:26)
org.junit.internal.runners.statements.RunAfters.evaluate(RunAfters.java:27)
org.junit.internal.runners.statements.FailOnTimeout$CallableStatement.call(FailOnTimeout.java:298)
org.junit.internal.runners.statements.FailOnTimeout$CallableStatement.call(FailOnTimeout.java:292)
java.util.concurrent.FutureTask.run(FutureTask.java:266)
java.lang.Thread.run(Thread.java:745)

	at org.evosuite.runtime.sandbox.MSecurityManager.checkPermission(MSecurityManager.java:444)
	at java.lang.SecurityManager.checkExit(SecurityManager.java:761)
	at java.lang.Runtime.exit(Runtime.java:107)
	at java.lang.System.exit(System.java:971)
	at dominion.PlayDominion.main(PlayDominion.java:45)
	at dominion.PlayDominion_ESTest.test1(PlayDominion_ESTest.java:30)

