<?xml version="1.0" encoding="UTF-8"?>
<testsuite name="dominion.Randomness_ESTest" time="0.021" tests="10" errors="3" skipped="0" failures="1">
  <properties>
[...]
</properties>
  <testcase name="test2" classname="dominion.Randomness_ESTest" time="0.003">
    <failure message="expected:&lt;1&gt; but was:&lt;0&gt;" type="java.lang.AssertionError"><![CDATA[java.lang.AssertionError: expected:<1> but was:<0>
	at org.junit.Assert.fail(Assert.java:88)
	at org.junit.Assert.failNotEquals(Assert.java:834)
	at org.junit.Assert.assertEquals(Assert.java:645)
	at org.junit.Assert.assertEquals(Assert.java:631)
	at dominion.Randomness_ESTest.test2(Randomness_ESTest.java:40)
]]></failure>
  </testcase>
  <testcase name="test3" classname="dominion.Randomness_ESTest" time="0.002">
    <error message="Security manager blocks (&quot;java.lang.RuntimePermission&quot; &quot;exitVM.0&quot;)&#10;java.lang.Thread.getStackTrace(Thread.java:1556)&#10;org.evosuite.runtime.sandbox.MSecurityManager.checkPermission(MSecurityManager.java:439)&#10;java.lang.SecurityManager.checkExit(SecurityManager.java:761)&#10;java.lang.Runtime.exit(Runtime.java:107)&#10;java.lang.System.exit(System.java:971)&#10;dominion.Randomness.main(Randomness.java:49)&#10;dominion.Randomness_ESTest.test3(Randomness_ESTest.java:49)&#10;sun.reflect.NativeMethodAccessorImpl.invoke0(Native Method)&#10;sun.reflect.NativeMethodAccessorImpl.invoke(NativeMethodAccessorImpl.java:62)&#10;sun.reflect.DelegatingMethodAccessorImpl.invoke(DelegatingMethodAccessorImpl.java:43)&#10;java.lang.reflect.Method.invoke(Method.java:498)&#10;org.junit.runners.model.FrameworkMethod$1.runReflectiveCall(FrameworkMethod.java:50)&#10;org.junit.internal.runners.model.ReflectiveCallable.run(ReflectiveCallable.java:12)&#10;org.junit.runners.model.FrameworkMethod.invokeExplosively(FrameworkMethod.java:47)&#10;org.junit.internal.runners.statements.InvokeMethod.evaluate(InvokeMethod.java:17)&#10;org.junit.internal.runners.statements.RunBefores.evaluate(RunBefores.java:26)&#10;org.junit.internal.runners.statements.RunAfters.evaluate(RunAfters.java:27)&#10;org.junit.internal.runners.statements.FailOnTimeout$CallableStatement.call(FailOnTimeout.java:298)&#10;org.junit.internal.runners.statements.FailOnTimeout$CallableStatement.call(FailOnTimeout.java:292)&#10;java.util.concurrent.FutureTask.run(FutureTask.java:266)&#10;java.lang.Thread.run(Thread.java:745)&#10;" type="java.lang.SecurityException">java.lang.SecurityException: Security manager blocks ("java.lang.RuntimePermission" "exitVM.0")
java.lang.Thread.getStackTrace(Thread.java:1556)
org.evosuite.runtime.sandbox.MSecurityManager.checkPermission(MSecurityManager.java:439)
java.lang.SecurityManager.checkExit(SecurityManager.java:761)
java.lang.Runtime.exit(Runtime.java:107)
java.lang.System.exit(System.java:971)
dominion.Randomness.main(Randomness.java:49)
dominion.Randomness_ESTest.test3(Randomness_ESTest.java:49)
sun.reflect.NativeMethodAccessorImpl.invoke0(Native Method)
sun.reflect.NativeMethodAccessorImpl.invoke(NativeMethodAccessorImpl.java:62)
sun.reflect.DelegatingMethodAccessorImpl.invoke(DelegatingMethodAccessorImpl.java:43)
java.lang.reflect.Method.invoke(Method.java:498)
org.junit.runners.model.FrameworkMethod$1.runReflectiveCall(FrameworkMethod.java:50)
org.junit.internal.runners.model.ReflectiveCallable.run(ReflectiveCallable.java:12)
org.junit.runners.model.FrameworkMethod.invokeExplosively(FrameworkMethod.java:47)
org.junit.internal.runners.statements.InvokeMethod.evaluate(InvokeMethod.java:17)
org.junit.internal.runners.statements.RunBefores.evaluate(RunBefores.java:26)
org.junit.internal.runners.statements.RunAfters.evaluate(RunAfters.java:27)
org.junit.internal.runners.statements.FailOnTimeout$CallableStatement.call(FailOnTimeout.java:298)
org.junit.internal.runners.statements.FailOnTimeout$CallableStatement.call(FailOnTimeout.java:292)
java.util.concurrent.FutureTask.run(FutureTask.java:266)
java.lang.Thread.run(Thread.java:745)

	at org.evosuite.runtime.sandbox.MSecurityManager.checkPermission(MSecurityManager.java:444)
	at java.lang.SecurityManager.checkExit(SecurityManager.java:761)
	at java.lang.Runtime.exit(Runtime.java:107)
	at java.lang.System.exit(System.java:971)
	at dominion.Randomness.main(Randomness.java:49)
	at dominion.Randomness_ESTest.test3(Randomness_ESTest.java:49)
</error>
    <system-out><![CDATA[value=: 3
value=: 0
value=: 3
value=: 0
value=: 6
value=: 6
value=: 7
value=: 8
value=: 1
value=: 4
]]></system-out>
  </testcase>
  <testcase name="test4" classname="dominion.Randomness_ESTest" time="0.002"/>
  <testcase name="test5" classname="dominion.Randomness_ESTest" time="0.001"/>
  <testcase name="test6" classname="dominion.Randomness_ESTest" time="0.002">
    <error type="java.lang.NullPointerException:">java.lang.NullPointerException: null
	at dominion.Randomness.nextRandomInt(Randomness.java:34)
	at dominion.Randomness_ESTest.test6(Randomness_ESTest.java:96)
</error>
  </testcase>
  <testcase name="test7" classname="dominion.Randomness_ESTest" time="0.002"/>
  <testcase name="test8" classname="dominion.Randomness_ESTest" time="0.002">
    <error type="java.lang.NullPointerException:">java.lang.NullPointerException: null
	at dominion.Randomness.nextRandomInt(Randomness.java:34)
	at dominion.Randomness.randomMember(Randomness.java:39)
	at dominion.Randomness_ESTest.test8(Randomness_ESTest.java:125)
</error>
  </testcase>
  <testcase name="test9" classname="dominion.Randomness_ESTest" time="0.002"/>
  <testcase name="test0" classname="dominion.Randomness_ESTest" time="0.003"/>
  <testcase name="test1" classname="dominion.Randomness_ESTest" time="0.002"/>
</testsuite>